[0.033s] Invoking command in '/home/terry/robot_ws/src/build/ydlidar_ros2_driver': CMAKE_PREFIX_PATH=${CMAKE_PREFIX_PATH}:/home/terry/robot_ws/install/serial_motor_demo:/opt/ros/jazzy DEBUGINFOD_URLS=https://debuginfod.ubuntu.com /usr/bin/cmake /home/terry/robot_ws/src/ydlidar_ros2_driver -DAMENT_CMAKE_SYMLINK_INSTALL=1 -DCMAKE_INSTALL_PREFIX=/home/terry/robot_ws/src/install/ydlidar_ros2_driver
[0.071s] -- Found ament_cmake: 2.5.4 (/opt/ros/jazzy/share/ament_cmake/cmake)
[0.758s] -- Override CMake install command with custom implementation using symlinks instead of copying resources
[0.803s] -- Found rclcpp: 28.1.9 (/opt/ros/jazzy/share/rclcpp/cmake)
[0.950s] -- Found rosidl_generator_c: 4.6.5 (/opt/ros/jazzy/share/rosidl_generator_c/cmake)
[0.987s] -- Found rosidl_generator_cpp: 4.6.5 (/opt/ros/jazzy/share/rosidl_generator_cpp/cmake)
[1.053s] -- Using all available rosidl_typesupport_c: rosidl_typesupport_fastrtps_c;rosidl_typesupport_introspection_c
[1.079s] -- Using all available rosidl_typesupport_cpp: rosidl_typesupport_fastrtps_cpp;rosidl_typesupport_introspection_cpp
[1.185s] -- Found rmw_implementation_cmake: 7.3.2 (/opt/ros/jazzy/share/rmw_implementation_cmake/cmake)
[1.188s] -- Found rmw_fastrtps_cpp: 8.4.2 (/opt/ros/jazzy/share/rmw_fastrtps_cpp/cmake)
[1.309s] -- Using RMW implementation 'rmw_fastrtps_cpp' as default
[1.397s] -- Found sensor_msgs: 5.3.6 (/opt/ros/jazzy/share/sensor_msgs/cmake)
[1.489s] -- Found visualization_msgs: 5.3.6 (/opt/ros/jazzy/share/visualization_msgs/cmake)
[1.513s] -- Found std_srvs: 5.3.6 (/opt/ros/jazzy/share/std_srvs/cmake)
[1.548s] -- Found ament_lint_auto: 0.17.2 (/opt/ros/jazzy/share/ament_lint_auto/cmake)
[1.777s] -- Added test 'copyright' to check source files copyright and LICENSE
[1.783s] -- Added test 'cppcheck' to perform static code analysis on C / C++ code
[1.785s] -- Configured cppcheck include dirs: /home/terry/robot_ws/src/ydlidar_ros2_driver/src
[1.785s] -- Configured cppcheck exclude dirs and/or files: 
[1.790s] -- Added test 'cpplint' to check C / C++ code against the Google style
[1.790s] -- Configured cpplint exclude dirs and/or files: 
[1.792s] -- Added test 'flake8' to check Python code syntax and style conventions
[1.793s] -- Configured 'flake8' exclude dirs and/or files: 
[1.795s] -- Added test 'lint_cmake' to check CMake code style
[1.796s] -- Added test 'pep257' to check Python code against some of the docstring style conventions in PEP 257
[1.802s] -- Added test 'uncrustify' to check C / C++ code style
[1.802s] -- Configured uncrustify additional arguments: 
[1.803s] -- Added test 'xmllint' to check XML markup files
[1.807s] -- Configuring done (1.7s)
[1.845s] -- Generating done (0.0s)
[1.854s] -- Build files have been written to: /home/terry/robot_ws/src/build/ydlidar_ros2_driver
[1.872s] Invoked command in '/home/terry/robot_ws/src/build/ydlidar_ros2_driver' returned '0': CMAKE_PREFIX_PATH=${CMAKE_PREFIX_PATH}:/home/terry/robot_ws/install/serial_motor_demo:/opt/ros/jazzy DEBUGINFOD_URLS=https://debuginfod.ubuntu.com /usr/bin/cmake /home/terry/robot_ws/src/ydlidar_ros2_driver -DAMENT_CMAKE_SYMLINK_INSTALL=1 -DCMAKE_INSTALL_PREFIX=/home/terry/robot_ws/src/install/ydlidar_ros2_driver
[1.874s] Invoking command in '/home/terry/robot_ws/src/build/ydlidar_ros2_driver': CMAKE_PREFIX_PATH=${CMAKE_PREFIX_PATH}:/home/terry/robot_ws/install/serial_motor_demo:/opt/ros/jazzy DEBUGINFOD_URLS=https://debuginfod.ubuntu.com /usr/bin/cmake --build /home/terry/robot_ws/src/build/ydlidar_ros2_driver -- -j4 -l4
[1.972s] [ 50%] [32mBuilding CXX object CMakeFiles/ydlidar_ros2_driver_node.dir/src/ydlidar_ros2_driver_node.cpp.o[0m
[1.973s] [ 50%] [32mBuilding CXX object CMakeFiles/ydlidar_ros2_driver_client.dir/src/ydlidar_ros2_driver_client.cpp.o[0m
[6.352s] [01m[K/home/terry/robot_ws/src/ydlidar_ros2_driver/src/ydlidar_ros2_driver_node.cpp:[m[K In function â€˜[01m[Kint[01;32m[K main[m[K(int, char**)[m[Kâ€™:
[6.352s] [01m[K/home/terry/robot_ws/src/ydlidar_ros2_driver/src/ydlidar_ros2_driver_node.cpp:44:26:[m[K [01;31m[Kerror: [m[Kno matching function for call to â€˜[01m[Krclcpp::Node::declare_parameter(const char [5])[m[Kâ€™
[6.353s]    44 |   [01;31m[Knode->declare_parameter("port")[m[K;
[6.353s]       |   [01;31m[K~~~~~~~~~~~~~~~~~~~~~~~^~~~~~~~[m[K
[6.353s] In file included from [01m[K/opt/ros/jazzy/include/rclcpp/rclcpp/executors/single_threaded_executor.hpp:28[m[K,
[6.354s]                  from [01m[K/opt/ros/jazzy/include/rclcpp/rclcpp/executors.hpp:22[m[K,
[6.354s]                  from [01m[K/opt/ros/jazzy/include/rclcpp/rclcpp/rclcpp.hpp:172[m[K,
[6.354s]                  from [01m[K/home/terry/robot_ws/src/ydlidar_ros2_driver/src/ydlidar_ros2_driver_node.cpp:23[m[K:
[6.354s] [01m[K/opt/ros/jazzy/include/rclcpp/rclcpp/node.hpp:500:3:[m[K [01;36m[Knote: [m[Kcandidate: â€˜[01m[Ktemplate<class ParameterT> auto rclcpp::Node::[01;32m[Kdeclare_parameter[m[K(const std::string&, const ParameterT&, const rcl_interfaces::msg::ParameterDescriptor&, bool)[m[Kâ€™
[6.355s]   500 |   [01;36m[Kdeclare_parameter[m[K(
[6.355s]       |   [01;36m[K^~~~~~~~~~~~~~~~~[m[K
[6.356s] [01m[K/opt/ros/jazzy/include/rclcpp/rclcpp/node.hpp:500:3:[m[K [01;36m[Knote: [m[K  template argument deduction/substitution failed:
[6.356s] [01m[K/home/terry/robot_ws/src/ydlidar_ros2_driver/src/ydlidar_ros2_driver_node.cpp:44:26:[m[K [01;36m[Knote: [m[K  candidate expects 4 arguments, 1 provided
[6.356s]    44 |   [01;36m[Knode->declare_parameter("port")[m[K;
[6.356s]       |   [01;36m[K~~~~~~~~~~~~~~~~~~~~~~~^~~~~~~~[m[K
[6.356s] [01m[K/opt/ros/jazzy/include/rclcpp/rclcpp/node.hpp:513:3:[m[K [01;36m[Knote: [m[Kcandidate: â€˜[01m[Ktemplate<class ParameterT> auto rclcpp::Node::[01;32m[Kdeclare_parameter[m[K(const std::string&, const rcl_interfaces::msg::ParameterDescriptor&, bool)[m[Kâ€™
[6.356s]   513 |   [01;36m[Kdeclare_parameter[m[K(
[6.356s]       |   [01;36m[K^~~~~~~~~~~~~~~~~[m[K
[6.357s] [01m[K/opt/ros/jazzy/include/rclcpp/rclcpp/node.hpp:513:3:[m[K [01;36m[Knote: [m[K  template argument deduction/substitution failed:
[6.357s] [01m[K/home/terry/robot_ws/src/ydlidar_ros2_driver/src/ydlidar_ros2_driver_node.cpp:44:26:[m[K [01;36m[Knote: [m[K  couldnâ€™t deduce template parameter â€˜[01m[KParameterT[m[Kâ€™
[6.358s]    44 |   [01;36m[Knode->declare_parameter("port")[m[K;
[6.358s]       |   [01;36m[K~~~~~~~~~~~~~~~~~~~~~~~^~~~~~~~[m[K
[6.358s] [01m[K/opt/ros/jazzy/include/rclcpp/rclcpp/node.hpp:445:3:[m[K [01;36m[Knote: [m[Kcandidate: â€˜[01m[Kconst rclcpp::ParameterValue& rclcpp::Node::[01;32m[Kdeclare_parameter[m[K(const std::string&, const rclcpp::ParameterValue&, const rcl_interfaces::msg::ParameterDescriptor&, bool)[m[Kâ€™
[6.359s]   445 |   [01;36m[Kdeclare_parameter[m[K(
[6.359s]       |   [01;36m[K^~~~~~~~~~~~~~~~~[m[K
[6.359s] [01m[K/opt/ros/jazzy/include/rclcpp/rclcpp/node.hpp:445:3:[m[K [01;36m[Knote: [m[K  candidate expects 4 arguments, 1 provided
[6.360s] [01m[K/opt/ros/jazzy/include/rclcpp/rclcpp/node.hpp:470:3:[m[K [01;36m[Knote: [m[Kcandidate: â€˜[01m[Kconst rclcpp::ParameterValue& rclcpp::Node::[01;32m[Kdeclare_parameter[m[K(const std::string&, rclcpp::ParameterType, const rcl_interfaces::msg::ParameterDescriptor&, bool)[m[Kâ€™
[6.360s]   470 |   [01;36m[Kdeclare_parameter[m[K(
[6.361s]       |   [01;36m[K^~~~~~~~~~~~~~~~~[m[K
[6.361s] [01m[K/opt/ros/jazzy/include/rclcpp/rclcpp/node.hpp:470:3:[m[K [01;36m[Knote: [m[K  candidate expects 4 arguments, 1 provided
[6.361s] [01m[K/home/terry/robot_ws/src/ydlidar_ros2_driver/src/ydlidar_ros2_driver_node.cpp:51:26:[m[K [01;31m[Kerror: [m[Kno matching function for call to â€˜[01m[Krclcpp::Node::declare_parameter(const char [13])[m[Kâ€™
[6.361s]    51 |   [01;31m[Knode->declare_parameter("ignore_array")[m[K;
[6.361s]       |   [01;31m[K~~~~~~~~~~~~~~~~~~~~~~~^~~~~~~~~~~~~~~~[m[K
[6.361s] [01m[K/opt/ros/jazzy/include/rclcpp/rclcpp/node.hpp:500:3:[m[K [01;36m[Knote: [m[Kcandidate: â€˜[01m[Ktemplate<class ParameterT> auto rclcpp::Node::[01;32m[Kdeclare_parameter[m[K(const std::string&, const ParameterT&, const rcl_interfaces::msg::ParameterDescriptor&, bool)[m[Kâ€™
[6.361s]   500 |   [01;36m[Kdeclare_parameter[m[K(
[6.362s]       |   [01;36m[K^~~~~~~~~~~~~~~~~[m[K
[6.362s] [01m[K/opt/ros/jazzy/include/rclcpp/rclcpp/node.hpp:500:3:[m[K [01;36m[Knote: [m[K  template argument deduction/substitution failed:
[6.362s] [01m[K/home/terry/robot_ws/src/ydlidar_ros2_driver/src/ydlidar_ros2_driver_node.cpp:51:26:[m[K [01;36m[Knote: [m[K  candidate expects 4 arguments, 1 provided
[6.362s]    51 |   [01;36m[Knode->declare_parameter("ignore_array")[m[K;
[6.362s]       |   [01;36m[K~~~~~~~~~~~~~~~~~~~~~~~^~~~~~~~~~~~~~~~[m[K
[6.362s] [01m[K/opt/ros/jazzy/include/rclcpp/rclcpp/node.hpp:513:3:[m[K [01;36m[Knote: [m[Kcandidate: â€˜[01m[Ktemplate<class ParameterT> auto rclcpp::Node::[01;32m[Kdeclare_parameter[m[K(const std::string&, const rcl_interfaces::msg::ParameterDescriptor&, bool)[m[Kâ€™
[6.362s]   513 |   [01;36m[Kdeclare_parameter[m[K(
[6.362s]       |   [01;36m[K^~~~~~~~~~~~~~~~~[m[K
[6.362s] [01m[K/opt/ros/jazzy/include/rclcpp/rclcpp/node.hpp:513:3:[m[K [01;36m[Knote: [m[K  template argument deduction/substitution failed:
[6.362s] [01m[K/home/terry/robot_ws/src/ydlidar_ros2_driver/src/ydlidar_ros2_driver_node.cpp:51:26:[m[K [01;36m[Knote: [m[K  couldnâ€™t deduce template parameter â€˜[01m[KParameterT[m[Kâ€™
[6.362s]    51 |   [01;36m[Knode->declare_parameter("ignore_array")[m[K;
[6.363s]       |   [01;36m[K~~~~~~~~~~~~~~~~~~~~~~~^~~~~~~~~~~~~~~~[m[K
[6.363s] [01m[K/opt/ros/jazzy/include/rclcpp/rclcpp/node.hpp:445:3:[m[K [01;36m[Knote: [m[Kcandidate: â€˜[01m[Kconst rclcpp::ParameterValue& rclcpp::Node::[01;32m[Kdeclare_parameter[m[K(const std::string&, const rclcpp::ParameterValue&, const rcl_interfaces::msg::ParameterDescriptor&, bool)[m[Kâ€™
[6.363s]   445 |   [01;36m[Kdeclare_parameter[m[K(
[6.363s]       |   [01;36m[K^~~~~~~~~~~~~~~~~[m[K
[6.363s] [01m[K/opt/ros/jazzy/include/rclcpp/rclcpp/node.hpp:445:3:[m[K [01;36m[Knote: [m[K  candidate expects 4 arguments, 1 provided
[6.363s] [01m[K/opt/ros/jazzy/include/rclcpp/rclcpp/node.hpp:470:3:[m[K [01;36m[Knote: [m[Kcandidate: â€˜[01m[Kconst rclcpp::ParameterValue& rclcpp::Node::[01;32m[Kdeclare_parameter[m[K(const std::string&, rclcpp::ParameterType, const rcl_interfaces::msg::ParameterDescriptor&, bool)[m[Kâ€™
[6.363s]   470 |   [01;36m[Kdeclare_parameter[m[K(
[6.363s]       |   [01;36m[K^~~~~~~~~~~~~~~~~[m[K
[6.363s] [01m[K/opt/ros/jazzy/include/rclcpp/rclcpp/node.hpp:470:3:[m[K [01;36m[Knote: [m[K  candidate expects 4 arguments, 1 provided
[6.363s] [01m[K/home/terry/robot_ws/src/ydlidar_ros2_driver/src/ydlidar_ros2_driver_node.cpp:56:26:[m[K [01;31m[Kerror: [m[Kno matching function for call to â€˜[01m[Krclcpp::Node::declare_parameter(const char [9])[m[Kâ€™
[6.364s]    56 |   [01;31m[Knode->declare_parameter("frame_id")[m[K;
[6.364s]       |   [01;31m[K~~~~~~~~~~~~~~~~~~~~~~~^~~~~~~~~~~~[m[K
[6.364s] [01m[K/opt/ros/jazzy/include/rclcpp/rclcpp/node.hpp:500:3:[m[K [01;36m[Knote: [m[Kcandidate: â€˜[01m[Ktemplate<class ParameterT> auto rclcpp::Node::[01;32m[Kdeclare_parameter[m[K(const std::string&, const ParameterT&, const rcl_interfaces::msg::ParameterDescriptor&, bool)[m[Kâ€™
[6.364s]   500 |   [01;36m[Kdeclare_parameter[m[K(
[6.364s]       |   [01;36m[K^~~~~~~~~~~~~~~~~[m[K
[6.364s] [01m[K/opt/ros/jazzy/include/rclcpp/rclcpp/node.hpp:500:3:[m[K [01;36m[Knote: [m[K  template argument deduction/substitution failed:
[6.364s] [01m[K/home/terry/robot_ws/src/ydlidar_ros2_driver/src/ydlidar_ros2_driver_node.cpp:56:26:[m[K [01;36m[Knote: [m[K  candidate expects 4 arguments, 1 provided
[6.364s]    56 |   [01;36m[Knode->declare_parameter("frame_id")[m[K;
[6.364s]       |   [01;36m[K~~~~~~~~~~~~~~~~~~~~~~~^~~~~~~~~~~~[m[K
[6.365s] [01m[K/opt/ros/jazzy/include/rclcpp/rclcpp/node.hpp:513:3:[m[K [01;36m[Knote: [m[Kcandidate: â€˜[01m[Ktemplate<class ParameterT> auto rclcpp::Node::[01;32m[Kdeclare_parameter[m[K(const std::string&, const rcl_interfaces::msg::ParameterDescriptor&, bool)[m[Kâ€™
[6.365s]   513 |   [01;36m[Kdeclare_parameter[m[K(
[6.365s]       |   [01;36m[K^~~~~~~~~~~~~~~~~[m[K
[6.365s] [01m[K/opt/ros/jazzy/include/rclcpp/rclcpp/node.hpp:513:3:[m[K [01;36m[Knote: [m[K  template argument deduction/substitution failed:
[6.365s] [01m[K/home/terry/robot_ws/src/ydlidar_ros2_driver/src/ydlidar_ros2_driver_node.cpp:56:26:[m[K [01;36m[Knote: [m[K  couldnâ€™t deduce template parameter â€˜[01m[KParameterT[m[Kâ€™
[6.365s]    56 |   [01;36m[Knode->declare_parameter("frame_id")[m[K;
[6.365s]       |   [01;36m[K~~~~~~~~~~~~~~~~~~~~~~~^~~~~~~~~~~~[m[K
[6.365s] [01m[K/opt/ros/jazzy/include/rclcpp/rclcpp/node.hpp:445:3:[m[K [01;36m[Knote: [m[Kcandidate: â€˜[01m[Kconst rclcpp::ParameterValue& rclcpp::Node::[01;32m[Kdeclare_parameter[m[K(const std::string&, const rclcpp::ParameterValue&, const rcl_interfaces::msg::ParameterDescriptor&, bool)[m[Kâ€™
[6.365s]   445 |   [01;36m[Kdeclare_parameter[m[K(
[6.365s]       |   [01;36m[K^~~~~~~~~~~~~~~~~[m[K
[6.366s] [01m[K/opt/ros/jazzy/include/rclcpp/rclcpp/node.hpp:445:3:[m[K [01;36m[Knote: [m[K  candidate expects 4 arguments, 1 provided
[6.366s] [01m[K/opt/ros/jazzy/include/rclcpp/rclcpp/node.hpp:470:3:[m[K [01;36m[Knote: [m[Kcandidate: â€˜[01m[Kconst rclcpp::ParameterValue& rclcpp::Node::[01;32m[Kdeclare_parameter[m[K(const std::string&, rclcpp::ParameterType, const rcl_interfaces::msg::ParameterDescriptor&, bool)[m[Kâ€™
[6.366s]   470 |   [01;36m[Kdeclare_parameter[m[K(
[6.366s]       |   [01;36m[K^~~~~~~~~~~~~~~~~[m[K
[6.366s] [01m[K/opt/ros/jazzy/include/rclcpp/rclcpp/node.hpp:470:3:[m[K [01;36m[Knote: [m[K  candidate expects 4 arguments, 1 provided
[6.366s] [01m[K/home/terry/robot_ws/src/ydlidar_ros2_driver/src/ydlidar_ros2_driver_node.cpp:62:26:[m[K [01;31m[Kerror: [m[Kno matching function for call to â€˜[01m[Krclcpp::Node::declare_parameter(const char [9])[m[Kâ€™
[6.366s]    62 |   [01;31m[Knode->declare_parameter("baudrate")[m[K;
[6.366s]       |   [01;31m[K~~~~~~~~~~~~~~~~~~~~~~~^~~~~~~~~~~~[m[K
[6.366s] [01m[K/opt/ros/jazzy/include/rclcpp/rclcpp/node.hpp:500:3:[m[K [01;36m[Knote: [m[Kcandidate: â€˜[01m[Ktemplate<class ParameterT> auto rclcpp::Node::[01;32m[Kdeclare_parameter[m[K(const std::string&, const ParameterT&, const rcl_interfaces::msg::ParameterDescriptor&, bool)[m[Kâ€™
[6.366s]   500 |   [01;36m[Kdeclare_parameter[m[K(
[6.367s]       |   [01;36m[K^~~~~~~~~~~~~~~~~[m[K
[6.367s] [01m[K/opt/ros/jazzy/include/rclcpp/rclcpp/node.hpp:500:3:[m[K [01;36m[Knote: [m[K  template argument deduction/substitution failed:
[6.367s] [01m[K/home/terry/robot_ws/src/ydlidar_ros2_driver/src/ydlidar_ros2_driver_node.cpp:62:26:[m[K [01;36m[Knote: [m[K  candidate expects 4 arguments, 1 provided
[6.367s]    62 |   [01;36m[Knode->declare_parameter("baudrate")[m[K;
[6.367s]       |   [01;36m[K~~~~~~~~~~~~~~~~~~~~~~~^~~~~~~~~~~~[m[K
[6.367s] [01m[K/opt/ros/jazzy/include/rclcpp/rclcpp/node.hpp:513:3:[m[K [01;36m[Knote: [m[Kcandidate: â€˜[01m[Ktemplate<class ParameterT> auto rclcpp::Node::[01;32m[Kdeclare_parameter[m[K(const std::string&, const rcl_interfaces::msg::ParameterDescriptor&, bool)[m[Kâ€™
[6.367s]   513 |   [01;36m[Kdeclare_parameter[m[K(
[6.367s]       |   [01;36m[K^~~~~~~~~~~~~~~~~[m[K
[6.367s] [01m[K/opt/ros/jazzy/include/rclcpp/rclcpp/node.hpp:513:3:[m[K [01;36m[Knote: [m[K  template argument deduction/substitution failed:
[6.367s] [01m[K/home/terry/robot_ws/src/ydlidar_ros2_driver/src/ydlidar_ros2_driver_node.cpp:62:26:[m[K [01;36m[Knote: [m[K  couldnâ€™t deduce template parameter â€˜[01m[KParameterT[m[Kâ€™
[6.368s]    62 |   [01;36m[Knode->declare_parameter("baudrate")[m[K;
[6.368s]       |   [01;36m[K~~~~~~~~~~~~~~~~~~~~~~~^~~~~~~~~~~~[m[K
[6.368s] [01m[K/opt/ros/jazzy/include/rclcpp/rclcpp/node.hpp:445:3:[m[K [01;36m[Knote: [m[Kcandidate: â€˜[01m[Kconst rclcpp::ParameterValue& rclcpp::Node::[01;32m[Kdeclare_parameter[m[K(const std::string&, const rclcpp::ParameterValue&, const rcl_interfaces::msg::ParameterDescriptor&, bool)[m[Kâ€™
[6.368s]   445 |   [01;36m[Kdeclare_parameter[m[K(
[6.368s]       |   [01;36m[K^~~~~~~~~~~~~~~~~[m[K
[6.368s] [01m[K/opt/ros/jazzy/include/rclcpp/rclcpp/node.hpp:445:3:[m[K [01;36m[Knote: [m[K  candidate expects 4 arguments, 1 provided
[6.368s] [01m[K/opt/ros/jazzy/include/rclcpp/rclcpp/node.hpp:470:3:[m[K [01;36m[Knote: [m[Kcandidate: â€˜[01m[Kconst rclcpp::ParameterValue& rclcpp::Node::[01;32m[Kdeclare_parameter[m[K(const std::string&, rclcpp::ParameterType, const rcl_interfaces::msg::ParameterDescriptor&, bool)[m[Kâ€™
[6.368s]   470 |   [01;36m[Kdeclare_parameter[m[K(
[6.368s]       |   [01;36m[K^~~~~~~~~~~~~~~~~[m[K
[6.368s] [01m[K/opt/ros/jazzy/include/rclcpp/rclcpp/node.hpp:470:3:[m[K [01;36m[Knote: [m[K  candidate expects 4 arguments, 1 provided
[6.368s] [01m[K/home/terry/robot_ws/src/ydlidar_ros2_driver/src/ydlidar_ros2_driver_node.cpp:67:26:[m[K [01;31m[Kerror: [m[Kno matching function for call to â€˜[01m[Krclcpp::Node::declare_parameter(const char [11])[m[Kâ€™
[6.369s]    67 |   [01;31m[Knode->declare_parameter("lidar_type")[m[K;
[6.369s]       |   [01;31m[K~~~~~~~~~~~~~~~~~~~~~~~^~~~~~~~~~~~~~[m[K
[6.369s] [01m[K/opt/ros/jazzy/include/rclcpp/rclcpp/node.hpp:500:3:[m[K [01;36m[Knote: [m[Kcandidate: â€˜[01m[Ktemplate<class ParameterT> auto rclcpp::Node::[01;32m[Kdeclare_parameter[m[K(const std::string&, const ParameterT&, const rcl_interfaces::msg::ParameterDescriptor&, bool)[m[Kâ€™
[6.369s]   500 |   [01;36m[Kdeclare_parameter[m[K(
[6.369s]       |   [01;36m[K^~~~~~~~~~~~~~~~~[m[K
[6.369s] [01m[K/opt/ros/jazzy/include/rclcpp/rclcpp/node.hpp:500:3:[m[K [01;36m[Knote: [m[K  template argument deduction/substitution failed:
[6.369s] [01m[K/home/terry/robot_ws/src/ydlidar_ros2_driver/src/ydlidar_ros2_driver_node.cpp:67:26:[m[K [01;36m[Knote: [m[K  candidate expects 4 arguments, 1 provided
[6.369s]    67 |   [01;36m[Knode->declare_parameter("lidar_type")[m[K;
[6.369s]       |   [01;36m[K~~~~~~~~~~~~~~~~~~~~~~~^~~~~~~~~~~~~~[m[K
[6.369s] [01m[K/opt/ros/jazzy/include/rclcpp/rclcpp/node.hpp:513:3:[m[K [01;36m[Knote: [m[Kcandidate: â€˜[01m[Ktemplate<class ParameterT> auto rclcpp::Node::[01;32m[Kdeclare_parameter[m[K(const std::string&, const rcl_interfaces::msg::ParameterDescriptor&, bool)[m[Kâ€™
[6.369s]   513 |   [01;36m[Kdeclare_parameter[m[K(
[6.370s]       |   [01;36m[K^~~~~~~~~~~~~~~~~[m[K
[6.370s] [01m[K/opt/ros/jazzy/include/rclcpp/rclcpp/node.hpp:513:3:[m[K [01;36m[Knote: [m[K  template argument deduction/substitution failed:
[6.370s] [01m[K/home/terry/robot_ws/src/ydlidar_ros2_driver/src/ydlidar_ros2_driver_node.cpp:67:26:[m[K [01;36m[Knote: [m[K  couldnâ€™t deduce template parameter â€˜[01m[KParameterT[m[Kâ€™
[6.370s]    67 |   [01;36m[Knode->declare_parameter("lidar_type")[m[K;
[6.370s]       |   [01;36m[K~~~~~~~~~~~~~~~~~~~~~~~^~~~~~~~~~~~~~[m[K
[6.370s] [01m[K/opt/ros/jazzy/include/rclcpp/rclcpp/node.hpp:445:3:[m[K [01;36m[Knote: [m[Kcandidate: â€˜[01m[Kconst rclcpp::ParameterValue& rclcpp::Node::[01;32m[Kdeclare_parameter[m[K(const std::string&, const rclcpp::ParameterValue&, const rcl_interfaces::msg::ParameterDescriptor&, bool)[m[Kâ€™
[6.370s]   445 |   [01;36m[Kdeclare_parameter[m[K(
[6.370s]       |   [01;36m[K^~~~~~~~~~~~~~~~~[m[K
[6.371s] [01m[K/opt/ros/jazzy/include/rclcpp/rclcpp/node.hpp:445:3:[m[K [01;36m[Knote: [m[K  candidate expects 4 arguments, 1 provided
[6.371s] [01m[K/opt/ros/jazzy/include/rclcpp/rclcpp/node.hpp:470:3:[m[K [01;36m[Knote: [m[Kcandidate: â€˜[01m[Kconst rclcpp::ParameterValue& rclcpp::Node::[01;32m[Kdeclare_parameter[m[K(const std::string&, rclcpp::ParameterType, const rcl_interfaces::msg::ParameterDescriptor&, bool)[m[Kâ€™
[6.371s]   470 |   [01;36m[Kdeclare_parameter[m[K(
[6.371s]       |   [01;36m[K^~~~~~~~~~~~~~~~~[m[K
[6.371s] [01m[K/opt/ros/jazzy/include/rclcpp/rclcpp/node.hpp:470:3:[m[K [01;36m[Knote: [m[K  candidate expects 4 arguments, 1 provided
[6.371s] [01m[K/home/terry/robot_ws/src/ydlidar_ros2_driver/src/ydlidar_ros2_driver_node.cpp:72:26:[m[K [01;31m[Kerror: [m[Kno matching function for call to â€˜[01m[Krclcpp::Node::declare_parameter(const char [12])[m[Kâ€™
[6.371s]    72 |   [01;31m[Knode->declare_parameter("device_type")[m[K;
[6.371s]       |   [01;31m[K~~~~~~~~~~~~~~~~~~~~~~~^~~~~~~~~~~~~~~[m[K
[6.371s] [01m[K/opt/ros/jazzy/include/rclcpp/rclcpp/node.hpp:500:3:[m[K [01;36m[Knote: [m[Kcandidate: â€˜[01m[Ktemplate<class ParameterT> auto rclcpp::Node::[01;32m[Kdeclare_parameter[m[K(const std::string&, const ParameterT&, const rcl_interfaces::msg::ParameterDescriptor&, bool)[m[Kâ€™
[6.371s]   500 |   [01;36m[Kdeclare_parameter[m[K(
[6.372s]       |   [01;36m[K^~~~~~~~~~~~~~~~~[m[K
[6.372s] [01m[K/opt/ros/jazzy/include/rclcpp/rclcpp/node.hpp:500:3:[m[K [01;36m[Knote: [m[K  template argument deduction/substitution failed:
[6.372s] [01m[K/home/terry/robot_ws/src/ydlidar_ros2_driver/src/ydlidar_ros2_driver_node.cpp:72:26:[m[K [01;36m[Knote: [m[K  candidate expects 4 arguments, 1 provided
[6.372s]    72 |   [01;36m[Knode->declare_parameter("device_type")[m[K;
[6.372s]       |   [01;36m[K~~~~~~~~~~~~~~~~~~~~~~~^~~~~~~~~~~~~~~[m[K
[6.372s] [01m[K/opt/ros/jazzy/include/rclcpp/rclcpp/node.hpp:513:3:[m[K [01;36m[Knote: [m[Kcandidate: â€˜[01m[Ktemplate<class ParameterT> auto rclcpp::Node::[01;32m[Kdeclare_parameter[m[K(const std::string&, const rcl_interfaces::msg::ParameterDescriptor&, bool)[m[Kâ€™
[6.372s]   513 |   [01;36m[Kdeclare_parameter[m[K(
[6.372s]       |   [01;36m[K^~~~~~~~~~~~~~~~~[m[K
[6.372s] [01m[K/opt/ros/jazzy/include/rclcpp/rclcpp/node.hpp:513:3:[m[K [01;36m[Knote: [m[K  template argument deduction/substitution failed:
[6.372s] [01m[K/home/terry/robot_ws/src/ydlidar_ros2_driver/src/ydlidar_ros2_driver_node.cpp:72:26:[m[K [01;36m[Knote: [m[K  couldnâ€™t deduce template parameter â€˜[01m[KParameterT[m[Kâ€™
[6.373s]    72 |   [01;36m[Knode->declare_parameter("device_type")[m[K;
[6.373s]       |   [01;36m[K~~~~~~~~~~~~~~~~~~~~~~~^~~~~~~~~~~~~~~[m[K
[6.373s] [01m[K/opt/ros/jazzy/include/rclcpp/rclcpp/node.hpp:445:3:[m[K [01;36m[Knote: [m[Kcandidate: â€˜[01m[Kconst rclcpp::ParameterValue& rclcpp::Node::[01;32m[Kdeclare_parameter[m[K(const std::string&, const rclcpp::ParameterValue&, const rcl_interfaces::msg::ParameterDescriptor&, bool)[m[Kâ€™
[6.373s]   445 |   [01;36m[Kdeclare_parameter[m[K(
[6.373s]       |   [01;36m[K^~~~~~~~~~~~~~~~~[m[K
[6.373s] [01m[K/opt/ros/jazzy/include/rclcpp/rclcpp/node.hpp:445:3:[m[K [01;36m[Knote: [m[K  candidate expects 4 arguments, 1 provided
[6.373s] [01m[K/opt/ros/jazzy/include/rclcpp/rclcpp/node.hpp:470:3:[m[K [01;36m[Knote: [m[Kcandidate: â€˜[01m[Kconst rclcpp::ParameterValue& rclcpp::Node::[01;32m[Kdeclare_parameter[m[K(const std::string&, rclcpp::ParameterType, const rcl_interfaces::msg::ParameterDescriptor&, bool)[m[Kâ€™
[6.373s]   470 |   [01;36m[Kdeclare_parameter[m[K(
[6.373s]       |   [01;36m[K^~~~~~~~~~~~~~~~~[m[K
[6.373s] [01m[K/opt/ros/jazzy/include/rclcpp/rclcpp/node.hpp:470:3:[m[K [01;36m[Knote: [m[K  candidate expects 4 arguments, 1 provided
[6.374s] [01m[K/home/terry/robot_ws/src/ydlidar_ros2_driver/src/ydlidar_ros2_driver_node.cpp:77:26:[m[K [01;31m[Kerror: [m[Kno matching function for call to â€˜[01m[Krclcpp::Node::declare_parameter(const char [12])[m[Kâ€™
[6.374s]    77 |   [01;31m[Knode->declare_parameter("sample_rate")[m[K;
[6.374s]       |   [01;31m[K~~~~~~~~~~~~~~~~~~~~~~~^~~~~~~~~~~~~~~[m[K
[6.374s] [01m[K/opt/ros/jazzy/include/rclcpp/rclcpp/node.hpp:500:3:[m[K [01;36m[Knote: [m[Kcandidate: â€˜[01m[Ktemplate<class ParameterT> auto rclcpp::Node::[01;32m[Kdeclare_parameter[m[K(const std::string&, const ParameterT&, const rcl_interfaces::msg::ParameterDescriptor&, bool)[m[Kâ€™
[6.374s]   500 |   [01;36m[Kdeclare_parameter[m[K(
[6.374s]       |   [01;36m[K^~~~~~~~~~~~~~~~~[m[K
[6.374s] [01m[K/opt/ros/jazzy/include/rclcpp/rclcpp/node.hpp:500:3:[m[K [01;36m[Knote: [m[K  template argument deduction/substitution failed:
[6.374s] [01m[K/home/terry/robot_ws/src/ydlidar_ros2_driver/src/ydlidar_ros2_driver_node.cpp:77:26:[m[K [01;36m[Knote: [m[K  candidate expects 4 arguments, 1 provided
[6.374s]    77 |   [01;36m[Knode->declare_parameter("sample_rate")[m[K;
[6.374s]       |   [01;36m[K~~~~~~~~~~~~~~~~~~~~~~~^~~~~~~~~~~~~~~[m[K
[6.374s] [01m[K/opt/ros/jazzy/include/rclcpp/rclcpp/node.hpp:513:3:[m[K [01;36m[Knote: [m[Kcandidate: â€˜[01m[Ktemplate<class ParameterT> auto rclcpp::Node::[01;32m[Kdeclare_parameter[m[K(const std::string&, const rcl_interfaces::msg::ParameterDescriptor&, bool)[m[Kâ€™
[6.375s]   513 |   [01;36m[Kdeclare_parameter[m[K(
[6.375s]       |   [01;36m[K^~~~~~~~~~~~~~~~~[m[K
[6.375s] [01m[K/opt/ros/jazzy/include/rclcpp/rclcpp/node.hpp:513:3:[m[K [01;36m[Knote: [m[K  template argument deduction/substitution failed:
[6.375s] [01m[K/home/terry/robot_ws/src/ydlidar_ros2_driver/src/ydlidar_ros2_driver_node.cpp:77:26:[m[K [01;36m[Knote: [m[K  couldnâ€™t deduce template parameter â€˜[01m[KParameterT[m[Kâ€™
[6.375s]    77 |   [01;36m[Knode->declare_parameter("sample_rate")[m[K;
[6.375s]       |   [01;36m[K~~~~~~~~~~~~~~~~~~~~~~~^~~~~~~~~~~~~~~[m[K
[6.375s] [01m[K/opt/ros/jazzy/include/rclcpp/rclcpp/node.hpp:445:3:[m[K [01;36m[Knote: [m[Kcandidate: â€˜[01m[Kconst rclcpp::ParameterValue& rclcpp::Node::[01;32m[Kdeclare_parameter[m[K(const std::string&, const rclcpp::ParameterValue&, const rcl_interfaces::msg::ParameterDescriptor&, bool)[m[Kâ€™
[6.375s]   445 |   [01;36m[Kdeclare_parameter[m[K(
[6.375s]       |   [01;36m[K^~~~~~~~~~~~~~~~~[m[K
[6.376s] [01m[K/opt/ros/jazzy/include/rclcpp/rclcpp/node.hpp:445:3:[m[K [01;36m[Knote: [m[K  candidate expects 4 arguments, 1 provided
[6.376s] [01m[K/opt/ros/jazzy/include/rclcpp/rclcpp/node.hpp:470:3:[m[K [01;36m[Knote: [m[Kcandidate: â€˜[01m[Kconst rclcpp::ParameterValue& rclcpp::Node::[01;32m[Kdeclare_parameter[m[K(const std::string&, rclcpp::ParameterType, const rcl_interfaces::msg::ParameterDescriptor&, bool)[m[Kâ€™
[6.376s]   470 |   [01;36m[Kdeclare_parameter[m[K(
[6.376s]       |   [01;36m[K^~~~~~~~~~~~~~~~~[m[K
[6.376s] [01m[K/opt/ros/jazzy/include/rclcpp/rclcpp/node.hpp:470:3:[m[K [01;36m[Knote: [m[K  candidate expects 4 arguments, 1 provided
[6.376s] [01m[K/home/terry/robot_ws/src/ydlidar_ros2_driver/src/ydlidar_ros2_driver_node.cpp:82:26:[m[K [01;31m[Kerror: [m[Kno matching function for call to â€˜[01m[Krclcpp::Node::declare_parameter(const char [21])[m[Kâ€™
[6.376s]    82 |   [01;31m[Knode->declare_parameter("abnormal_check_count")[m[K;
[6.376s]       |   [01;31m[K~~~~~~~~~~~~~~~~~~~~~~~^~~~~~~~~~~~~~~~~~~~~~~~[m[K
[6.376s] [01m[K/opt/ros/jazzy/include/rclcpp/rclcpp/node.hpp:500:3:[m[K [01;36m[Knote: [m[Kcandidate: â€˜[01m[Ktemplate<class ParameterT> auto rclcpp::Node::[01;32m[Kdeclare_parameter[m[K(const std::string&, const ParameterT&, const rcl_interfaces::msg::ParameterDescriptor&, bool)[m[Kâ€™
[6.376s]   500 |   [01;36m[Kdeclare_parameter[m[K(
[6.376s]       |   [01;36m[K^~~~~~~~~~~~~~~~~[m[K
[6.377s] [01m[K/opt/ros/jazzy/include/rclcpp/rclcpp/node.hpp:500:3:[m[K [01;36m[Knote: [m[K  template argument deduction/substitution failed:
[6.377s] [01m[K/home/terry/robot_ws/src/ydlidar_ros2_driver/src/ydlidar_ros2_driver_node.cpp:82:26:[m[K [01;36m[Knote: [m[K  candidate expects 4 arguments, 1 provided
[6.377s]    82 |   [01;36m[Knode->declare_parameter("abnormal_check_count")[m[K;
[6.377s]       |   [01;36m[K~~~~~~~~~~~~~~~~~~~~~~~^~~~~~~~~~~~~~~~~~~~~~~~[m[K
[6.377s] [01m[K/opt/ros/jazzy/include/rclcpp/rclcpp/node.hpp:513:3:[m[K [01;36m[Knote: [m[Kcandidate: â€˜[01m[Ktemplate<class ParameterT> auto rclcpp::Node::[01;32m[Kdeclare_parameter[m[K(const std::string&, const rcl_interfaces::msg::ParameterDescriptor&, bool)[m[Kâ€™
[6.377s]   513 |   [01;36m[Kdeclare_parameter[m[K(
[6.377s]       |   [01;36m[K^~~~~~~~~~~~~~~~~[m[K
[6.377s] [01m[K/opt/ros/jazzy/include/rclcpp/rclcpp/node.hpp:513:3:[m[K [01;36m[Knote: [m[K  template argument deduction/substitution failed:
[6.377s] [01m[K/home/terry/robot_ws/src/ydlidar_ros2_driver/src/ydlidar_ros2_driver_node.cpp:82:26:[m[K [01;36m[Knote: [m[K  couldnâ€™t deduce template parameter â€˜[01m[KParameterT[m[Kâ€™
[6.377s]    82 |   [01;36m[Knode->declare_parameter("abnormal_check_count")[m[K;
[6.377s]       |   [01;36m[K~~~~~~~~~~~~~~~~~~~~~~~^~~~~~~~~~~~~~~~~~~~~~~~[m[K
[6.378s] [01m[K/opt/ros/jazzy/include/rclcpp/rclcpp/node.hpp:445:3:[m[K [01;36m[Knote: [m[Kcandidate: â€˜[01m[Kconst rclcpp::ParameterValue& rclcpp::Node::[01;32m[Kdeclare_parameter[m[K(const std::string&, const rclcpp::ParameterValue&, const rcl_interfaces::msg::ParameterDescriptor&, bool)[m[Kâ€™
[6.378s]   445 |   [01;36m[Kdeclare_parameter[m[K(
[6.378s]       |   [01;36m[K^~~~~~~~~~~~~~~~~[m[K
[6.378s] [01m[K/opt/ros/jazzy/include/rclcpp/rclcpp/node.hpp:445:3:[m[K [01;36m[Knote: [m[K  candidate expects 4 arguments, 1 provided
[6.378s] [01m[K/opt/ros/jazzy/include/rclcpp/rclcpp/node.hpp:470:3:[m[K [01;36m[Knote: [m[Kcandidate: â€˜[01m[Kconst rclcpp::ParameterValue& rclcpp::Node::[01;32m[Kdeclare_parameter[m[K(const std::string&, rclcpp::ParameterType, const rcl_interfaces::msg::ParameterDescriptor&, bool)[m[Kâ€™
[6.378s]   470 |   [01;36m[Kdeclare_parameter[m[K(
[6.378s]       |   [01;36m[K^~~~~~~~~~~~~~~~~[m[K
[6.378s] [01m[K/opt/ros/jazzy/include/rclcpp/rclcpp/node.hpp:470:3:[m[K [01;36m[Knote: [m[K  candidate expects 4 arguments, 1 provided
[6.378s] [01m[K/home/terry/robot_ws/src/ydlidar_ros2_driver/src/ydlidar_ros2_driver_node.cpp:88:26:[m[K [01;31m[Kerror: [m[Kno matching function for call to â€˜[01m[Krclcpp::Node::declare_parameter(const char [14])[m[Kâ€™
[6.379s]    88 |   [01;31m[Knode->declare_parameter("intensity_bit")[m[K;
[6.379s]       |   [01;31m[K~~~~~~~~~~~~~~~~~~~~~~~^~~~~~~~~~~~~~~~~[m[K
[6.379s] [01m[K/opt/ros/jazzy/include/rclcpp/rclcpp/node.hpp:500:3:[m[K [01;36m[Knote: [m[Kcandidate: â€˜[01m[Ktemplate<class ParameterT> auto rclcpp::Node::[01;32m[Kdeclare_parameter[m[K(const std::string&, const ParameterT&, const rcl_interfaces::msg::ParameterDescriptor&, bool)[m[Kâ€™
[6.379s]   500 |   [01;36m[Kdeclare_parameter[m[K(
[6.379s]       |   [01;36m[K^~~~~~~~~~~~~~~~~[m[K
[6.379s] [01m[K/opt/ros/jazzy/include/rclcpp/rclcpp/node.hpp:500:3:[m[K [01;36m[Knote: [m[K  template argument deduction/substitution failed:
[6.379s] [01m[K/home/terry/robot_ws/src/ydlidar_ros2_driver/src/ydlidar_ros2_driver_node.cpp:88:26:[m[K [01;36m[Knote: [m[K  candidate expects 4 arguments, 1 provided
[6.379s]    88 |   [01;36m[Knode->declare_parameter("intensity_bit")[m[K;
[6.379s]       |   [01;36m[K~~~~~~~~~~~~~~~~~~~~~~~^~~~~~~~~~~~~~~~~[m[K
[6.379s] [01m[K/opt/ros/jazzy/include/rclcpp/rclcpp/node.hpp:513:3:[m[K [01;36m[Knote: [m[Kcandidate: â€˜[01m[Ktemplate<class ParameterT> auto rclcpp::Node::[01;32m[Kdeclare_parameter[m[K(const std::string&, const rcl_interfaces::msg::ParameterDescriptor&, bool)[m[Kâ€™
[6.380s]   513 |   [01;36m[Kdeclare_parameter[m[K(
[6.380s]       |   [01;36m[K^~~~~~~~~~~~~~~~~[m[K
[6.380s] [01m[K/opt/ros/jazzy/include/rclcpp/rclcpp/node.hpp:513:3:[m[K [01;36m[Knote: [m[K  template argument deduction/substitution failed:
[6.380s] [01m[K/home/terry/robot_ws/src/ydlidar_ros2_driver/src/ydlidar_ros2_driver_node.cpp:88:26:[m[K [01;36m[Knote: [m[K  couldnâ€™t deduce template parameter â€˜[01m[KParameterT[m[Kâ€™
[6.380s]    88 |   [01;36m[Knode->declare_parameter("intensity_bit")[m[K;
[6.380s]       |   [01;36m[K~~~~~~~~~~~~~~~~~~~~~~~^~~~~~~~~~~~~~~~~[m[K
[6.380s] [01m[K/opt/ros/jazzy/include/rclcpp/rclcpp/node.hpp:445:3:[m[K [01;36m[Knote: [m[Kcandidate: â€˜[01m[Kconst rclcpp::ParameterValue& rclcpp::Node::[01;32m[Kdeclare_parameter[m[K(const std::string&, const rclcpp::ParameterValue&, const rcl_interfaces::msg::ParameterDescriptor&, bool)[m[Kâ€™
[6.380s]   445 |   [01;36m[Kdeclare_parameter[m[K(
[6.380s]       |   [01;36m[K^~~~~~~~~~~~~~~~~[m[K
[6.380s] [01m[K/opt/ros/jazzy/include/rclcpp/rclcpp/node.hpp:445:3:[m[K [01;36m[Knote: [m[K  candidate expects 4 arguments, 1 provided
[6.380s] [01m[K/opt/ros/jazzy/include/rclcpp/rclcpp/node.hpp:470:3:[m[K [01;36m[Knote: [m[Kcandidate: â€˜[01m[Kconst rclcpp::ParameterValue& rclcpp::Node::[01;32m[Kdeclare_parameter[m[K(const std::string&, rclcpp::ParameterType, const rcl_interfaces::msg::ParameterDescriptor&, bool)[m[Kâ€™
[6.381s]   470 |   [01;36m[Kdeclare_parameter[m[K(
[6.381s]       |   [01;36m[K^~~~~~~~~~~~~~~~~[m[K
[6.381s] [01m[K/opt/ros/jazzy/include/rclcpp/rclcpp/node.hpp:470:3:[m[K [01;36m[Knote: [m[K  candidate expects 4 arguments, 1 provided
[6.381s] [01m[K/home/terry/robot_ws/src/ydlidar_ros2_driver/src/ydlidar_ros2_driver_node.cpp:95:26:[m[K [01;31m[Kerror: [m[Kno matching function for call to â€˜[01m[Krclcpp::Node::declare_parameter(const char [17])[m[Kâ€™
[6.381s]    95 |   [01;31m[Knode->declare_parameter("fixed_resolution")[m[K;
[6.381s]       |   [01;31m[K~~~~~~~~~~~~~~~~~~~~~~~^~~~~~~~~~~~~~~~~~~~[m[K
[6.381s] [01m[K/opt/ros/jazzy/include/rclcpp/rclcpp/node.hpp:500:3:[m[K [01;36m[Knote: [m[Kcandidate: â€˜[01m[Ktemplate<class ParameterT> auto rclcpp::Node::[01;32m[Kdeclare_parameter[m[K(const std::string&, const ParameterT&, const rcl_interfaces::msg::ParameterDescriptor&, bool)[m[Kâ€™
[6.381s]   500 |   [01;36m[Kdeclare_parameter[m[K(
[6.381s]       |   [01;36m[K^~~~~~~~~~~~~~~~~[m[K
[6.381s] [01m[K/opt/ros/jazzy/include/rclcpp/rclcpp/node.hpp:500:3:[m[K [01;36m[Knote: [m[K  template argument deduction/substitution failed:
[6.382s] [01m[K/home/terry/robot_ws/src/ydlidar_ros2_driver/src/ydlidar_ros2_driver_node.cpp:95:26:[m[K [01;36m[Knote: [m[K  candidate expects 4 arguments, 1 provided
[6.382s]    95 |   [01;36m[Knode->declare_parameter("fixed_resolution")[m[K;
[6.382s]       |   [01;36m[K~~~~~~~~~~~~~~~~~~~~~~~^~~~~~~~~~~~~~~~~~~~[m[K
[6.382s] [01m[K/opt/ros/jazzy/include/rclcpp/rclcpp/node.hpp:513:3:[m[K [01;36m[Knote: [m[Kcandidate: â€˜[01m[Ktemplate<class ParameterT> auto rclcpp::Node::[01;32m[Kdeclare_parameter[m[K(const std::string&, const rcl_interfaces::msg::ParameterDescriptor&, bool)[m[Kâ€™
[6.382s]   513 |   [01;36m[Kdeclare_parameter[m[K(
[6.382s]       |   [01;36m[K^~~~~~~~~~~~~~~~~[m[K
[6.382s] [01m[K/opt/ros/jazzy/include/rclcpp/rclcpp/node.hpp:513:3:[m[K [01;36m[Knote: [m[K  template argument deduction/substitution failed:
[6.382s] [01m[K/home/terry/robot_ws/src/ydlidar_ros2_driver/src/ydlidar_ros2_driver_node.cpp:95:26:[m[K [01;36m[Knote: [m[K  couldnâ€™t deduce template parameter â€˜[01m[KParameterT[m[Kâ€™
[6.382s]    95 |   [01;36m[Knode->declare_parameter("fixed_resolution")[m[K;
[6.382s]       |   [01;36m[K~~~~~~~~~~~~~~~~~~~~~~~^~~~~~~~~~~~~~~~~~~~[m[K
[6.382s] [01m[K/opt/ros/jazzy/include/rclcpp/rclcpp/node.hpp:445:3:[m[K [01;36m[Knote: [m[Kcandidate: â€˜[01m[Kconst rclcpp::ParameterValue& rclcpp::Node::[01;32m[Kdeclare_parameter[m[K(const std::string&, const rclcpp::ParameterValue&, const rcl_interfaces::msg::ParameterDescriptor&, bool)[m[Kâ€™
[6.383s]   445 |   [01;36m[Kdeclare_parameter[m[K(
[6.383s]       |   [01;36m[K^~~~~~~~~~~~~~~~~[m[K
[6.383s] [01m[K/opt/ros/jazzy/include/rclcpp/rclcpp/node.hpp:445:3:[m[K [01;36m[Knote: [m[K  candidate expects 4 arguments, 1 provided
[6.383s] [01m[K/opt/ros/jazzy/include/rclcpp/rclcpp/node.hpp:470:3:[m[K [01;36m[Knote: [m[Kcandidate: â€˜[01m[Kconst rclcpp::ParameterValue& rclcpp::Node::[01;32m[Kdeclare_parameter[m[K(const std::string&, rclcpp::ParameterType, const rcl_interfaces::msg::ParameterDescriptor&, bool)[m[Kâ€™
[6.383s]   470 |   [01;36m[Kdeclare_parameter[m[K(
[6.383s]       |   [01;36m[K^~~~~~~~~~~~~~~~~[m[K
[6.383s] [01m[K/opt/ros/jazzy/include/rclcpp/rclcpp/node.hpp:470:3:[m[K [01;36m[Knote: [m[K  candidate expects 4 arguments, 1 provided
[6.383s] [01m[K/home/terry/robot_ws/src/ydlidar_ros2_driver/src/ydlidar_ros2_driver_node.cpp:100:26:[m[K [01;31m[Kerror: [m[Kno matching function for call to â€˜[01m[Krclcpp::Node::declare_parameter(const char [10])[m[Kâ€™
[6.383s]   100 |   [01;31m[Knode->declare_parameter("reversion")[m[K;
[6.383s]       |   [01;31m[K~~~~~~~~~~~~~~~~~~~~~~~^~~~~~~~~~~~~[m[K
[6.384s] [01m[K/opt/ros/jazzy/include/rclcpp/rclcpp/node.hpp:500:3:[m[K [01;36m[Knote: [m[Kcandidate: â€˜[01m[Ktemplate<class ParameterT> auto rclcpp::Node::[01;32m[Kdeclare_parameter[m[K(const std::string&, const ParameterT&, const rcl_interfaces::msg::ParameterDescriptor&, bool)[m[Kâ€™
[6.384s]   500 |   [01;36m[Kdeclare_parameter[m[K(
[6.384s]       |   [01;36m[K^~~~~~~~~~~~~~~~~[m[K
[6.384s] [01m[K/opt/ros/jazzy/include/rclcpp/rclcpp/node.hpp:500:3:[m[K [01;36m[Knote: [m[K  template argument deduction/substitution failed:
[6.384s] [01m[K/home/terry/robot_ws/src/ydlidar_ros2_driver/src/ydlidar_ros2_driver_node.cpp:100:26:[m[K [01;36m[Knote: [m[K  candidate expects 4 arguments, 1 provided
[6.384s]   100 |   [01;36m[Knode->declare_parameter("reversion")[m[K;
[6.384s]       |   [01;36m[K~~~~~~~~~~~~~~~~~~~~~~~^~~~~~~~~~~~~[m[K
[6.384s] [01m[K/opt/ros/jazzy/include/rclcpp/rclcpp/node.hpp:513:3:[m[K [01;36m[Knote: [m[Kcandidate: â€˜[01m[Ktemplate<class ParameterT> auto rclcpp::Node::[01;32m[Kdeclare_parameter[m[K(const std::string&, const rcl_interfaces::msg::ParameterDescriptor&, bool)[m[Kâ€™
[6.384s]   513 |   [01;36m[Kdeclare_parameter[m[K(
[6.384s]       |   [01;36m[K^~~~~~~~~~~~~~~~~[m[K
[6.384s] [01m[K/opt/ros/jazzy/include/rclcpp/rclcpp/node.hpp:513:3:[m[K [01;36m[Knote: [m[K  template argument deduction/substitution failed:
[6.385s] [01m[K/home/terry/robot_ws/src/ydlidar_ros2_driver/src/ydlidar_ros2_driver_node.cpp:100:26:[m[K [01;36m[Knote: [m[K  couldnâ€™t deduce template parameter â€˜[01m[KParameterT[m[Kâ€™
[6.385s]   100 |   [01;36m[Knode->declare_parameter("reversion")[m[K;
[6.385s]       |   [01;36m[K~~~~~~~~~~~~~~~~~~~~~~~^~~~~~~~~~~~~[m[K
[6.385s] [01m[K/opt/ros/jazzy/include/rclcpp/rclcpp/node.hpp:445:3:[m[K [01;36m[Knote: [m[Kcandidate: â€˜[01m[Kconst rclcpp::ParameterValue& rclcpp::Node::[01;32m[Kdeclare_parameter[m[K(const std::string&, const rclcpp::ParameterValue&, const rcl_interfaces::msg::ParameterDescriptor&, bool)[m[Kâ€™
[6.385s]   445 |   [01;36m[Kdeclare_parameter[m[K(
[6.385s]       |   [01;36m[K^~~~~~~~~~~~~~~~~[m[K
[6.385s] [01m[K/opt/ros/jazzy/include/rclcpp/rclcpp/node.hpp:445:3:[m[K [01;36m[Knote: [m[K  candidate expects 4 arguments, 1 provided
[6.385s] [01m[K/opt/ros/jazzy/include/rclcpp/rclcpp/node.hpp:470:3:[m[K [01;36m[Knote: [m[Kcandidate: â€˜[01m[Kconst rclcpp::ParameterValue& rclcpp::Node::[01;32m[Kdeclare_parameter[m[K(const std::string&, rclcpp::ParameterType, const rcl_interfaces::msg::ParameterDescriptor&, bool)[m[Kâ€™
[6.385s]   470 |   [01;36m[Kdeclare_parameter[m[K(
[6.385s]       |   [01;36m[K^~~~~~~~~~~~~~~~~[m[K
[6.385s] [01m[K/opt/ros/jazzy/include/rclcpp/rclcpp/node.hpp:470:3:[m[K [01;36m[Knote: [m[K  candidate expects 4 arguments, 1 provided
[6.386s] [01m[K/home/terry/robot_ws/src/ydlidar_ros2_driver/src/ydlidar_ros2_driver_node.cpp:105:26:[m[K [01;31m[Kerror: [m[Kno matching function for call to â€˜[01m[Krclcpp::Node::declare_parameter(const char [9])[m[Kâ€™
[6.386s]   105 |   [01;31m[Knode->declare_parameter("inverted")[m[K;
[6.386s]       |   [01;31m[K~~~~~~~~~~~~~~~~~~~~~~~^~~~~~~~~~~~[m[K
[6.386s] [01m[K/opt/ros/jazzy/include/rclcpp/rclcpp/node.hpp:500:3:[m[K [01;36m[Knote: [m[Kcandidate: â€˜[01m[Ktemplate<class ParameterT> auto rclcpp::Node::[01;32m[Kdeclare_parameter[m[K(const std::string&, const ParameterT&, const rcl_interfaces::msg::ParameterDescriptor&, bool)[m[Kâ€™
[6.386s]   500 |   [01;36m[Kdeclare_parameter[m[K(
[6.386s]       |   [01;36m[K^~~~~~~~~~~~~~~~~[m[K
[6.386s] [01m[K/opt/ros/jazzy/include/rclcpp/rclcpp/node.hpp:500:3:[m[K [01;36m[Knote: [m[K  template argument deduction/substitution failed:
[6.386s] [01m[K/home/terry/robot_ws/src/ydlidar_ros2_driver/src/ydlidar_ros2_driver_node.cpp:105:26:[m[K [01;36m[Knote: [m[K  candidate expects 4 arguments, 1 provided
[6.386s]   105 |   [01;36m[Knode->declare_parameter("inverted")[m[K;
[6.386s]       |   [01;36m[K~~~~~~~~~~~~~~~~~~~~~~~^~~~~~~~~~~~[m[K
[6.386s] [01m[K/opt/ros/jazzy/include/rclcpp/rclcpp/node.hpp:513:3:[m[K [01;36m[Knote: [m[Kcandidate: â€˜[01m[Ktemplate<class ParameterT> auto rclcpp::Node::[01;32m[Kdeclare_parameter[m[K(const std::string&, const rcl_interfaces::msg::ParameterDescriptor&, bool)[m[Kâ€™
[6.387s]   513 |   [01;36m[Kdeclare_parameter[m[K(
[6.387s]       |   [01;36m[K^~~~~~~~~~~~~~~~~[m[K
[6.387s] [01m[K/opt/ros/jazzy/include/rclcpp/rclcpp/node.hpp:513:3:[m[K [01;36m[Knote: [m[K  template argument deduction/substitution failed:
[6.387s] [01m[K/home/terry/robot_ws/src/ydlidar_ros2_driver/src/ydlidar_ros2_driver_node.cpp:105:26:[m[K [01;36m[Knote: [m[K  couldnâ€™t deduce template parameter â€˜[01m[KParameterT[m[Kâ€™
[6.387s]   105 |   [01;36m[Knode->declare_parameter("inverted")[m[K;
[6.387s]       |   [01;36m[K~~~~~~~~~~~~~~~~~~~~~~~^~~~~~~~~~~~[m[K
[6.387s] [01m[K/opt/ros/jazzy/include/rclcpp/rclcpp/node.hpp:445:3:[m[K [01;36m[Knote: [m[Kcandidate: â€˜[01m[Kconst rclcpp::ParameterValue& rclcpp::Node::[01;32m[Kdeclare_parameter[m[K(const std::string&, const rclcpp::ParameterValue&, const rcl_interfaces::msg::ParameterDescriptor&, bool)[m[Kâ€™
[6.387s]   445 |   [01;36m[Kdeclare_parameter[m[K(
[6.388s]       |   [01;36m[K^~~~~~~~~~~~~~~~~[m[K
[6.388s] [01m[K/opt/ros/jazzy/include/rclcpp/rclcpp/node.hpp:445:3:[m[K [01;36m[Knote: [m[K  candidate expects 4 arguments, 1 provided
[6.388s] [01m[K/opt/ros/jazzy/include/rclcpp/rclcpp/node.hpp:470:3:[m[K [01;36m[Knote: [m[Kcandidate: â€˜[01m[Kconst rclcpp::ParameterValue& rclcpp::Node::[01;32m[Kdeclare_parameter[m[K(const std::string&, rclcpp::ParameterType, const rcl_interfaces::msg::ParameterDescriptor&, bool)[m[Kâ€™
[6.388s]   470 |   [01;36m[Kdeclare_parameter[m[K(
[6.388s]       |   [01;36m[K^~~~~~~~~~~~~~~~~[m[K
[6.388s] [01m[K/opt/ros/jazzy/include/rclcpp/rclcpp/node.hpp:470:3:[m[K [01;36m[Knote: [m[K  candidate expects 4 arguments, 1 provided
[6.388s] [01m[K/home/terry/robot_ws/src/ydlidar_ros2_driver/src/ydlidar_ros2_driver_node.cpp:109:26:[m[K [01;31m[Kerror: [m[Kno matching function for call to â€˜[01m[Krclcpp::Node::declare_parameter(const char [15])[m[Kâ€™
[6.388s]   109 |   [01;31m[Knode->declare_parameter("auto_reconnect")[m[K;
[6.388s]       |   [01;31m[K~~~~~~~~~~~~~~~~~~~~~~~^~~~~~~~~~~~~~~~~~[m[K
[6.388s] [01m[K/opt/ros/jazzy/include/rclcpp/rclcpp/node.hpp:500:3:[m[K [01;36m[Knote: [m[Kcandidate: â€˜[01m[Ktemplate<class ParameterT> auto rclcpp::Node::[01;32m[Kdeclare_parameter[m[K(const std::string&, const ParameterT&, const rcl_interfaces::msg::ParameterDescriptor&, bool)[m[Kâ€™
[6.389s]   500 |   [01;36m[Kdeclare_parameter[m[K(
[6.389s]       |   [01;36m[K^~~~~~~~~~~~~~~~~[m[K
[6.389s] [01m[K/opt/ros/jazzy/include/rclcpp/rclcpp/node.hpp:500:3:[m[K [01;36m[Knote: [m[K  template argument deduction/substitution failed:
[6.389s] [01m[K/home/terry/robot_ws/src/ydlidar_ros2_driver/src/ydlidar_ros2_driver_node.cpp:109:26:[m[K [01;36m[Knote: [m[K  candidate expects 4 arguments, 1 provided
[6.389s]   109 |   [01;36m[Knode->declare_parameter("auto_reconnect")[m[K;
[6.389s]       |   [01;36m[K~~~~~~~~~~~~~~~~~~~~~~~^~~~~~~~~~~~~~~~~~[m[K
[6.389s] [01m[K/opt/ros/jazzy/include/rclcpp/rclcpp/node.hpp:513:3:[m[K [01;36m[Knote: [m[Kcandidate: â€˜[01m[Ktemplate<class ParameterT> auto rclcpp::Node::[01;32m[Kdeclare_parameter[m[K(const std::string&, const rcl_interfaces::msg::ParameterDescriptor&, bool)[m[Kâ€™
[6.389s]   513 |   [01;36m[Kdeclare_parameter[m[K(
[6.389s]       |   [01;36m[K^~~~~~~~~~~~~~~~~[m[K
[6.389s] [01m[K/opt/ros/jazzy/include/rclcpp/rclcpp/node.hpp:513:3:[m[K [01;36m[Knote: [m[K  template argument deduction/substitution failed:
[6.390s] [01m[K/home/terry/robot_ws/src/ydlidar_ros2_driver/src/ydlidar_ros2_driver_node.cpp:109:26:[m[K [01;36m[Knote: [m[K  couldnâ€™t deduce template parameter â€˜[01m[KParameterT[m[Kâ€™
[6.390s]   109 |   [01;36m[Knode->declare_parameter("auto_reconnect")[m[K;
[6.390s]       |   [01;36m[K~~~~~~~~~~~~~~~~~~~~~~~^~~~~~~~~~~~~~~~~~[m[K
[6.390s] [01m[K/opt/ros/jazzy/include/rclcpp/rclcpp/node.hpp:445:3:[m[K [01;36m[Knote: [m[Kcandidate: â€˜[01m[Kconst rclcpp::ParameterValue& rclcpp::Node::[01;32m[Kdeclare_parameter[m[K(const std::string&, const rclcpp::ParameterValue&, const rcl_interfaces::msg::ParameterDescriptor&, bool)[m[Kâ€™
[6.390s]   445 |   [01;36m[Kdeclare_parameter[m[K(
[6.390s]       |   [01;36m[K^~~~~~~~~~~~~~~~~[m[K
[6.390s] [01m[K/opt/ros/jazzy/include/rclcpp/rclcpp/node.hpp:445:3:[m[K [01;36m[Knote: [m[K  candidate expects 4 arguments, 1 provided
[6.390s] [01m[K/opt/ros/jazzy/include/rclcpp/rclcpp/node.hpp:470:3:[m[K [01;36m[Knote: [m[Kcandidate: â€˜[01m[Kconst rclcpp::ParameterValue& rclcpp::Node::[01;32m[Kdeclare_parameter[m[K(const std::string&, rclcpp::ParameterType, const rcl_interfaces::msg::ParameterDescriptor&, bool)[m[Kâ€™
[6.390s]   470 |   [01;36m[Kdeclare_parameter[m[K(
[6.390s]       |   [01;36m[K^~~~~~~~~~~~~~~~~[m[K
[6.390s] [01m[K/opt/ros/jazzy/include/rclcpp/rclcpp/node.hpp:470:3:[m[K [01;36m[Knote: [m[K  candidate expects 4 arguments, 1 provided
[6.391s] [01m[K/home/terry/robot_ws/src/ydlidar_ros2_driver/src/ydlidar_ros2_driver_node.cpp:114:26:[m[K [01;31m[Kerror: [m[Kno matching function for call to â€˜[01m[Krclcpp::Node::declare_parameter(const char [16])[m[Kâ€™
[6.391s]   114 |   [01;31m[Knode->declare_parameter("isSingleChannel")[m[K;
[6.391s]       |   [01;31m[K~~~~~~~~~~~~~~~~~~~~~~~^~~~~~~~~~~~~~~~~~~[m[K
[6.391s] [01m[K/opt/ros/jazzy/include/rclcpp/rclcpp/node.hpp:500:3:[m[K [01;36m[Knote: [m[Kcandidate: â€˜[01m[Ktemplate<class ParameterT> auto rclcpp::Node::[01;32m[Kdeclare_parameter[m[K(const std::string&, const ParameterT&, const rcl_interfaces::msg::ParameterDescriptor&, bool)[m[Kâ€™
[6.391s]   500 |   [01;36m[Kdeclare_parameter[m[K(
[6.391s]       |   [01;36m[K^~~~~~~~~~~~~~~~~[m[K
[6.391s] [01m[K/opt/ros/jazzy/include/rclcpp/rclcpp/node.hpp:500:3:[m[K [01;36m[Knote: [m[K  template argument deduction/substitution failed:
[6.391s] [01m[K/home/terry/robot_ws/src/ydlidar_ros2_driver/src/ydlidar_ros2_driver_node.cpp:114:26:[m[K [01;36m[Knote: [m[K  candidate expects 4 arguments, 1 provided
[6.391s]   114 |   [01;36m[Knode->declare_parameter("isSingleChannel")[m[K;
[6.391s]       |   [01;36m[K~~~~~~~~~~~~~~~~~~~~~~~^~~~~~~~~~~~~~~~~~~[m[K
[6.391s] [01m[K/opt/ros/jazzy/include/rclcpp/rclcpp/node.hpp:513:3:[m[K [01;36m[Knote: [m[Kcandidate: â€˜[01m[Ktemplate<class ParameterT> auto rclcpp::Node::[01;32m[Kdeclare_parameter[m[K(const std::string&, const rcl_interfaces::msg::ParameterDescriptor&, bool)[m[Kâ€™
[6.392s]   513 |   [01;36m[Kdeclare_parameter[m[K(
[6.392s]       |   [01;36m[K^~~~~~~~~~~~~~~~~[m[K
[6.392s] [01m[K/opt/ros/jazzy/include/rclcpp/rclcpp/node.hpp:513:3:[m[K [01;36m[Knote: [m[K  template argument deduction/substitution failed:
[6.392s] [01m[K/home/terry/robot_ws/src/ydlidar_ros2_driver/src/ydlidar_ros2_driver_node.cpp:114:26:[m[K [01;36m[Knote: [m[K  couldnâ€™t deduce template parameter â€˜[01m[KParameterT[m[Kâ€™
[6.392s]   114 |   [01;36m[Knode->declare_parameter("isSingleChannel")[m[K;
[6.392s]       |   [01;36m[K~~~~~~~~~~~~~~~~~~~~~~~^~~~~~~~~~~~~~~~~~~[m[K
[6.392s] [01m[K/opt/ros/jazzy/include/rclcpp/rclcpp/node.hpp:445:3:[m[K [01;36m[Knote: [m[Kcandidate: â€˜[01m[Kconst rclcpp::ParameterValue& rclcpp::Node::[01;32m[Kdeclare_parameter[m[K(const std::string&, const rclcpp::ParameterValue&, const rcl_interfaces::msg::ParameterDescriptor&, bool)[m[Kâ€™
[6.392s]   445 |   [01;36m[Kdeclare_parameter[m[K(
[6.392s]       |   [01;36m[K^~~~~~~~~~~~~~~~~[m[K
[6.393s] [01m[K/opt/ros/jazzy/include/rclcpp/rclcpp/node.hpp:445:3:[m[K [01;36m[Knote: [m[K  candidate expects 4 arguments, 1 provided
[6.393s] [01m[K/opt/ros/jazzy/include/rclcpp/rclcpp/node.hpp:470:3:[m[K [01;36m[Knote: [m[Kcandidate: â€˜[01m[Kconst rclcpp::ParameterValue& rclcpp::Node::[01;32m[Kdeclare_parameter[m[K(const std::string&, rclcpp::ParameterType, const rcl_interfaces::msg::ParameterDescriptor&, bool)[m[Kâ€™
[6.393s]   470 |   [01;36m[Kdeclare_parameter[m[K(
[6.393s]       |   [01;36m[K^~~~~~~~~~~~~~~~~[m[K
[6.393s] [01m[K/opt/ros/jazzy/include/rclcpp/rclcpp/node.hpp:470:3:[m[K [01;36m[Knote: [m[K  candidate expects 4 arguments, 1 provided
[6.393s] [01m[K/home/terry/robot_ws/src/ydlidar_ros2_driver/src/ydlidar_ros2_driver_node.cpp:119:26:[m[K [01;31m[Kerror: [m[Kno matching function for call to â€˜[01m[Krclcpp::Node::declare_parameter(const char [10])[m[Kâ€™
[6.393s]   119 |   [01;31m[Knode->declare_parameter("intensity")[m[K;
[6.393s]       |   [01;31m[K~~~~~~~~~~~~~~~~~~~~~~~^~~~~~~~~~~~~[m[K
[6.393s] [01m[K/opt/ros/jazzy/include/rclcpp/rclcpp/node.hpp:500:3:[m[K [01;36m[Knote: [m[Kcandidate: â€˜[01m[Ktemplate<class ParameterT> auto rclcpp::Node::[01;32m[Kdeclare_parameter[m[K(const std::string&, const ParameterT&, const rcl_interfaces::msg::ParameterDescriptor&, bool)[m[Kâ€™
[6.393s]   500 |   [01;36m[Kdeclare_parameter[m[K(
[6.394s]       |   [01;36m[K^~~~~~~~~~~~~~~~~[m[K
[6.394s] [01m[K/opt/ros/jazzy/include/rclcpp/rclcpp/node.hpp:500:3:[m[K [01;36m[Knote: [m[K  template argument deduction/substitution failed:
[6.394s] [01m[K/home/terry/robot_ws/src/ydlidar_ros2_driver/src/ydlidar_ros2_driver_node.cpp:119:26:[m[K [01;36m[Knote: [m[K  candidate expects 4 arguments, 1 provided
[6.394s]   119 |   [01;36m[Knode->declare_parameter("intensity")[m[K;
[6.394s]       |   [01;36m[K~~~~~~~~~~~~~~~~~~~~~~~^~~~~~~~~~~~~[m[K
[6.394s] [01m[K/opt/ros/jazzy/include/rclcpp/rclcpp/node.hpp:513:3:[m[K [01;36m[Knote: [m[Kcandidate: â€˜[01m[Ktemplate<class ParameterT> auto rclcpp::Node::[01;32m[Kdeclare_parameter[m[K(const std::string&, const rcl_interfaces::msg::ParameterDescriptor&, bool)[m[Kâ€™
[6.394s]   513 |   [01;36m[Kdeclare_parameter[m[K(
[6.394s]       |   [01;36m[K^~~~~~~~~~~~~~~~~[m[K
[6.394s] [01m[K/opt/ros/jazzy/include/rclcpp/rclcpp/node.hpp:513:3:[m[K [01;36m[Knote: [m[K  template argument deduction/substitution failed:
[6.394s] [01m[K/home/terry/robot_ws/src/ydlidar_ros2_driver/src/ydlidar_ros2_driver_node.cpp:119:26:[m[K [01;36m[Knote: [m[K  couldnâ€™t deduce template parameter â€˜[01m[KParameterT[m[Kâ€™
[6.395s]   119 |   [01;36m[Knode->declare_parameter("intensity")[m[K;
[6.395s]       |   [01;36m[K~~~~~~~~~~~~~~~~~~~~~~~^~~~~~~~~~~~~[m[K
[6.395s] [01m[K/opt/ros/jazzy/include/rclcpp/rclcpp/node.hpp:445:3:[m[K [01;36m[Knote: [m[Kcandidate: â€˜[01m[Kconst rclcpp::ParameterValue& rclcpp::Node::[01;32m[Kdeclare_parameter[m[K(const std::string&, const rclcpp::ParameterValue&, const rcl_interfaces::msg::ParameterDescriptor&, bool)[m[Kâ€™
[6.395s]   445 |   [01;36m[Kdeclare_parameter[m[K(
[6.395s]       |   [01;36m[K^~~~~~~~~~~~~~~~~[m[K
[6.395s] [01m[K/opt/ros/jazzy/include/rclcpp/rclcpp/node.hpp:445:3:[m[K [01;36m[Knote: [m[K  candidate expects 4 arguments, 1 provided
[6.395s] [01m[K/opt/ros/jazzy/include/rclcpp/rclcpp/node.hpp:470:3:[m[K [01;36m[Knote: [m[Kcandidate: â€˜[01m[Kconst rclcpp::ParameterValue& rclcpp::Node::[01;32m[Kdeclare_parameter[m[K(const std::string&, rclcpp::ParameterType, const rcl_interfaces::msg::ParameterDescriptor&, bool)[m[Kâ€™
[6.395s]   470 |   [01;36m[Kdeclare_parameter[m[K(
[6.395s]       |   [01;36m[K^~~~~~~~~~~~~~~~~[m[K
[6.395s] [01m[K/opt/ros/jazzy/include/rclcpp/rclcpp/node.hpp:470:3:[m[K [01;36m[Knote: [m[K  candidate expects 4 arguments, 1 provided
[6.395s] [01m[K/home/terry/robot_ws/src/ydlidar_ros2_driver/src/ydlidar_ros2_driver_node.cpp:124:26:[m[K [01;31m[Kerror: [m[Kno matching function for call to â€˜[01m[Krclcpp::Node::declare_parameter(const char [18])[m[Kâ€™
[6.396s]   124 |   [01;31m[Knode->declare_parameter("support_motor_dtr")[m[K;
[6.396s]       |   [01;31m[K~~~~~~~~~~~~~~~~~~~~~~~^~~~~~~~~~~~~~~~~~~~~[m[K
[6.396s] [01m[K/opt/ros/jazzy/include/rclcpp/rclcpp/node.hpp:500:3:[m[K [01;36m[Knote: [m[Kcandidate: â€˜[01m[Ktemplate<class ParameterT> auto rclcpp::Node::[01;32m[Kdeclare_parameter[m[K(const std::string&, const ParameterT&, const rcl_interfaces::msg::ParameterDescriptor&, bool)[m[Kâ€™
[6.396s]   500 |   [01;36m[Kdeclare_parameter[m[K(
[6.396s]       |   [01;36m[K^~~~~~~~~~~~~~~~~[m[K
[6.396s] [01m[K/opt/ros/jazzy/include/rclcpp/rclcpp/node.hpp:500:3:[m[K [01;36m[Knote: [m[K  template argument deduction/substitution failed:
[6.396s] [01m[K/home/terry/robot_ws/src/ydlidar_ros2_driver/src/ydlidar_ros2_driver_node.cpp:124:26:[m[K [01;36m[Knote: [m[K  candidate expects 4 arguments, 1 provided
[6.396s]   124 |   [01;36m[Knode->declare_parameter("support_motor_dtr")[m[K;
[6.396s]       |   [01;36m[K~~~~~~~~~~~~~~~~~~~~~~~^~~~~~~~~~~~~~~~~~~~~[m[K
[6.396s] [01m[K/opt/ros/jazzy/include/rclcpp/rclcpp/node.hpp:513:3:[m[K [01;36m[Knote: [m[Kcandidate: â€˜[01m[Ktemplate<class ParameterT> auto rclcpp::Node::[01;32m[Kdeclare_parameter[m[K(const std::string&, const rcl_interfaces::msg::ParameterDescriptor&, bool)[m[Kâ€™
[6.397s]   513 |   [01;36m[Kdeclare_parameter[m[K(
[6.397s]       |   [01;36m[K^~~~~~~~~~~~~~~~~[m[K
[6.397s] [01m[K/opt/ros/jazzy/include/rclcpp/rclcpp/node.hpp:513:3:[m[K [01;36m[Knote: [m[K  template argument deduction/substitution failed:
[6.397s] [01m[K/home/terry/robot_ws/src/ydlidar_ros2_driver/src/ydlidar_ros2_driver_node.cpp:124:26:[m[K [01;36m[Knote: [m[K  couldnâ€™t deduce template parameter â€˜[01m[KParameterT[m[Kâ€™
[6.397s]   124 |   [01;36m[Knode->declare_parameter("support_motor_dtr")[m[K;
[6.397s]       |   [01;36m[K~~~~~~~~~~~~~~~~~~~~~~~^~~~~~~~~~~~~~~~~~~~~[m[K
[6.397s] [01m[K/opt/ros/jazzy/include/rclcpp/rclcpp/node.hpp:445:3:[m[K [01;36m[Knote: [m[Kcandidate: â€˜[01m[Kconst rclcpp::ParameterValue& rclcpp::Node::[01;32m[Kdeclare_parameter[m[K(const std::string&, const rclcpp::ParameterValue&, const rcl_interfaces::msg::ParameterDescriptor&, bool)[m[Kâ€™
[6.397s]   445 |   [01;36m[Kdeclare_parameter[m[K(
[6.397s]       |   [01;36m[K^~~~~~~~~~~~~~~~~[m[K
[6.397s] [01m[K/opt/ros/jazzy/include/rclcpp/rclcpp/node.hpp:445:3:[m[K [01;36m[Knote: [m[K  candidate expects 4 arguments, 1 provided
[6.398s] [01m[K/opt/ros/jazzy/include/rclcpp/rclcpp/node.hpp:470:3:[m[K [01;36m[Knote: [m[Kcandidate: â€˜[01m[Kconst rclcpp::ParameterValue& rclcpp::Node::[01;32m[Kdeclare_parameter[m[K(const std::string&, rclcpp::ParameterType, const rcl_interfaces::msg::ParameterDescriptor&, bool)[m[Kâ€™
[6.398s]   470 |   [01;36m[Kdeclare_parameter[m[K(
[6.398s]       |   [01;36m[K^~~~~~~~~~~~~~~~~[m[K
[6.398s] [01m[K/opt/ros/jazzy/include/rclcpp/rclcpp/node.hpp:470:3:[m[K [01;36m[Knote: [m[K  candidate expects 4 arguments, 1 provided
[6.398s] [01m[K/home/terry/robot_ws/src/ydlidar_ros2_driver/src/ydlidar_ros2_driver_node.cpp:129:26:[m[K [01;31m[Kerror: [m[Kno matching function for call to â€˜[01m[Krclcpp::Node::declare_parameter(const char [6])[m[Kâ€™
[6.398s]   129 |   [01;31m[Knode->declare_parameter("debug")[m[K;
[6.398s]       |   [01;31m[K~~~~~~~~~~~~~~~~~~~~~~~^~~~~~~~~[m[K
[6.398s] [01m[K/opt/ros/jazzy/include/rclcpp/rclcpp/node.hpp:500:3:[m[K [01;36m[Knote: [m[Kcandidate: â€˜[01m[Ktemplate<class ParameterT> auto rclcpp::Node::[01;32m[Kdeclare_parameter[m[K(const std::string&, const ParameterT&, const rcl_interfaces::msg::ParameterDescriptor&, bool)[m[Kâ€™
[6.398s]   500 |   [01;36m[Kdeclare_parameter[m[K(
[6.398s]       |   [01;36m[K^~~~~~~~~~~~~~~~~[m[K
[6.398s] [01m[K/opt/ros/jazzy/include/rclcpp/rclcpp/node.hpp:500:3:[m[K [01;36m[Knote: [m[K  template argument deduction/substitution failed:
[6.399s] [01m[K/home/terry/robot_ws/src/ydlidar_ros2_driver/src/ydlidar_ros2_driver_node.cpp:129:26:[m[K [01;36m[Knote: [m[K  candidate expects 4 arguments, 1 provided
[6.399s]   129 |   [01;36m[Knode->declare_parameter("debug")[m[K;
[6.399s]       |   [01;36m[K~~~~~~~~~~~~~~~~~~~~~~~^~~~~~~~~[m[K
[6.399s] [01m[K/opt/ros/jazzy/include/rclcpp/rclcpp/node.hpp:513:3:[m[K [01;36m[Knote: [m[Kcandidate: â€˜[01m[Ktemplate<class ParameterT> auto rclcpp::Node::[01;32m[Kdeclare_parameter[m[K(const std::string&, const rcl_interfaces::msg::ParameterDescriptor&, bool)[m[Kâ€™
[6.399s]   513 |   [01;36m[Kdeclare_parameter[m[K(
[6.399s]       |   [01;36m[K^~~~~~~~~~~~~~~~~[m[K
[6.399s] [01m[K/opt/ros/jazzy/include/rclcpp/rclcpp/node.hpp:513:3:[m[K [01;36m[Knote: [m[K  template argument deduction/substitution failed:
[6.399s] [01m[K/home/terry/robot_ws/src/ydlidar_ros2_driver/src/ydlidar_ros2_driver_node.cpp:129:26:[m[K [01;36m[Knote: [m[K  couldnâ€™t deduce template parameter â€˜[01m[KParameterT[m[Kâ€™
[6.399s]   129 |   [01;36m[Knode->declare_parameter("debug")[m[K;
[6.399s]       |   [01;36m[K~~~~~~~~~~~~~~~~~~~~~~~^~~~~~~~~[m[K
[6.400s] [01m[K/opt/ros/jazzy/include/rclcpp/rclcpp/node.hpp:445:3:[m[K [01;36m[Knote: [m[Kcandidate: â€˜[01m[Kconst rclcpp::ParameterValue& rclcpp::Node::[01;32m[Kdeclare_parameter[m[K(const std::string&, const rclcpp::ParameterValue&, const rcl_interfaces::msg::ParameterDescriptor&, bool)[m[Kâ€™
[6.400s]   445 |   [01;36m[Kdeclare_parameter[m[K(
[6.400s]       |   [01;36m[K^~~~~~~~~~~~~~~~~[m[K
[6.400s] [01m[K/opt/ros/jazzy/include/rclcpp/rclcpp/node.hpp:445:3:[m[K [01;36m[Knote: [m[K  candidate expects 4 arguments, 1 provided
[6.400s] [01m[K/opt/ros/jazzy/include/rclcpp/rclcpp/node.hpp:470:3:[m[K [01;36m[Knote: [m[Kcandidate: â€˜[01m[Kconst rclcpp::ParameterValue& rclcpp::Node::[01;32m[Kdeclare_parameter[m[K(const std::string&, rclcpp::ParameterType, const rcl_interfaces::msg::ParameterDescriptor&, bool)[m[Kâ€™
[6.400s]   470 |   [01;36m[Kdeclare_parameter[m[K(
[6.400s]       |   [01;36m[K^~~~~~~~~~~~~~~~~[m[K
[6.400s] [01m[K/opt/ros/jazzy/include/rclcpp/rclcpp/node.hpp:470:3:[m[K [01;36m[Knote: [m[K  candidate expects 4 arguments, 1 provided
[6.400s] [01m[K/home/terry/robot_ws/src/ydlidar_ros2_driver/src/ydlidar_ros2_driver_node.cpp:136:26:[m[K [01;31m[Kerror: [m[Kno matching function for call to â€˜[01m[Krclcpp::Node::declare_parameter(const char [10])[m[Kâ€™
[6.400s]   136 |   [01;31m[Knode->declare_parameter("angle_max")[m[K;
[6.400s]       |   [01;31m[K~~~~~~~~~~~~~~~~~~~~~~~^~~~~~~~~~~~~[m[K
[6.401s] [01m[K/opt/ros/jazzy/include/rclcpp/rclcpp/node.hpp:500:3:[m[K [01;36m[Knote: [m[Kcandidate: â€˜[01m[Ktemplate<class ParameterT> auto rclcpp::Node::[01;32m[Kdeclare_parameter[m[K(const std::string&, const ParameterT&, const rcl_interfaces::msg::ParameterDescriptor&, bool)[m[Kâ€™
[6.401s]   500 |   [01;36m[Kdeclare_parameter[m[K(
[6.401s]       |   [01;36m[K^~~~~~~~~~~~~~~~~[m[K
[6.401s] [01m[K/opt/ros/jazzy/include/rclcpp/rclcpp/node.hpp:500:3:[m[K [01;36m[Knote: [m[K  template argument deduction/substitution failed:
[6.401s] [01m[K/home/terry/robot_ws/src/ydlidar_ros2_driver/src/ydlidar_ros2_driver_node.cpp:136:26:[m[K [01;36m[Knote: [m[K  candidate expects 4 arguments, 1 provided
[6.401s]   136 |   [01;36m[Knode->declare_parameter("angle_max")[m[K;
[6.401s]       |   [01;36m[K~~~~~~~~~~~~~~~~~~~~~~~^~~~~~~~~~~~~[m[K
[6.401s] [01m[K/opt/ros/jazzy/include/rclcpp/rclcpp/node.hpp:513:3:[m[K [01;36m[Knote: [m[Kcandidate: â€˜[01m[Ktemplate<class ParameterT> auto rclcpp::Node::[01;32m[Kdeclare_parameter[m[K(const std::string&, const rcl_interfaces::msg::ParameterDescriptor&, bool)[m[Kâ€™
[6.401s]   513 |   [01;36m[Kdeclare_parameter[m[K(
[6.402s]       |   [01;36m[K^~~~~~~~~~~~~~~~~[m[K
[6.402s] [01m[K/opt/ros/jazzy/include/rclcpp/rclcpp/node.hpp:513:3:[m[K [01;36m[Knote: [m[K  template argument deduction/substitution failed:
[6.402s] [01m[K/home/terry/robot_ws/src/ydlidar_ros2_driver/src/ydlidar_ros2_driver_node.cpp:136:26:[m[K [01;36m[Knote: [m[K  couldnâ€™t deduce template parameter â€˜[01m[KParameterT[m[Kâ€™
[6.402s]   136 |   [01;36m[Knode->declare_parameter("angle_max")[m[K;
[6.402s]       |   [01;36m[K~~~~~~~~~~~~~~~~~~~~~~~^~~~~~~~~~~~~[m[K
[6.402s] [01m[K/opt/ros/jazzy/include/rclcpp/rclcpp/node.hpp:445:3:[m[K [01;36m[Knote: [m[Kcandidate: â€˜[01m[Kconst rclcpp::ParameterValue& rclcpp::Node::[01;32m[Kdeclare_parameter[m[K(const std::string&, const rclcpp::ParameterValue&, const rcl_interfaces::msg::ParameterDescriptor&, bool)[m[Kâ€™
[6.402s]   445 |   [01;36m[Kdeclare_parameter[m[K(
[6.402s]       |   [01;36m[K^~~~~~~~~~~~~~~~~[m[K
[6.402s] [01m[K/opt/ros/jazzy/include/rclcpp/rclcpp/node.hpp:445:3:[m[K [01;36m[Knote: [m[K  candidate expects 4 arguments, 1 provided
[6.403s] [01m[K/opt/ros/jazzy/include/rclcpp/rclcpp/node.hpp:470:3:[m[K [01;36m[Knote: [m[Kcandidate: â€˜[01m[Kconst rclcpp::ParameterValue& rclcpp::Node::[01;32m[Kdeclare_parameter[m[K(const std::string&, rclcpp::ParameterType, const rcl_interfaces::msg::ParameterDescriptor&, bool)[m[Kâ€™
[6.403s]   470 |   [01;36m[Kdeclare_parameter[m[K(
[6.403s]       |   [01;36m[K^~~~~~~~~~~~~~~~~[m[K
[6.403s] [01m[K/opt/ros/jazzy/include/rclcpp/rclcpp/node.hpp:470:3:[m[K [01;36m[Knote: [m[K  candidate expects 4 arguments, 1 provided
[6.403s] [01m[K/home/terry/robot_ws/src/ydlidar_ros2_driver/src/ydlidar_ros2_driver_node.cpp:140:26:[m[K [01;31m[Kerror: [m[Kno matching function for call to â€˜[01m[Krclcpp::Node::declare_parameter(const char [10])[m[Kâ€™
[6.403s]   140 |   [01;31m[Knode->declare_parameter("angle_min")[m[K;
[6.403s]       |   [01;31m[K~~~~~~~~~~~~~~~~~~~~~~~^~~~~~~~~~~~~[m[K
[6.403s] [01m[K/opt/ros/jazzy/include/rclcpp/rclcpp/node.hpp:500:3:[m[K [01;36m[Knote: [m[Kcandidate: â€˜[01m[Ktemplate<class ParameterT> auto rclcpp::Node::[01;32m[Kdeclare_parameter[m[K(const std::string&, const ParameterT&, const rcl_interfaces::msg::ParameterDescriptor&, bool)[m[Kâ€™
[6.403s]   500 |   [01;36m[Kdeclare_parameter[m[K(
[6.403s]       |   [01;36m[K^~~~~~~~~~~~~~~~~[m[K
[6.404s] [01m[K/opt/ros/jazzy/include/rclcpp/rclcpp/node.hpp:500:3:[m[K [01;36m[Knote: [m[K  template argument deduction/substitution failed:
[6.404s] [01m[K/home/terry/robot_ws/src/ydlidar_ros2_driver/src/ydlidar_ros2_driver_node.cpp:140:26:[m[K [01;36m[Knote: [m[K  candidate expects 4 arguments, 1 provided
[6.404s]   140 |   [01;36m[Knode->declare_parameter("angle_min")[m[K;
[6.404s]       |   [01;36m[K~~~~~~~~~~~~~~~~~~~~~~~^~~~~~~~~~~~~[m[K
[6.404s] [01m[K/opt/ros/jazzy/include/rclcpp/rclcpp/node.hpp:513:3:[m[K [01;36m[Knote: [m[Kcandidate: â€˜[01m[Ktemplate<class ParameterT> auto rclcpp::Node::[01;32m[Kdeclare_parameter[m[K(const std::string&, const rcl_interfaces::msg::ParameterDescriptor&, bool)[m[Kâ€™
[6.404s]   513 |   [01;36m[Kdeclare_parameter[m[K(
[6.404s]       |   [01;36m[K^~~~~~~~~~~~~~~~~[m[K
[6.404s] [01m[K/opt/ros/jazzy/include/rclcpp/rclcpp/node.hpp:513:3:[m[K [01;36m[Knote: [m[K  template argument deduction/substitution failed:
[6.404s] [01m[K/home/terry/robot_ws/src/ydlidar_ros2_driver/src/ydlidar_ros2_driver_node.cpp:140:26:[m[K [01;36m[Knote: [m[K  couldnâ€™t deduce template parameter â€˜[01m[KParameterT[m[Kâ€™
[6.404s]   140 |   [01;36m[Knode->declare_parameter("angle_min")[m[K;
[6.405s]       |   [01;36m[K~~~~~~~~~~~~~~~~~~~~~~~^~~~~~~~~~~~~[m[K
[6.405s] [01m[K/opt/ros/jazzy/include/rclcpp/rclcpp/node.hpp:445:3:[m[K [01;36m[Knote: [m[Kcandidate: â€˜[01m[Kconst rclcpp::ParameterValue& rclcpp::Node::[01;32m[Kdeclare_parameter[m[K(const std::string&, const rclcpp::ParameterValue&, const rcl_interfaces::msg::ParameterDescriptor&, bool)[m[Kâ€™
[6.405s]   445 |   [01;36m[Kdeclare_parameter[m[K(
[6.405s]       |   [01;36m[K^~~~~~~~~~~~~~~~~[m[K
[6.405s] [01m[K/opt/ros/jazzy/include/rclcpp/rclcpp/node.hpp:445:3:[m[K [01;36m[Knote: [m[K  candidate expects 4 arguments, 1 provided
[6.405s] [01m[K/opt/ros/jazzy/include/rclcpp/rclcpp/node.hpp:470:3:[m[K [01;36m[Knote: [m[Kcandidate: â€˜[01m[Kconst rclcpp::ParameterValue& rclcpp::Node::[01;32m[Kdeclare_parameter[m[K(const std::string&, rclcpp::ParameterType, const rcl_interfaces::msg::ParameterDescriptor&, bool)[m[Kâ€™
[6.405s]   470 |   [01;36m[Kdeclare_parameter[m[K(
[6.405s]       |   [01;36m[K^~~~~~~~~~~~~~~~~[m[K
[6.405s] [01m[K/opt/ros/jazzy/include/rclcpp/rclcpp/node.hpp:470:3:[m[K [01;36m[Knote: [m[K  candidate expects 4 arguments, 1 provided
[6.405s] [01m[K/home/terry/robot_ws/src/ydlidar_ros2_driver/src/ydlidar_ros2_driver_node.cpp:145:26:[m[K [01;31m[Kerror: [m[Kno matching function for call to â€˜[01m[Krclcpp::Node::declare_parameter(const char [10])[m[Kâ€™
[6.406s]   145 |   [01;31m[Knode->declare_parameter("range_max")[m[K;
[6.406s]       |   [01;31m[K~~~~~~~~~~~~~~~~~~~~~~~^~~~~~~~~~~~~[m[K
[6.406s] [01m[K/opt/ros/jazzy/include/rclcpp/rclcpp/node.hpp:500:3:[m[K [01;36m[Knote: [m[Kcandidate: â€˜[01m[Ktemplate<class ParameterT> auto rclcpp::Node::[01;32m[Kdeclare_parameter[m[K(const std::string&, const ParameterT&, const rcl_interfaces::msg::ParameterDescriptor&, bool)[m[Kâ€™
[6.406s]   500 |   [01;36m[Kdeclare_parameter[m[K(
[6.406s]       |   [01;36m[K^~~~~~~~~~~~~~~~~[m[K
[6.406s] [01m[K/opt/ros/jazzy/include/rclcpp/rclcpp/node.hpp:500:3:[m[K [01;36m[Knote: [m[K  template argument deduction/substitution failed:
[6.406s] [01m[K/home/terry/robot_ws/src/ydlidar_ros2_driver/src/ydlidar_ros2_driver_node.cpp:145:26:[m[K [01;36m[Knote: [m[K  candidate expects 4 arguments, 1 provided
[6.406s]   145 |   [01;36m[Knode->declare_parameter("range_max")[m[K;
[6.406s]       |   [01;36m[K~~~~~~~~~~~~~~~~~~~~~~~^~~~~~~~~~~~~[m[K
[6.406s] [01m[K/opt/ros/jazzy/include/rclcpp/rclcpp/node.hpp:513:3:[m[K [01;36m[Knote: [m[Kcandidate: â€˜[01m[Ktemplate<class ParameterT> auto rclcpp::Node::[01;32m[Kdeclare_parameter[m[K(const std::string&, const rcl_interfaces::msg::ParameterDescriptor&, bool)[m[Kâ€™
[6.407s]   513 |   [01;36m[Kdeclare_parameter[m[K(
[6.407s]       |   [01;36m[K^~~~~~~~~~~~~~~~~[m[K
[6.407s] [01m[K/opt/ros/jazzy/include/rclcpp/rclcpp/node.hpp:513:3:[m[K [01;36m[Knote: [m[K  template argument deduction/substitution failed:
[6.407s] [01m[K/home/terry/robot_ws/src/ydlidar_ros2_driver/src/ydlidar_ros2_driver_node.cpp:145:26:[m[K [01;36m[Knote: [m[K  couldnâ€™t deduce template parameter â€˜[01m[KParameterT[m[Kâ€™
[6.407s]   145 |   [01;36m[Knode->declare_parameter("range_max")[m[K;
[6.407s]       |   [01;36m[K~~~~~~~~~~~~~~~~~~~~~~~^~~~~~~~~~~~~[m[K
[6.408s] [01m[K/opt/ros/jazzy/include/rclcpp/rclcpp/node.hpp:445:3:[m[K [01;36m[Knote: [m[Kcandidate: â€˜[01m[Kconst rclcpp::ParameterValue& rclcpp::Node::[01;32m[Kdeclare_parameter[m[K(const std::string&, const rclcpp::ParameterValue&, const rcl_interfaces::msg::ParameterDescriptor&, bool)[m[Kâ€™
[6.408s]   445 |   [01;36m[Kdeclare_parameter[m[K(
[6.408s]       |   [01;36m[K^~~~~~~~~~~~~~~~~[m[K
[6.408s] [01m[K/opt/ros/jazzy/include/rclcpp/rclcpp/node.hpp:445:3:[m[K [01;36m[Knote: [m[K  candidate expects 4 arguments, 1 provided
[6.408s] [01m[K/opt/ros/jazzy/include/rclcpp/rclcpp/node.hpp:470:3:[m[K [01;36m[Knote: [m[Kcandidate: â€˜[01m[Kconst rclcpp::ParameterValue& rclcpp::Node::[01;32m[Kdeclare_parameter[m[K(const std::string&, rclcpp::ParameterType, const rcl_interfaces::msg::ParameterDescriptor&, bool)[m[Kâ€™
[6.408s]   470 |   [01;36m[Kdeclare_parameter[m[K(
[6.408s]       |   [01;36m[K^~~~~~~~~~~~~~~~~[m[K
[6.408s] [01m[K/opt/ros/jazzy/include/rclcpp/rclcpp/node.hpp:470:3:[m[K [01;36m[Knote: [m[K  candidate expects 4 arguments, 1 provided
[6.408s] [01m[K/home/terry/robot_ws/src/ydlidar_ros2_driver/src/ydlidar_ros2_driver_node.cpp:149:26:[m[K [01;31m[Kerror: [m[Kno matching function for call to â€˜[01m[Krclcpp::Node::declare_parameter(const char [10])[m[Kâ€™
[6.408s]   149 |   [01;31m[Knode->declare_parameter("range_min")[m[K;
[6.409s]       |   [01;31m[K~~~~~~~~~~~~~~~~~~~~~~~^~~~~~~~~~~~~[m[K
[6.409s] [01m[K/opt/ros/jazzy/include/rclcpp/rclcpp/node.hpp:500:3:[m[K [01;36m[Knote: [m[Kcandidate: â€˜[01m[Ktemplate<class ParameterT> auto rclcpp::Node::[01;32m[Kdeclare_parameter[m[K(const std::string&, const ParameterT&, const rcl_interfaces::msg::ParameterDescriptor&, bool)[m[Kâ€™
[6.409s]   500 |   [01;36m[Kdeclare_parameter[m[K(
[6.409s]       |   [01;36m[K^~~~~~~~~~~~~~~~~[m[K
[6.409s] [01m[K/opt/ros/jazzy/include/rclcpp/rclcpp/node.hpp:500:3:[m[K [01;36m[Knote: [m[K  template argument deduction/substitution failed:
[6.409s] [01m[K/home/terry/robot_ws/src/ydlidar_ros2_driver/src/ydlidar_ros2_driver_node.cpp:149:26:[m[K [01;36m[Knote: [m[K  candidate expects 4 arguments, 1 provided
[6.409s]   149 |   [01;36m[Knode->declare_parameter("range_min")[m[K;
[6.409s]       |   [01;36m[K~~~~~~~~~~~~~~~~~~~~~~~^~~~~~~~~~~~~[m[K
[6.409s] [01m[K/opt/ros/jazzy/include/rclcpp/rclcpp/node.hpp:513:3:[m[K [01;36m[Knote: [m[Kcandidate: â€˜[01m[Ktemplate<class ParameterT> auto rclcpp::Node::[01;32m[Kdeclare_parameter[m[K(const std::string&, const rcl_interfaces::msg::ParameterDescriptor&, bool)[m[Kâ€™
[6.409s]   513 |   [01;36m[Kdeclare_parameter[m[K(
[6.410s]       |   [01;36m[K^~~~~~~~~~~~~~~~~[m[K
[6.410s] [01m[K/opt/ros/jazzy/include/rclcpp/rclcpp/node.hpp:513:3:[m[K [01;36m[Knote: [m[K  template argument deduction/substitution failed:
[6.410s] [01m[K/home/terry/robot_ws/src/ydlidar_ros2_driver/src/ydlidar_ros2_driver_node.cpp:149:26:[m[K [01;36m[Knote: [m[K  couldnâ€™t deduce template parameter â€˜[01m[KParameterT[m[Kâ€™
[6.410s]   149 |   [01;36m[Knode->declare_parameter("range_min")[m[K;
[6.410s]       |   [01;36m[K~~~~~~~~~~~~~~~~~~~~~~~^~~~~~~~~~~~~[m[K
[6.410s] [01m[K/opt/ros/jazzy/include/rclcpp/rclcpp/node.hpp:445:3:[m[K [01;36m[Knote: [m[Kcandidate: â€˜[01m[Kconst rclcpp::ParameterValue& rclcpp::Node::[01;32m[Kdeclare_parameter[m[K(const std::string&, const rclcpp::ParameterValue&, const rcl_interfaces::msg::ParameterDescriptor&, bool)[m[Kâ€™
[6.410s]   445 |   [01;36m[Kdeclare_parameter[m[K(
[6.410s]       |   [01;36m[K^~~~~~~~~~~~~~~~~[m[K
[6.410s] [01m[K/opt/ros/jazzy/include/rclcpp/rclcpp/node.hpp:445:3:[m[K [01;36m[Knote: [m[K  candidate expects 4 arguments, 1 provided
[6.410s] [01m[K/opt/ros/jazzy/include/rclcpp/rclcpp/node.hpp:470:3:[m[K [01;36m[Knote: [m[Kcandidate: â€˜[01m[Kconst rclcpp::ParameterValue& rclcpp::Node::[01;32m[Kdeclare_parameter[m[K(const std::string&, rclcpp::ParameterType, const rcl_interfaces::msg::ParameterDescriptor&, bool)[m[Kâ€™
[6.410s]   470 |   [01;36m[Kdeclare_parameter[m[K(
[6.411s]       |   [01;36m[K^~~~~~~~~~~~~~~~~[m[K
[6.411s] [01m[K/opt/ros/jazzy/include/rclcpp/rclcpp/node.hpp:470:3:[m[K [01;36m[Knote: [m[K  candidate expects 4 arguments, 1 provided
[6.411s] [01m[K/home/terry/robot_ws/src/ydlidar_ros2_driver/src/ydlidar_ros2_driver_node.cpp:154:26:[m[K [01;31m[Kerror: [m[Kno matching function for call to â€˜[01m[Krclcpp::Node::declare_parameter(const char [10])[m[Kâ€™
[6.411s]   154 |   [01;31m[Knode->declare_parameter("frequency")[m[K;
[6.411s]       |   [01;31m[K~~~~~~~~~~~~~~~~~~~~~~~^~~~~~~~~~~~~[m[K
[6.411s] [01m[K/opt/ros/jazzy/include/rclcpp/rclcpp/node.hpp:500:3:[m[K [01;36m[Knote: [m[Kcandidate: â€˜[01m[Ktemplate<class ParameterT> auto rclcpp::Node::[01;32m[Kdeclare_parameter[m[K(const std::string&, const ParameterT&, const rcl_interfaces::msg::ParameterDescriptor&, bool)[m[Kâ€™
[6.411s]   500 |   [01;36m[Kdeclare_parameter[m[K(
[6.411s]       |   [01;36m[K^~~~~~~~~~~~~~~~~[m[K
[6.411s] [01m[K/opt/ros/jazzy/include/rclcpp/rclcpp/node.hpp:500:3:[m[K [01;36m[Knote: [m[K  template argument deduction/substitution failed:
[6.411s] [01m[K/home/terry/robot_ws/src/ydlidar_ros2_driver/src/ydlidar_ros2_driver_node.cpp:154:26:[m[K [01;36m[Knote: [m[K  candidate expects 4 arguments, 1 provided
[6.412s]   154 |   [01;36m[Knode->declare_parameter("frequency")[m[K;
[6.412s]       |   [01;36m[K~~~~~~~~~~~~~~~~~~~~~~~^~~~~~~~~~~~~[m[K
[6.412s] [01m[K/opt/ros/jazzy/include/rclcpp/rclcpp/node.hpp:513:3:[m[K [01;36m[Knote: [m[Kcandidate: â€˜[01m[Ktemplate<class ParameterT> auto rclcpp::Node::[01;32m[Kdeclare_parameter[m[K(const std::string&, const rcl_interfaces::msg::ParameterDescriptor&, bool)[m[Kâ€™
[6.412s]   513 |   [01;36m[Kdeclare_parameter[m[K(
[6.412s]       |   [01;36m[K^~~~~~~~~~~~~~~~~[m[K
[6.412s] [01m[K/opt/ros/jazzy/include/rclcpp/rclcpp/node.hpp:513:3:[m[K [01;36m[Knote: [m[K  template argument deduction/substitution failed:
[6.412s] [01m[K/home/terry/robot_ws/src/ydlidar_ros2_driver/src/ydlidar_ros2_driver_node.cpp:154:26:[m[K [01;36m[Knote: [m[K  couldnâ€™t deduce template parameter â€˜[01m[KParameterT[m[Kâ€™
[6.412s]   154 |   [01;36m[Knode->declare_parameter("frequency")[m[K;
[6.412s]       |   [01;36m[K~~~~~~~~~~~~~~~~~~~~~~~^~~~~~~~~~~~~[m[K
[6.412s] [01m[K/opt/ros/jazzy/include/rclcpp/rclcpp/node.hpp:445:3:[m[K [01;36m[Knote: [m[Kcandidate: â€˜[01m[Kconst rclcpp::ParameterValue& rclcpp::Node::[01;32m[Kdeclare_parameter[m[K(const std::string&, const rclcpp::ParameterValue&, const rcl_interfaces::msg::ParameterDescriptor&, bool)[m[Kâ€™
[6.413s]   445 |   [01;36m[Kdeclare_parameter[m[K(
[6.413s]       |   [01;36m[K^~~~~~~~~~~~~~~~~[m[K
[6.413s] [01m[K/opt/ros/jazzy/include/rclcpp/rclcpp/node.hpp:445:3:[m[K [01;36m[Knote: [m[K  candidate expects 4 arguments, 1 provided
[6.413s] [01m[K/opt/ros/jazzy/include/rclcpp/rclcpp/node.hpp:470:3:[m[K [01;36m[Knote: [m[Kcandidate: â€˜[01m[Kconst rclcpp::ParameterValue& rclcpp::Node::[01;32m[Kdeclare_parameter[m[K(const std::string&, rclcpp::ParameterType, const rcl_interfaces::msg::ParameterDescriptor&, bool)[m[Kâ€™
[6.413s]   470 |   [01;36m[Kdeclare_parameter[m[K(
[6.413s]       |   [01;36m[K^~~~~~~~~~~~~~~~~[m[K
[6.413s] [01m[K/opt/ros/jazzy/include/rclcpp/rclcpp/node.hpp:470:3:[m[K [01;36m[Knote: [m[K  candidate expects 4 arguments, 1 provided
[6.413s] [01m[K/home/terry/robot_ws/src/ydlidar_ros2_driver/src/ydlidar_ros2_driver_node.cpp:159:26:[m[K [01;31m[Kerror: [m[Kno matching function for call to â€˜[01m[Krclcpp::Node::declare_parameter(const char [21])[m[Kâ€™
[6.413s]   159 |   [01;31m[Knode->declare_parameter("invalid_range_is_inf")[m[K;
[6.413s]       |   [01;31m[K~~~~~~~~~~~~~~~~~~~~~~~^~~~~~~~~~~~~~~~~~~~~~~~[m[K
[6.413s] [01m[K/opt/ros/jazzy/include/rclcpp/rclcpp/node.hpp:500:3:[m[K [01;36m[Knote: [m[Kcandidate: â€˜[01m[Ktemplate<class ParameterT> auto rclcpp::Node::[01;32m[Kdeclare_parameter[m[K(const std::string&, const ParameterT&, const rcl_interfaces::msg::ParameterDescriptor&, bool)[m[Kâ€™
[6.414s]   500 |   [01;36m[Kdeclare_parameter[m[K(
[6.414s]       |   [01;36m[K^~~~~~~~~~~~~~~~~[m[K
[6.414s] [01m[K/opt/ros/jazzy/include/rclcpp/rclcpp/node.hpp:500:3:[m[K [01;36m[Knote: [m[K  template argument deduction/substitution failed:
[6.414s] [01m[K/home/terry/robot_ws/src/ydlidar_ros2_driver/src/ydlidar_ros2_driver_node.cpp:159:26:[m[K [01;36m[Knote: [m[K  candidate expects 4 arguments, 1 provided
[6.414s]   159 |   [01;36m[Knode->declare_parameter("invalid_range_is_inf")[m[K;
[6.414s]       |   [01;36m[K~~~~~~~~~~~~~~~~~~~~~~~^~~~~~~~~~~~~~~~~~~~~~~~[m[K
[6.414s] [01m[K/opt/ros/jazzy/include/rclcpp/rclcpp/node.hpp:513:3:[m[K [01;36m[Knote: [m[Kcandidate: â€˜[01m[Ktemplate<class ParameterT> auto rclcpp::Node::[01;32m[Kdeclare_parameter[m[K(const std::string&, const rcl_interfaces::msg::ParameterDescriptor&, bool)[m[Kâ€™
[6.414s]   513 |   [01;36m[Kdeclare_parameter[m[K(
[6.414s]       |   [01;36m[K^~~~~~~~~~~~~~~~~[m[K
[6.414s] [01m[K/opt/ros/jazzy/include/rclcpp/rclcpp/node.hpp:513:3:[m[K [01;36m[Knote: [m[K  template argument deduction/substitution failed:
[6.415s] [01m[K/home/terry/robot_ws/src/ydlidar_ros2_driver/src/ydlidar_ros2_driver_node.cpp:159:26:[m[K [01;36m[Knote: [m[K  couldnâ€™t deduce template parameter â€˜[01m[KParameterT[m[Kâ€™
[6.415s]   159 |   [01;36m[Knode->declare_parameter("invalid_range_is_inf")[m[K;
[6.415s]       |   [01;36m[K~~~~~~~~~~~~~~~~~~~~~~~^~~~~~~~~~~~~~~~~~~~~~~~[m[K
[6.415s] [01m[K/opt/ros/jazzy/include/rclcpp/rclcpp/node.hpp:445:3:[m[K [01;36m[Knote: [m[Kcandidate: â€˜[01m[Kconst rclcpp::ParameterValue& rclcpp::Node::[01;32m[Kdeclare_parameter[m[K(const std::string&, const rclcpp::ParameterValue&, const rcl_interfaces::msg::ParameterDescriptor&, bool)[m[Kâ€™
[6.415s]   445 |   [01;36m[Kdeclare_parameter[m[K(
[6.415s]       |   [01;36m[K^~~~~~~~~~~~~~~~~[m[K
[6.415s] [01m[K/opt/ros/jazzy/include/rclcpp/rclcpp/node.hpp:445:3:[m[K [01;36m[Knote: [m[K  candidate expects 4 arguments, 1 provided
[6.415s] [01m[K/opt/ros/jazzy/include/rclcpp/rclcpp/node.hpp:470:3:[m[K [01;36m[Knote: [m[Kcandidate: â€˜[01m[Kconst rclcpp::ParameterValue& rclcpp::Node::[01;32m[Kdeclare_parameter[m[K(const std::string&, rclcpp::ParameterType, const rcl_interfaces::msg::ParameterDescriptor&, bool)[m[Kâ€™
[6.415s]   470 |   [01;36m[Kdeclare_parameter[m[K(
[6.415s]       |   [01;36m[K^~~~~~~~~~~~~~~~~[m[K
[6.415s] [01m[K/opt/ros/jazzy/include/rclcpp/rclcpp/node.hpp:470:3:[m[K [01;36m[Knote: [m[K  candidate expects 4 arguments, 1 provided
[6.416s] [01m[K/home/terry/robot_ws/src/ydlidar_ros2_driver/src/ydlidar_ros2_driver_node.cpp:168:28:[m[K [01;31m[Kerror: [m[Kno matching function for call to â€˜[01m[Krclcpp::Node::declare_parameter(const char [8])[m[Kâ€™
[6.416s]   168 |     [01;31m[Knode->declare_parameter("m1_mode")[m[K;
[6.416s]       |     [01;31m[K~~~~~~~~~~~~~~~~~~~~~~~^~~~~~~~~~~[m[K
[6.416s] [01m[K/opt/ros/jazzy/include/rclcpp/rclcpp/node.hpp:500:3:[m[K [01;36m[Knote: [m[Kcandidate: â€˜[01m[Ktemplate<class ParameterT> auto rclcpp::Node::[01;32m[Kdeclare_parameter[m[K(const std::string&, const ParameterT&, const rcl_interfaces::msg::ParameterDescriptor&, bool)[m[Kâ€™
[6.416s]   500 |   [01;36m[Kdeclare_parameter[m[K(
[6.416s]       |   [01;36m[K^~~~~~~~~~~~~~~~~[m[K
[6.416s] [01m[K/opt/ros/jazzy/include/rclcpp/rclcpp/node.hpp:500:3:[m[K [01;36m[Knote: [m[K  template argument deduction/substitution failed:
[6.416s] [01m[K/home/terry/robot_ws/src/ydlidar_ros2_driver/src/ydlidar_ros2_driver_node.cpp:168:28:[m[K [01;36m[Knote: [m[K  candidate expects 4 arguments, 1 provided
[6.416s]   168 |     [01;36m[Knode->declare_parameter("m1_mode")[m[K;
[6.416s]       |     [01;36m[K~~~~~~~~~~~~~~~~~~~~~~~^~~~~~~~~~~[m[K
[6.416s] [01m[K/opt/ros/jazzy/include/rclcpp/rclcpp/node.hpp:513:3:[m[K [01;36m[Knote: [m[Kcandidate: â€˜[01m[Ktemplate<class ParameterT> auto rclcpp::Node::[01;32m[Kdeclare_parameter[m[K(const std::string&, const rcl_interfaces::msg::ParameterDescriptor&, bool)[m[Kâ€™
[6.417s]   513 |   [01;36m[Kdeclare_parameter[m[K(
[6.417s]       |   [01;36m[K^~~~~~~~~~~~~~~~~[m[K
[6.417s] [01m[K/opt/ros/jazzy/include/rclcpp/rclcpp/node.hpp:513:3:[m[K [01;36m[Knote: [m[K  template argument deduction/substitution failed:
[6.417s] [01m[K/home/terry/robot_ws/src/ydlidar_ros2_driver/src/ydlidar_ros2_driver_node.cpp:168:28:[m[K [01;36m[Knote: [m[K  couldnâ€™t deduce template parameter â€˜[01m[KParameterT[m[Kâ€™
[6.417s]   168 |     [01;36m[Knode->declare_parameter("m1_mode")[m[K;
[6.417s]       |     [01;36m[K~~~~~~~~~~~~~~~~~~~~~~~^~~~~~~~~~~[m[K
[6.417s] [01m[K/opt/ros/jazzy/include/rclcpp/rclcpp/node.hpp:445:3:[m[K [01;36m[Knote: [m[Kcandidate: â€˜[01m[Kconst rclcpp::ParameterValue& rclcpp::Node::[01;32m[Kdeclare_parameter[m[K(const std::string&, const rclcpp::ParameterValue&, const rcl_interfaces::msg::ParameterDescriptor&, bool)[m[Kâ€™
[6.417s]   445 |   [01;36m[Kdeclare_parameter[m[K(
[6.418s]       |   [01;36m[K^~~~~~~~~~~~~~~~~[m[K
[6.418s] [01m[K/opt/ros/jazzy/include/rclcpp/rclcpp/node.hpp:445:3:[m[K [01;36m[Knote: [m[K  candidate expects 4 arguments, 1 provided
[6.418s] [01m[K/opt/ros/jazzy/include/rclcpp/rclcpp/node.hpp:470:3:[m[K [01;36m[Knote: [m[Kcandidate: â€˜[01m[Kconst rclcpp::ParameterValue& rclcpp::Node::[01;32m[Kdeclare_parameter[m[K(const std::string&, rclcpp::ParameterType, const rcl_interfaces::msg::ParameterDescriptor&, bool)[m[Kâ€™
[6.418s]   470 |   [01;36m[Kdeclare_parameter[m[K(
[6.418s]       |   [01;36m[K^~~~~~~~~~~~~~~~~[m[K
[6.418s] [01m[K/opt/ros/jazzy/include/rclcpp/rclcpp/node.hpp:470:3:[m[K [01;36m[Knote: [m[K  candidate expects 4 arguments, 1 provided
[6.418s] [01m[K/home/terry/robot_ws/src/ydlidar_ros2_driver/src/ydlidar_ros2_driver_node.cpp:172:28:[m[K [01;31m[Kerror: [m[Kno matching function for call to â€˜[01m[Krclcpp::Node::declare_parameter(const char [8])[m[Kâ€™
[6.418s]   172 |     [01;31m[Knode->declare_parameter("m2_mode")[m[K;
[6.419s]       |     [01;31m[K~~~~~~~~~~~~~~~~~~~~~~~^~~~~~~~~~~[m[K
[6.419s] [01m[K/opt/ros/jazzy/include/rclcpp/rclcpp/node.hpp:500:3:[m[K [01;36m[Knote: [m[Kcandidate: â€˜[01m[Ktemplate<class ParameterT> auto rclcpp::Node::[01;32m[Kdeclare_parameter[m[K(const std::string&, const ParameterT&, const rcl_interfaces::msg::ParameterDescriptor&, bool)[m[Kâ€™
[6.419s]   500 |   [01;36m[Kdeclare_parameter[m[K(
[6.419s]       |   [01;36m[K^~~~~~~~~~~~~~~~~[m[K
[6.419s] [01m[K/opt/ros/jazzy/include/rclcpp/rclcpp/node.hpp:500:3:[m[K [01;36m[Knote: [m[K  template argument deduction/substitution failed:
[6.419s] [01m[K/home/terry/robot_ws/src/ydlidar_ros2_driver/src/ydlidar_ros2_driver_node.cpp:172:28:[m[K [01;36m[Knote: [m[K  candidate expects 4 arguments, 1 provided
[6.419s]   172 |     [01;36m[Knode->declare_parameter("m2_mode")[m[K;
[6.419s]       |     [01;36m[K~~~~~~~~~~~~~~~~~~~~~~~^~~~~~~~~~~[m[K
[6.419s] [01m[K/opt/ros/jazzy/include/rclcpp/rclcpp/node.hpp:513:3:[m[K [01;36m[Knote: [m[Kcandidate: â€˜[01m[Ktemplate<class ParameterT> auto rclcpp::Node::[01;32m[Kdeclare_parameter[m[K(const std::string&, const rcl_interfaces::msg::ParameterDescriptor&, bool)[m[Kâ€™
[6.419s]   513 |   [01;36m[Kdeclare_parameter[m[K(
[6.419s]       |   [01;36m[K^~~~~~~~~~~~~~~~~[m[K
[6.420s] [01m[K/opt/ros/jazzy/include/rclcpp/rclcpp/node.hpp:513:3:[m[K [01;36m[Knote: [m[K  template argument deduction/substitution failed:
[6.420s] [01m[K/home/terry/robot_ws/src/ydlidar_ros2_driver/src/ydlidar_ros2_driver_node.cpp:172:28:[m[K [01;36m[Knote: [m[K  couldnâ€™t deduce template parameter â€˜[01m[KParameterT[m[Kâ€™
[6.420s]   172 |     [01;36m[Knode->declare_parameter("m2_mode")[m[K;
[6.420s]       |     [01;36m[K~~~~~~~~~~~~~~~~~~~~~~~^~~~~~~~~~~[m[K
[6.420s] [01m[K/opt/ros/jazzy/include/rclcpp/rclcpp/node.hpp:445:3:[m[K [01;36m[Knote: [m[Kcandidate: â€˜[01m[Kconst rclcpp::ParameterValue& rclcpp::Node::[01;32m[Kdeclare_parameter[m[K(const std::string&, const rclcpp::ParameterValue&, const rcl_interfaces::msg::ParameterDescriptor&, bool)[m[Kâ€™
[6.420s]   445 |   [01;36m[Kdeclare_parameter[m[K(
[6.420s]       |   [01;36m[K^~~~~~~~~~~~~~~~~[m[K
[6.420s] [01m[K/opt/ros/jazzy/include/rclcpp/rclcpp/node.hpp:445:3:[m[K [01;36m[Knote: [m[K  candidate expects 4 arguments, 1 provided
[6.421s] [01m[K/opt/ros/jazzy/include/rclcpp/rclcpp/node.hpp:470:3:[m[K [01;36m[Knote: [m[Kcandidate: â€˜[01m[Kconst rclcpp::ParameterValue& rclcpp::Node::[01;32m[Kdeclare_parameter[m[K(const std::string&, rclcpp::ParameterType, const rcl_interfaces::msg::ParameterDescriptor&, bool)[m[Kâ€™
[6.421s]   470 |   [01;36m[Kdeclare_parameter[m[K(
[6.421s]       |   [01;36m[K^~~~~~~~~~~~~~~~~[m[K
[6.421s] [01m[K/opt/ros/jazzy/include/rclcpp/rclcpp/node.hpp:470:3:[m[K [01;36m[Knote: [m[K  candidate expects 4 arguments, 1 provided
[6.421s] [01m[K/home/terry/robot_ws/src/ydlidar_ros2_driver/src/ydlidar_ros2_driver_node.cpp:176:28:[m[K [01;31m[Kerror: [m[Kno matching function for call to â€˜[01m[Krclcpp::Node::declare_parameter(const char [8])[m[Kâ€™
[6.421s]   176 |     [01;31m[Knode->declare_parameter("m3_mode")[m[K;
[6.421s]       |     [01;31m[K~~~~~~~~~~~~~~~~~~~~~~~^~~~~~~~~~~[m[K
[6.421s] [01m[K/opt/ros/jazzy/include/rclcpp/rclcpp/node.hpp:500:3:[m[K [01;36m[Knote: [m[Kcandidate: â€˜[01m[Ktemplate<class ParameterT> auto rclcpp::Node::[01;32m[Kdeclare_parameter[m[K(const std::string&, const ParameterT&, const rcl_interfaces::msg::ParameterDescriptor&, bool)[m[Kâ€™
[6.421s]   500 |   [01;36m[Kdeclare_parameter[m[K(
[6.421s]       |   [01;36m[K^~~~~~~~~~~~~~~~~[m[K
[6.422s] [01m[K/opt/ros/jazzy/include/rclcpp/rclcpp/node.hpp:500:3:[m[K [01;36m[Knote: [m[K  template argument deduction/substitution failed:
[6.422s] [01m[K/home/terry/robot_ws/src/ydlidar_ros2_driver/src/ydlidar_ros2_driver_node.cpp:176:28:[m[K [01;36m[Knote: [m[K  candidate expects 4 arguments, 1 provided
[6.422s]   176 |     [01;36m[Knode->declare_parameter("m3_mode")[m[K;
[6.422s]       |     [01;36m[K~~~~~~~~~~~~~~~~~~~~~~~^~~~~~~~~~~[m[K
[6.422s] [01m[K/opt/ros/jazzy/include/rclcpp/rclcpp/node.hpp:513:3:[m[K [01;36m[Knote: [m[Kcandidate: â€˜[01m[Ktemplate<class ParameterT> auto rclcpp::Node::[01;32m[Kdeclare_parameter[m[K(const std::string&, const rcl_interfaces::msg::ParameterDescriptor&, bool)[m[Kâ€™
[6.422s]   513 |   [01;36m[Kdeclare_parameter[m[K(
[6.422s]       |   [01;36m[K^~~~~~~~~~~~~~~~~[m[K
[6.422s] [01m[K/opt/ros/jazzy/include/rclcpp/rclcpp/node.hpp:513:3:[m[K [01;36m[Knote: [m[K  template argument deduction/substitution failed:
[6.422s] [01m[K/home/terry/robot_ws/src/ydlidar_ros2_driver/src/ydlidar_ros2_driver_node.cpp:176:28:[m[K [01;36m[Knote: [m[K  couldnâ€™t deduce template parameter â€˜[01m[KParameterT[m[Kâ€™
[6.422s]   176 |     [01;36m[Knode->declare_parameter("m3_mode")[m[K;
[6.423s]       |     [01;36m[K~~~~~~~~~~~~~~~~~~~~~~~^~~~~~~~~~~[m[K
[6.423s] [01m[K/opt/ros/jazzy/include/rclcpp/rclcpp/node.hpp:445:3:[m[K [01;36m[Knote: [m[Kcandidate: â€˜[01m[Kconst rclcpp::ParameterValue& rclcpp::Node::[01;32m[Kdeclare_parameter[m[K(const std::string&, const rclcpp::ParameterValue&, const rcl_interfaces::msg::ParameterDescriptor&, bool)[m[Kâ€™
[6.423s]   445 |   [01;36m[Kdeclare_parameter[m[K(
[6.423s]       |   [01;36m[K^~~~~~~~~~~~~~~~~[m[K
[6.423s] [01m[K/opt/ros/jazzy/include/rclcpp/rclcpp/node.hpp:445:3:[m[K [01;36m[Knote: [m[K  candidate expects 4 arguments, 1 provided
[6.423s] [01m[K/opt/ros/jazzy/include/rclcpp/rclcpp/node.hpp:470:3:[m[K [01;36m[Knote: [m[Kcandidate: â€˜[01m[Kconst rclcpp::ParameterValue& rclcpp::Node::[01;32m[Kdeclare_parameter[m[K(const std::string&, rclcpp::ParameterType, const rcl_interfaces::msg::ParameterDescriptor&, bool)[m[Kâ€™
[6.423s]   470 |   [01;36m[Kdeclare_parameter[m[K(
[6.423s]       |   [01;36m[K^~~~~~~~~~~~~~~~~[m[K
[6.423s] [01m[K/opt/ros/jazzy/include/rclcpp/rclcpp/node.hpp:470:3:[m[K [01;36m[Knote: [m[K  candidate expects 4 arguments, 1 provided
[6.423s] [01m[K/home/terry/robot_ws/src/ydlidar_ros2_driver/src/ydlidar_ros2_driver_node.cpp:[m[K In lambda function:
[6.424s] [01m[K/home/terry/robot_ws/src/ydlidar_ros2_driver/src/ydlidar_ros2_driver_node.cpp:190:54:[m[K [01;35m[Kwarning: [m[Kunused parameter â€˜[01m[Krequest_header[m[Kâ€™ [[01;35m[K]8;;https://gcc.gnu.org/onlinedocs/gcc/Warning-Options.html#index-Wunused-parameter-Wunused-parameter]8;;[m[K]
[6.424s]   190 |     [&laser]([01;35m[Kconst std::shared_ptr<rmw_request_id_t> request_header[m[K,
[6.424s]       |              [01;35m[K~~~~~~~~~~~~~~~~~~~~~~~~~~~~~~~~~~~~~~~~^~~~~~~~~~~~~~[m[K
[6.424s] [01m[K/home/terry/robot_ws/src/ydlidar_ros2_driver/src/ydlidar_ros2_driver_node.cpp:191:56:[m[K [01;35m[Kwarning: [m[Kunused parameter â€˜[01m[Kreq[m[Kâ€™ [[01;35m[K]8;;https://gcc.gnu.org/onlinedocs/gcc/Warning-Options.html#index-Wunused-parameter-Wunused-parameter]8;;[m[K]
[6.424s]   191 |   [01;35m[Kconst std::shared_ptr<std_srvs::srv::Empty::Request> req[m[K,
[6.424s]       |   [01;35m[K~~~~~~~~~~~~~~~~~~~~~~~~~~~~~~~~~~~~~~~~~~~~~~~~~~~~~^~~[m[K
[6.424s] [01m[K/home/terry/robot_ws/src/ydlidar_ros2_driver/src/ydlidar_ros2_driver_node.cpp:192:51:[m[K [01;35m[Kwarning: [m[Kunused parameter â€˜[01m[Kresponse[m[Kâ€™ [[01;35m[K]8;;https://gcc.gnu.org/onlinedocs/gcc/Warning-Options.html#index-Wunused-parameter-Wunused-parameter]8;;[m[K]
[6.424s]   192 |   [01;35m[Kstd::shared_ptr<std_srvs::srv::Empty::Response> response[m[K) -> bool
[6.424s]       |   [01;35m[K~~~~~~~~~~~~~~~~~~~~~~~~~~~~~~~~~~~~~~~~~~~~~~~~^~~~~~~~[m[K
[6.424s] [01m[K/home/terry/robot_ws/src/ydlidar_ros2_driver/src/ydlidar_ros2_driver_node.cpp:[m[K In lambda function:
[6.425s] [01m[K/home/terry/robot_ws/src/ydlidar_ros2_driver/src/ydlidar_ros2_driver_node.cpp:200:54:[m[K [01;35m[Kwarning: [m[Kunused parameter â€˜[01m[Krequest_header[m[Kâ€™ [[01;35m[K]8;;https://gcc.gnu.org/onlinedocs/gcc/Warning-Options.html#index-Wunused-parameter-Wunused-parameter]8;;[m[K]
[6.425s]   200 |     [&laser]([01;35m[Kconst std::shared_ptr<rmw_request_id_t> request_header[m[K,
[6.425s]       |              [01;35m[K~~~~~~~~~~~~~~~~~~~~~~~~~~~~~~~~~~~~~~~~^~~~~~~~~~~~~~[m[K
[6.425s] [01m[K/home/terry/robot_ws/src/ydlidar_ros2_driver/src/ydlidar_ros2_driver_node.cpp:201:56:[m[K [01;35m[Kwarning: [m[Kunused parameter â€˜[01m[Kreq[m[Kâ€™ [[01;35m[K]8;;https://gcc.gnu.org/onlinedocs/gcc/Warning-Options.html#index-Wunused-parameter-Wunused-parameter]8;;[m[K]
[6.425s]   201 |   [01;35m[Kconst std::shared_ptr<std_srvs::srv::Empty::Request> req[m[K,
[6.425s]       |   [01;35m[K~~~~~~~~~~~~~~~~~~~~~~~~~~~~~~~~~~~~~~~~~~~~~~~~~~~~~^~~[m[K
[6.425s] [01m[K/home/terry/robot_ws/src/ydlidar_ros2_driver/src/ydlidar_ros2_driver_node.cpp:202:51:[m[K [01;35m[Kwarning: [m[Kunused parameter â€˜[01m[Kresponse[m[Kâ€™ [[01;35m[K]8;;https://gcc.gnu.org/onlinedocs/gcc/Warning-Options.html#index-Wunused-parameter-Wunused-parameter]8;;[m[K]
[6.425s]   202 |   [01;35m[Kstd::shared_ptr<std_srvs::srv::Empty::Response> response[m[K) -> bool
[6.425s]       |   [01;35m[K~~~~~~~~~~~~~~~~~~~~~~~~~~~~~~~~~~~~~~~~~~~~~~~~^~~~~~~~[m[K
[6.425s] [01m[K/home/terry/robot_ws/src/ydlidar_ros2_driver/src/ydlidar_ros2_driver_node.cpp:[m[K In function â€˜[01m[Kint[01;32m[K main[m[K(int, char**)[m[Kâ€™:
[6.425s] [01m[K/home/terry/robot_ws/src/ydlidar_ros2_driver/src/ydlidar_ros2_driver_node.cpp:235:21:[m[K [01;35m[Kwarning: [m[Kunused variable â€˜[01m[Kp[m[Kâ€™ [[01;35m[K]8;;https://gcc.gnu.org/onlinedocs/gcc/Warning-Options.html#index-Wunused-variable-Wunused-variable]8;;[m[K]
[6.426s]   235 |         const auto& [01;35m[Kp[m[K = scan.points.at(i);
[6.426s]       |                     [01;35m[K^[m[K
[8.788s] gmake[2]: *** [CMakeFiles/ydlidar_ros2_driver_node.dir/build.make:76: CMakeFiles/ydlidar_ros2_driver_node.dir/src/ydlidar_ros2_driver_node.cpp.o] Error 1
[8.788s] gmake[1]: *** [CMakeFiles/Makefile2:139: CMakeFiles/ydlidar_ros2_driver_node.dir/all] Error 2
[8.788s] gmake[1]: *** Waiting for unfinished jobs....
[14.468s] [ 75%] [32m[1mLinking CXX executable ydlidar_ros2_driver_client[0m
[15.327s] [ 75%] Built target ydlidar_ros2_driver_client
[15.330s] gmake: *** [Makefile:146: all] Error 2
[15.333s] Invoked command in '/home/terry/robot_ws/src/build/ydlidar_ros2_driver' returned '2': CMAKE_PREFIX_PATH=${CMAKE_PREFIX_PATH}:/home/terry/robot_ws/install/serial_motor_demo:/opt/ros/jazzy DEBUGINFOD_URLS=https://debuginfod.ubuntu.com /usr/bin/cmake --build /home/terry/robot_ws/src/build/ydlidar_ros2_driver -- -j4 -l4
