[0.038s] Invoking command in '/home/terry/robot_ws/src/build/ydlidar_ros2_driver': CMAKE_PREFIX_PATH=${CMAKE_PREFIX_PATH}:/home/terry/robot_ws/install/serial_motor_demo:/opt/ros/jazzy DEBUGINFOD_URLS=https://debuginfod.ubuntu.com /usr/bin/cmake --build /home/terry/robot_ws/src/build/ydlidar_ros2_driver -- -j4 -l4
[0.101s] -- Found ament_cmake: 2.5.4 (/opt/ros/jazzy/share/ament_cmake/cmake)
[0.785s] -- Override CMake install command with custom implementation using symlinks instead of copying resources
[0.805s] -- Found rclcpp: 28.1.9 (/opt/ros/jazzy/share/rclcpp/cmake)
[0.879s] -- Found rosidl_generator_c: 4.6.5 (/opt/ros/jazzy/share/rosidl_generator_c/cmake)
[0.900s] -- Found rosidl_generator_cpp: 4.6.5 (/opt/ros/jazzy/share/rosidl_generator_cpp/cmake)
[0.926s] -- Using all available rosidl_typesupport_c: rosidl_typesupport_fastrtps_c;rosidl_typesupport_introspection_c
[0.954s] -- Using all available rosidl_typesupport_cpp: rosidl_typesupport_fastrtps_cpp;rosidl_typesupport_introspection_cpp
[1.050s] -- Found rmw_implementation_cmake: 7.3.2 (/opt/ros/jazzy/share/rmw_implementation_cmake/cmake)
[1.053s] -- Found rmw_fastrtps_cpp: 8.4.2 (/opt/ros/jazzy/share/rmw_fastrtps_cpp/cmake)
[1.150s] -- Using RMW implementation 'rmw_fastrtps_cpp' as default
[1.237s] -- Found sensor_msgs: 5.3.6 (/opt/ros/jazzy/share/sensor_msgs/cmake)
[1.309s] -- Found visualization_msgs: 5.3.6 (/opt/ros/jazzy/share/visualization_msgs/cmake)
[1.345s] -- Found std_srvs: 5.3.6 (/opt/ros/jazzy/share/std_srvs/cmake)
[1.375s] -- Found ament_lint_auto: 0.17.2 (/opt/ros/jazzy/share/ament_lint_auto/cmake)
[1.544s] -- Added test 'copyright' to check source files copyright and LICENSE
[1.549s] -- Added test 'cppcheck' to perform static code analysis on C / C++ code
[1.550s] -- Configured cppcheck include dirs: /home/terry/robot_ws/src/ydlidar_ros2_driver/src
[1.550s] -- Configured cppcheck exclude dirs and/or files: 
[1.555s] -- Added test 'cpplint' to check C / C++ code against the Google style
[1.555s] -- Configured cpplint exclude dirs and/or files: 
[1.556s] -- Added test 'flake8' to check Python code syntax and style conventions
[1.557s] -- Configured 'flake8' exclude dirs and/or files: 
[1.558s] -- Added test 'lint_cmake' to check CMake code style
[1.559s] -- Added test 'pep257' to check Python code against some of the docstring style conventions in PEP 257
[1.565s] -- Added test 'uncrustify' to check C / C++ code style
[1.565s] -- Configured uncrustify additional arguments: 
[1.566s] -- Added test 'xmllint' to check XML markup files
[1.569s] -- Configuring done (1.5s)
[1.601s] -- Generating done (0.0s)
[1.614s] -- Build files have been written to: /home/terry/robot_ws/src/build/ydlidar_ros2_driver
[1.708s] [ 25%] [32mBuilding CXX object CMakeFiles/ydlidar_ros2_driver_client.dir/src/ydlidar_ros2_driver_client.cpp.o[0m
[1.718s] [ 50%] [32mBuilding CXX object CMakeFiles/ydlidar_ros2_driver_node.dir/src/ydlidar_ros2_driver_node.cpp.o[0m
[5.654s] [01m[K/home/terry/robot_ws/src/ydlidar_ros2_driver/src/ydlidar_ros2_driver_node.cpp:[m[K In function â€˜[01m[Kint[01;32m[K main[m[K(int, char**)[m[Kâ€™:
[5.654s] [01m[K/home/terry/robot_ws/src/ydlidar_ros2_driver/src/ydlidar_ros2_driver_node.cpp:44:26:[m[K [01;31m[Kerror: [m[Kno matching function for call to â€˜[01m[Krclcpp::Node::declare_parameter(const char [5])[m[Kâ€™
[5.655s]    44 |   [01;31m[Knode->declare_parameter("port")[m[K;
[5.655s]       |   [01;31m[K~~~~~~~~~~~~~~~~~~~~~~~^~~~~~~~[m[K
[5.673s] In file included from [01m[K/opt/ros/jazzy/include/rclcpp/rclcpp/executors/single_threaded_executor.hpp:28[m[K,
[5.673s]                  from [01m[K/opt/ros/jazzy/include/rclcpp/rclcpp/executors.hpp:22[m[K,
[5.673s]                  from [01m[K/opt/ros/jazzy/include/rclcpp/rclcpp/rclcpp.hpp:172[m[K,
[5.674s]                  from [01m[K/home/terry/robot_ws/src/ydlidar_ros2_driver/src/ydlidar_ros2_driver_node.cpp:23[m[K:
[5.674s] [01m[K/opt/ros/jazzy/include/rclcpp/rclcpp/node.hpp:500:3:[m[K [01;36m[Knote: [m[Kcandidate: â€˜[01m[Ktemplate<class ParameterT> auto rclcpp::Node::[01;32m[Kdeclare_parameter[m[K(const std::string&, const ParameterT&, const rcl_interfaces::msg::ParameterDescriptor&, bool)[m[Kâ€™
[5.674s]   500 |   [01;36m[Kdeclare_parameter[m[K(
[5.674s]       |   [01;36m[K^~~~~~~~~~~~~~~~~[m[K
[5.674s] [01m[K/opt/ros/jazzy/include/rclcpp/rclcpp/node.hpp:500:3:[m[K [01;36m[Knote: [m[K  template argument deduction/substitution failed:
[5.674s] [01m[K/home/terry/robot_ws/src/ydlidar_ros2_driver/src/ydlidar_ros2_driver_node.cpp:44:26:[m[K [01;36m[Knote: [m[K  candidate expects 4 arguments, 1 provided
[5.674s]    44 |   [01;36m[Knode->declare_parameter("port")[m[K;
[5.675s]       |   [01;36m[K~~~~~~~~~~~~~~~~~~~~~~~^~~~~~~~[m[K
[5.675s] [01m[K/opt/ros/jazzy/include/rclcpp/rclcpp/node.hpp:513:3:[m[K [01;36m[Knote: [m[Kcandidate: â€˜[01m[Ktemplate<class ParameterT> auto rclcpp::Node::[01;32m[Kdeclare_parameter[m[K(const std::string&, const rcl_interfaces::msg::ParameterDescriptor&, bool)[m[Kâ€™
[5.675s]   513 |   [01;36m[Kdeclare_parameter[m[K(
[5.675s]       |   [01;36m[K^~~~~~~~~~~~~~~~~[m[K
[5.675s] [01m[K/opt/ros/jazzy/include/rclcpp/rclcpp/node.hpp:513:3:[m[K [01;36m[Knote: [m[K  template argument deduction/substitution failed:
[5.675s] [01m[K/home/terry/robot_ws/src/ydlidar_ros2_driver/src/ydlidar_ros2_driver_node.cpp:44:26:[m[K [01;36m[Knote: [m[K  couldnâ€™t deduce template parameter â€˜[01m[KParameterT[m[Kâ€™
[5.675s]    44 |   [01;36m[Knode->declare_parameter("port")[m[K;
[5.675s]       |   [01;36m[K~~~~~~~~~~~~~~~~~~~~~~~^~~~~~~~[m[K
[5.675s] [01m[K/opt/ros/jazzy/include/rclcpp/rclcpp/node.hpp:445:3:[m[K [01;36m[Knote: [m[Kcandidate: â€˜[01m[Kconst rclcpp::ParameterValue& rclcpp::Node::[01;32m[Kdeclare_parameter[m[K(const std::string&, const rclcpp::ParameterValue&, const rcl_interfaces::msg::ParameterDescriptor&, bool)[m[Kâ€™
[5.676s]   445 |   [01;36m[Kdeclare_parameter[m[K(
[5.676s]       |   [01;36m[K^~~~~~~~~~~~~~~~~[m[K
[5.676s] [01m[K/opt/ros/jazzy/include/rclcpp/rclcpp/node.hpp:445:3:[m[K [01;36m[Knote: [m[K  candidate expects 4 arguments, 1 provided
[5.676s] [01m[K/opt/ros/jazzy/include/rclcpp/rclcpp/node.hpp:470:3:[m[K [01;36m[Knote: [m[Kcandidate: â€˜[01m[Kconst rclcpp::ParameterValue& rclcpp::Node::[01;32m[Kdeclare_parameter[m[K(const std::string&, rclcpp::ParameterType, const rcl_interfaces::msg::ParameterDescriptor&, bool)[m[Kâ€™
[5.676s]   470 |   [01;36m[Kdeclare_parameter[m[K(
[5.676s]       |   [01;36m[K^~~~~~~~~~~~~~~~~[m[K
[5.676s] [01m[K/opt/ros/jazzy/include/rclcpp/rclcpp/node.hpp:470:3:[m[K [01;36m[Knote: [m[K  candidate expects 4 arguments, 1 provided
[5.676s] [01m[K/home/terry/robot_ws/src/ydlidar_ros2_driver/src/ydlidar_ros2_driver_node.cpp:51:26:[m[K [01;31m[Kerror: [m[Kno matching function for call to â€˜[01m[Krclcpp::Node::declare_parameter(const char [13])[m[Kâ€™
[5.676s]    51 |   [01;31m[Knode->declare_parameter("ignore_array")[m[K;
[5.676s]       |   [01;31m[K~~~~~~~~~~~~~~~~~~~~~~~^~~~~~~~~~~~~~~~[m[K
[5.677s] [01m[K/opt/ros/jazzy/include/rclcpp/rclcpp/node.hpp:500:3:[m[K [01;36m[Knote: [m[Kcandidate: â€˜[01m[Ktemplate<class ParameterT> auto rclcpp::Node::[01;32m[Kdeclare_parameter[m[K(const std::string&, const ParameterT&, const rcl_interfaces::msg::ParameterDescriptor&, bool)[m[Kâ€™
[5.677s]   500 |   [01;36m[Kdeclare_parameter[m[K(
[5.677s]       |   [01;36m[K^~~~~~~~~~~~~~~~~[m[K
[5.677s] [01m[K/opt/ros/jazzy/include/rclcpp/rclcpp/node.hpp:500:3:[m[K [01;36m[Knote: [m[K  template argument deduction/substitution failed:
[5.677s] [01m[K/home/terry/robot_ws/src/ydlidar_ros2_driver/src/ydlidar_ros2_driver_node.cpp:51:26:[m[K [01;36m[Knote: [m[K  candidate expects 4 arguments, 1 provided
[5.677s]    51 |   [01;36m[Knode->declare_parameter("ignore_array")[m[K;
[5.677s]       |   [01;36m[K~~~~~~~~~~~~~~~~~~~~~~~^~~~~~~~~~~~~~~~[m[K
[5.677s] [01m[K/opt/ros/jazzy/include/rclcpp/rclcpp/node.hpp:513:3:[m[K [01;36m[Knote: [m[Kcandidate: â€˜[01m[Ktemplate<class ParameterT> auto rclcpp::Node::[01;32m[Kdeclare_parameter[m[K(const std::string&, const rcl_interfaces::msg::ParameterDescriptor&, bool)[m[Kâ€™
[5.677s]   513 |   [01;36m[Kdeclare_parameter[m[K(
[5.677s]       |   [01;36m[K^~~~~~~~~~~~~~~~~[m[K
[5.677s] [01m[K/opt/ros/jazzy/include/rclcpp/rclcpp/node.hpp:513:3:[m[K [01;36m[Knote: [m[K  template argument deduction/substitution failed:
[5.678s] [01m[K/home/terry/robot_ws/src/ydlidar_ros2_driver/src/ydlidar_ros2_driver_node.cpp:51:26:[m[K [01;36m[Knote: [m[K  couldnâ€™t deduce template parameter â€˜[01m[KParameterT[m[Kâ€™
[5.678s]    51 |   [01;36m[Knode->declare_parameter("ignore_array")[m[K;
[5.678s]       |   [01;36m[K~~~~~~~~~~~~~~~~~~~~~~~^~~~~~~~~~~~~~~~[m[K
[5.678s] [01m[K/opt/ros/jazzy/include/rclcpp/rclcpp/node.hpp:445:3:[m[K [01;36m[Knote: [m[Kcandidate: â€˜[01m[Kconst rclcpp::ParameterValue& rclcpp::Node::[01;32m[Kdeclare_parameter[m[K(const std::string&, const rclcpp::ParameterValue&, const rcl_interfaces::msg::ParameterDescriptor&, bool)[m[Kâ€™
[5.678s]   445 |   [01;36m[Kdeclare_parameter[m[K(
[5.678s]       |   [01;36m[K^~~~~~~~~~~~~~~~~[m[K
[5.678s] [01m[K/opt/ros/jazzy/include/rclcpp/rclcpp/node.hpp:445:3:[m[K [01;36m[Knote: [m[K  candidate expects 4 arguments, 1 provided
[5.678s] [01m[K/opt/ros/jazzy/include/rclcpp/rclcpp/node.hpp:470:3:[m[K [01;36m[Knote: [m[Kcandidate: â€˜[01m[Kconst rclcpp::ParameterValue& rclcpp::Node::[01;32m[Kdeclare_parameter[m[K(const std::string&, rclcpp::ParameterType, const rcl_interfaces::msg::ParameterDescriptor&, bool)[m[Kâ€™
[5.678s]   470 |   [01;36m[Kdeclare_parameter[m[K(
[5.678s]       |   [01;36m[K^~~~~~~~~~~~~~~~~[m[K
[5.679s] [01m[K/opt/ros/jazzy/include/rclcpp/rclcpp/node.hpp:470:3:[m[K [01;36m[Knote: [m[K  candidate expects 4 arguments, 1 provided
[5.679s] [01m[K/home/terry/robot_ws/src/ydlidar_ros2_driver/src/ydlidar_ros2_driver_node.cpp:56:26:[m[K [01;31m[Kerror: [m[Kno matching function for call to â€˜[01m[Krclcpp::Node::declare_parameter(const char [9])[m[Kâ€™
[5.679s]    56 |   [01;31m[Knode->declare_parameter("frame_id")[m[K;
[5.679s]       |   [01;31m[K~~~~~~~~~~~~~~~~~~~~~~~^~~~~~~~~~~~[m[K
[5.679s] [01m[K/opt/ros/jazzy/include/rclcpp/rclcpp/node.hpp:500:3:[m[K [01;36m[Knote: [m[Kcandidate: â€˜[01m[Ktemplate<class ParameterT> auto rclcpp::Node::[01;32m[Kdeclare_parameter[m[K(const std::string&, const ParameterT&, const rcl_interfaces::msg::ParameterDescriptor&, bool)[m[Kâ€™
[5.679s]   500 |   [01;36m[Kdeclare_parameter[m[K(
[5.679s]       |   [01;36m[K^~~~~~~~~~~~~~~~~[m[K
[5.679s] [01m[K/opt/ros/jazzy/include/rclcpp/rclcpp/node.hpp:500:3:[m[K [01;36m[Knote: [m[K  template argument deduction/substitution failed:
[5.679s] [01m[K/home/terry/robot_ws/src/ydlidar_ros2_driver/src/ydlidar_ros2_driver_node.cpp:56:26:[m[K [01;36m[Knote: [m[K  candidate expects 4 arguments, 1 provided
[5.679s]    56 |   [01;36m[Knode->declare_parameter("frame_id")[m[K;
[5.679s]       |   [01;36m[K~~~~~~~~~~~~~~~~~~~~~~~^~~~~~~~~~~~[m[K
[5.680s] [01m[K/opt/ros/jazzy/include/rclcpp/rclcpp/node.hpp:513:3:[m[K [01;36m[Knote: [m[Kcandidate: â€˜[01m[Ktemplate<class ParameterT> auto rclcpp::Node::[01;32m[Kdeclare_parameter[m[K(const std::string&, const rcl_interfaces::msg::ParameterDescriptor&, bool)[m[Kâ€™
[5.680s]   513 |   [01;36m[Kdeclare_parameter[m[K(
[5.680s]       |   [01;36m[K^~~~~~~~~~~~~~~~~[m[K
[5.680s] [01m[K/opt/ros/jazzy/include/rclcpp/rclcpp/node.hpp:513:3:[m[K [01;36m[Knote: [m[K  template argument deduction/substitution failed:
[5.680s] [01m[K/home/terry/robot_ws/src/ydlidar_ros2_driver/src/ydlidar_ros2_driver_node.cpp:56:26:[m[K [01;36m[Knote: [m[K  couldnâ€™t deduce template parameter â€˜[01m[KParameterT[m[Kâ€™
[5.680s]    56 |   [01;36m[Knode->declare_parameter("frame_id")[m[K;
[5.680s]       |   [01;36m[K~~~~~~~~~~~~~~~~~~~~~~~^~~~~~~~~~~~[m[K
[5.680s] [01m[K/opt/ros/jazzy/include/rclcpp/rclcpp/node.hpp:445:3:[m[K [01;36m[Knote: [m[Kcandidate: â€˜[01m[Kconst rclcpp::ParameterValue& rclcpp::Node::[01;32m[Kdeclare_parameter[m[K(const std::string&, const rclcpp::ParameterValue&, const rcl_interfaces::msg::ParameterDescriptor&, bool)[m[Kâ€™
[5.681s]   445 |   [01;36m[Kdeclare_parameter[m[K(
[5.681s]       |   [01;36m[K^~~~~~~~~~~~~~~~~[m[K
[5.681s] [01m[K/opt/ros/jazzy/include/rclcpp/rclcpp/node.hpp:445:3:[m[K [01;36m[Knote: [m[K  candidate expects 4 arguments, 1 provided
[5.681s] [01m[K/opt/ros/jazzy/include/rclcpp/rclcpp/node.hpp:470:3:[m[K [01;36m[Knote: [m[Kcandidate: â€˜[01m[Kconst rclcpp::ParameterValue& rclcpp::Node::[01;32m[Kdeclare_parameter[m[K(const std::string&, rclcpp::ParameterType, const rcl_interfaces::msg::ParameterDescriptor&, bool)[m[Kâ€™
[5.681s]   470 |   [01;36m[Kdeclare_parameter[m[K(
[5.681s]       |   [01;36m[K^~~~~~~~~~~~~~~~~[m[K
[5.681s] [01m[K/opt/ros/jazzy/include/rclcpp/rclcpp/node.hpp:470:3:[m[K [01;36m[Knote: [m[K  candidate expects 4 arguments, 1 provided
[5.681s] [01m[K/home/terry/robot_ws/src/ydlidar_ros2_driver/src/ydlidar_ros2_driver_node.cpp:62:26:[m[K [01;31m[Kerror: [m[Kno matching function for call to â€˜[01m[Krclcpp::Node::declare_parameter(const char [9])[m[Kâ€™
[5.681s]    62 |   [01;31m[Knode->declare_parameter("baudrate")[m[K;
[5.681s]       |   [01;31m[K~~~~~~~~~~~~~~~~~~~~~~~^~~~~~~~~~~~[m[K
[5.681s] [01m[K/opt/ros/jazzy/include/rclcpp/rclcpp/node.hpp:500:3:[m[K [01;36m[Knote: [m[Kcandidate: â€˜[01m[Ktemplate<class ParameterT> auto rclcpp::Node::[01;32m[Kdeclare_parameter[m[K(const std::string&, const ParameterT&, const rcl_interfaces::msg::ParameterDescriptor&, bool)[m[Kâ€™
[5.682s]   500 |   [01;36m[Kdeclare_parameter[m[K(
[5.682s]       |   [01;36m[K^~~~~~~~~~~~~~~~~[m[K
[5.682s] [01m[K/opt/ros/jazzy/include/rclcpp/rclcpp/node.hpp:500:3:[m[K [01;36m[Knote: [m[K  template argument deduction/substitution failed:
[5.682s] [01m[K/home/terry/robot_ws/src/ydlidar_ros2_driver/src/ydlidar_ros2_driver_node.cpp:62:26:[m[K [01;36m[Knote: [m[K  candidate expects 4 arguments, 1 provided
[5.682s]    62 |   [01;36m[Knode->declare_parameter("baudrate")[m[K;
[5.682s]       |   [01;36m[K~~~~~~~~~~~~~~~~~~~~~~~^~~~~~~~~~~~[m[K
[5.682s] [01m[K/opt/ros/jazzy/include/rclcpp/rclcpp/node.hpp:513:3:[m[K [01;36m[Knote: [m[Kcandidate: â€˜[01m[Ktemplate<class ParameterT> auto rclcpp::Node::[01;32m[Kdeclare_parameter[m[K(const std::string&, const rcl_interfaces::msg::ParameterDescriptor&, bool)[m[Kâ€™
[5.682s]   513 |   [01;36m[Kdeclare_parameter[m[K(
[5.682s]       |   [01;36m[K^~~~~~~~~~~~~~~~~[m[K
[5.682s] [01m[K/opt/ros/jazzy/include/rclcpp/rclcpp/node.hpp:513:3:[m[K [01;36m[Knote: [m[K  template argument deduction/substitution failed:
[5.683s] [01m[K/home/terry/robot_ws/src/ydlidar_ros2_driver/src/ydlidar_ros2_driver_node.cpp:62:26:[m[K [01;36m[Knote: [m[K  couldnâ€™t deduce template parameter â€˜[01m[KParameterT[m[Kâ€™
[5.683s]    62 |   [01;36m[Knode->declare_parameter("baudrate")[m[K;
[5.683s]       |   [01;36m[K~~~~~~~~~~~~~~~~~~~~~~~^~~~~~~~~~~~[m[K
[5.683s] [01m[K/opt/ros/jazzy/include/rclcpp/rclcpp/node.hpp:445:3:[m[K [01;36m[Knote: [m[Kcandidate: â€˜[01m[Kconst rclcpp::ParameterValue& rclcpp::Node::[01;32m[Kdeclare_parameter[m[K(const std::string&, const rclcpp::ParameterValue&, const rcl_interfaces::msg::ParameterDescriptor&, bool)[m[Kâ€™
[5.683s]   445 |   [01;36m[Kdeclare_parameter[m[K(
[5.683s]       |   [01;36m[K^~~~~~~~~~~~~~~~~[m[K
[5.683s] [01m[K/opt/ros/jazzy/include/rclcpp/rclcpp/node.hpp:445:3:[m[K [01;36m[Knote: [m[K  candidate expects 4 arguments, 1 provided
[5.683s] [01m[K/opt/ros/jazzy/include/rclcpp/rclcpp/node.hpp:470:3:[m[K [01;36m[Knote: [m[Kcandidate: â€˜[01m[Kconst rclcpp::ParameterValue& rclcpp::Node::[01;32m[Kdeclare_parameter[m[K(const std::string&, rclcpp::ParameterType, const rcl_interfaces::msg::ParameterDescriptor&, bool)[m[Kâ€™
[5.683s]   470 |   [01;36m[Kdeclare_parameter[m[K(
[5.683s]       |   [01;36m[K^~~~~~~~~~~~~~~~~[m[K
[5.684s] [01m[K/opt/ros/jazzy/include/rclcpp/rclcpp/node.hpp:470:3:[m[K [01;36m[Knote: [m[K  candidate expects 4 arguments, 1 provided
[5.684s] [01m[K/home/terry/robot_ws/src/ydlidar_ros2_driver/src/ydlidar_ros2_driver_node.cpp:67:26:[m[K [01;31m[Kerror: [m[Kno matching function for call to â€˜[01m[Krclcpp::Node::declare_parameter(const char [11])[m[Kâ€™
[5.684s]    67 |   [01;31m[Knode->declare_parameter("lidar_type")[m[K;
[5.684s]       |   [01;31m[K~~~~~~~~~~~~~~~~~~~~~~~^~~~~~~~~~~~~~[m[K
[5.684s] [01m[K/opt/ros/jazzy/include/rclcpp/rclcpp/node.hpp:500:3:[m[K [01;36m[Knote: [m[Kcandidate: â€˜[01m[Ktemplate<class ParameterT> auto rclcpp::Node::[01;32m[Kdeclare_parameter[m[K(const std::string&, const ParameterT&, const rcl_interfaces::msg::ParameterDescriptor&, bool)[m[Kâ€™
[5.684s]   500 |   [01;36m[Kdeclare_parameter[m[K(
[5.684s]       |   [01;36m[K^~~~~~~~~~~~~~~~~[m[K
[5.684s] [01m[K/opt/ros/jazzy/include/rclcpp/rclcpp/node.hpp:500:3:[m[K [01;36m[Knote: [m[K  template argument deduction/substitution failed:
[5.684s] [01m[K/home/terry/robot_ws/src/ydlidar_ros2_driver/src/ydlidar_ros2_driver_node.cpp:67:26:[m[K [01;36m[Knote: [m[K  candidate expects 4 arguments, 1 provided
[5.685s]    67 |   [01;36m[Knode->declare_parameter("lidar_type")[m[K;
[5.685s]       |   [01;36m[K~~~~~~~~~~~~~~~~~~~~~~~^~~~~~~~~~~~~~[m[K
[5.685s] [01m[K/opt/ros/jazzy/include/rclcpp/rclcpp/node.hpp:513:3:[m[K [01;36m[Knote: [m[Kcandidate: â€˜[01m[Ktemplate<class ParameterT> auto rclcpp::Node::[01;32m[Kdeclare_parameter[m[K(const std::string&, const rcl_interfaces::msg::ParameterDescriptor&, bool)[m[Kâ€™
[5.685s]   513 |   [01;36m[Kdeclare_parameter[m[K(
[5.685s]       |   [01;36m[K^~~~~~~~~~~~~~~~~[m[K
[5.685s] [01m[K/opt/ros/jazzy/include/rclcpp/rclcpp/node.hpp:513:3:[m[K [01;36m[Knote: [m[K  template argument deduction/substitution failed:
[5.685s] [01m[K/home/terry/robot_ws/src/ydlidar_ros2_driver/src/ydlidar_ros2_driver_node.cpp:67:26:[m[K [01;36m[Knote: [m[K  couldnâ€™t deduce template parameter â€˜[01m[KParameterT[m[Kâ€™
[5.685s]    67 |   [01;36m[Knode->declare_parameter("lidar_type")[m[K;
[5.685s]       |   [01;36m[K~~~~~~~~~~~~~~~~~~~~~~~^~~~~~~~~~~~~~[m[K
[5.685s] [01m[K/opt/ros/jazzy/include/rclcpp/rclcpp/node.hpp:445:3:[m[K [01;36m[Knote: [m[Kcandidate: â€˜[01m[Kconst rclcpp::ParameterValue& rclcpp::Node::[01;32m[Kdeclare_parameter[m[K(const std::string&, const rclcpp::ParameterValue&, const rcl_interfaces::msg::ParameterDescriptor&, bool)[m[Kâ€™
[5.686s]   445 |   [01;36m[Kdeclare_parameter[m[K(
[5.686s]       |   [01;36m[K^~~~~~~~~~~~~~~~~[m[K
[5.686s] [01m[K/opt/ros/jazzy/include/rclcpp/rclcpp/node.hpp:445:3:[m[K [01;36m[Knote: [m[K  candidate expects 4 arguments, 1 provided
[5.686s] [01m[K/opt/ros/jazzy/include/rclcpp/rclcpp/node.hpp:470:3:[m[K [01;36m[Knote: [m[Kcandidate: â€˜[01m[Kconst rclcpp::ParameterValue& rclcpp::Node::[01;32m[Kdeclare_parameter[m[K(const std::string&, rclcpp::ParameterType, const rcl_interfaces::msg::ParameterDescriptor&, bool)[m[Kâ€™
[5.686s]   470 |   [01;36m[Kdeclare_parameter[m[K(
[5.686s]       |   [01;36m[K^~~~~~~~~~~~~~~~~[m[K
[5.686s] [01m[K/opt/ros/jazzy/include/rclcpp/rclcpp/node.hpp:470:3:[m[K [01;36m[Knote: [m[K  candidate expects 4 arguments, 1 provided
[5.686s] [01m[K/home/terry/robot_ws/src/ydlidar_ros2_driver/src/ydlidar_ros2_driver_node.cpp:72:26:[m[K [01;31m[Kerror: [m[Kno matching function for call to â€˜[01m[Krclcpp::Node::declare_parameter(const char [12])[m[Kâ€™
[5.686s]    72 |   [01;31m[Knode->declare_parameter("device_type")[m[K;
[5.686s]       |   [01;31m[K~~~~~~~~~~~~~~~~~~~~~~~^~~~~~~~~~~~~~~[m[K
[5.686s] [01m[K/opt/ros/jazzy/include/rclcpp/rclcpp/node.hpp:500:3:[m[K [01;36m[Knote: [m[Kcandidate: â€˜[01m[Ktemplate<class ParameterT> auto rclcpp::Node::[01;32m[Kdeclare_parameter[m[K(const std::string&, const ParameterT&, const rcl_interfaces::msg::ParameterDescriptor&, bool)[m[Kâ€™
[5.687s]   500 |   [01;36m[Kdeclare_parameter[m[K(
[5.687s]       |   [01;36m[K^~~~~~~~~~~~~~~~~[m[K
[5.687s] [01m[K/opt/ros/jazzy/include/rclcpp/rclcpp/node.hpp:500:3:[m[K [01;36m[Knote: [m[K  template argument deduction/substitution failed:
[5.687s] [01m[K/home/terry/robot_ws/src/ydlidar_ros2_driver/src/ydlidar_ros2_driver_node.cpp:72:26:[m[K [01;36m[Knote: [m[K  candidate expects 4 arguments, 1 provided
[5.687s]    72 |   [01;36m[Knode->declare_parameter("device_type")[m[K;
[5.687s]       |   [01;36m[K~~~~~~~~~~~~~~~~~~~~~~~^~~~~~~~~~~~~~~[m[K
[5.687s] [01m[K/opt/ros/jazzy/include/rclcpp/rclcpp/node.hpp:513:3:[m[K [01;36m[Knote: [m[Kcandidate: â€˜[01m[Ktemplate<class ParameterT> auto rclcpp::Node::[01;32m[Kdeclare_parameter[m[K(const std::string&, const rcl_interfaces::msg::ParameterDescriptor&, bool)[m[Kâ€™
[5.687s]   513 |   [01;36m[Kdeclare_parameter[m[K(
[5.687s]       |   [01;36m[K^~~~~~~~~~~~~~~~~[m[K
[5.688s] [01m[K/opt/ros/jazzy/include/rclcpp/rclcpp/node.hpp:513:3:[m[K [01;36m[Knote: [m[K  template argument deduction/substitution failed:
[5.688s] [01m[K/home/terry/robot_ws/src/ydlidar_ros2_driver/src/ydlidar_ros2_driver_node.cpp:72:26:[m[K [01;36m[Knote: [m[K  couldnâ€™t deduce template parameter â€˜[01m[KParameterT[m[Kâ€™
[5.688s]    72 |   [01;36m[Knode->declare_parameter("device_type")[m[K;
[5.688s]       |   [01;36m[K~~~~~~~~~~~~~~~~~~~~~~~^~~~~~~~~~~~~~~[m[K
[5.688s] [01m[K/opt/ros/jazzy/include/rclcpp/rclcpp/node.hpp:445:3:[m[K [01;36m[Knote: [m[Kcandidate: â€˜[01m[Kconst rclcpp::ParameterValue& rclcpp::Node::[01;32m[Kdeclare_parameter[m[K(const std::string&, const rclcpp::ParameterValue&, const rcl_interfaces::msg::ParameterDescriptor&, bool)[m[Kâ€™
[5.688s]   445 |   [01;36m[Kdeclare_parameter[m[K(
[5.688s]       |   [01;36m[K^~~~~~~~~~~~~~~~~[m[K
[5.688s] [01m[K/opt/ros/jazzy/include/rclcpp/rclcpp/node.hpp:445:3:[m[K [01;36m[Knote: [m[K  candidate expects 4 arguments, 1 provided
[5.688s] [01m[K/opt/ros/jazzy/include/rclcpp/rclcpp/node.hpp:470:3:[m[K [01;36m[Knote: [m[Kcandidate: â€˜[01m[Kconst rclcpp::ParameterValue& rclcpp::Node::[01;32m[Kdeclare_parameter[m[K(const std::string&, rclcpp::ParameterType, const rcl_interfaces::msg::ParameterDescriptor&, bool)[m[Kâ€™
[5.688s]   470 |   [01;36m[Kdeclare_parameter[m[K(
[5.689s]       |   [01;36m[K^~~~~~~~~~~~~~~~~[m[K
[5.689s] [01m[K/opt/ros/jazzy/include/rclcpp/rclcpp/node.hpp:470:3:[m[K [01;36m[Knote: [m[K  candidate expects 4 arguments, 1 provided
[5.689s] [01m[K/home/terry/robot_ws/src/ydlidar_ros2_driver/src/ydlidar_ros2_driver_node.cpp:77:26:[m[K [01;31m[Kerror: [m[Kno matching function for call to â€˜[01m[Krclcpp::Node::declare_parameter(const char [12])[m[Kâ€™
[5.689s]    77 |   [01;31m[Knode->declare_parameter("sample_rate")[m[K;
[5.689s]       |   [01;31m[K~~~~~~~~~~~~~~~~~~~~~~~^~~~~~~~~~~~~~~[m[K
[5.689s] [01m[K/opt/ros/jazzy/include/rclcpp/rclcpp/node.hpp:500:3:[m[K [01;36m[Knote: [m[Kcandidate: â€˜[01m[Ktemplate<class ParameterT> auto rclcpp::Node::[01;32m[Kdeclare_parameter[m[K(const std::string&, const ParameterT&, const rcl_interfaces::msg::ParameterDescriptor&, bool)[m[Kâ€™
[5.689s]   500 |   [01;36m[Kdeclare_parameter[m[K(
[5.689s]       |   [01;36m[K^~~~~~~~~~~~~~~~~[m[K
[5.689s] [01m[K/opt/ros/jazzy/include/rclcpp/rclcpp/node.hpp:500:3:[m[K [01;36m[Knote: [m[K  template argument deduction/substitution failed:
[5.689s] [01m[K/home/terry/robot_ws/src/ydlidar_ros2_driver/src/ydlidar_ros2_driver_node.cpp:77:26:[m[K [01;36m[Knote: [m[K  candidate expects 4 arguments, 1 provided
[5.689s]    77 |   [01;36m[Knode->declare_parameter("sample_rate")[m[K;
[5.690s]       |   [01;36m[K~~~~~~~~~~~~~~~~~~~~~~~^~~~~~~~~~~~~~~[m[K
[5.690s] [01m[K/opt/ros/jazzy/include/rclcpp/rclcpp/node.hpp:513:3:[m[K [01;36m[Knote: [m[Kcandidate: â€˜[01m[Ktemplate<class ParameterT> auto rclcpp::Node::[01;32m[Kdeclare_parameter[m[K(const std::string&, const rcl_interfaces::msg::ParameterDescriptor&, bool)[m[Kâ€™
[5.690s]   513 |   [01;36m[Kdeclare_parameter[m[K(
[5.690s]       |   [01;36m[K^~~~~~~~~~~~~~~~~[m[K
[5.690s] [01m[K/opt/ros/jazzy/include/rclcpp/rclcpp/node.hpp:513:3:[m[K [01;36m[Knote: [m[K  template argument deduction/substitution failed:
[5.690s] [01m[K/home/terry/robot_ws/src/ydlidar_ros2_driver/src/ydlidar_ros2_driver_node.cpp:77:26:[m[K [01;36m[Knote: [m[K  couldnâ€™t deduce template parameter â€˜[01m[KParameterT[m[Kâ€™
[5.690s]    77 |   [01;36m[Knode->declare_parameter("sample_rate")[m[K;
[5.691s]       |   [01;36m[K~~~~~~~~~~~~~~~~~~~~~~~^~~~~~~~~~~~~~~[m[K
[5.691s] [01m[K/opt/ros/jazzy/include/rclcpp/rclcpp/node.hpp:445:3:[m[K [01;36m[Knote: [m[Kcandidate: â€˜[01m[Kconst rclcpp::ParameterValue& rclcpp::Node::[01;32m[Kdeclare_parameter[m[K(const std::string&, const rclcpp::ParameterValue&, const rcl_interfaces::msg::ParameterDescriptor&, bool)[m[Kâ€™
[5.691s]   445 |   [01;36m[Kdeclare_parameter[m[K(
[5.691s]       |   [01;36m[K^~~~~~~~~~~~~~~~~[m[K
[5.691s] [01m[K/opt/ros/jazzy/include/rclcpp/rclcpp/node.hpp:445:3:[m[K [01;36m[Knote: [m[K  candidate expects 4 arguments, 1 provided
[5.691s] [01m[K/opt/ros/jazzy/include/rclcpp/rclcpp/node.hpp:470:3:[m[K [01;36m[Knote: [m[Kcandidate: â€˜[01m[Kconst rclcpp::ParameterValue& rclcpp::Node::[01;32m[Kdeclare_parameter[m[K(const std::string&, rclcpp::ParameterType, const rcl_interfaces::msg::ParameterDescriptor&, bool)[m[Kâ€™
[5.691s]   470 |   [01;36m[Kdeclare_parameter[m[K(
[5.691s]       |   [01;36m[K^~~~~~~~~~~~~~~~~[m[K
[5.691s] [01m[K/opt/ros/jazzy/include/rclcpp/rclcpp/node.hpp:470:3:[m[K [01;36m[Knote: [m[K  candidate expects 4 arguments, 1 provided
[5.691s] [01m[K/home/terry/robot_ws/src/ydlidar_ros2_driver/src/ydlidar_ros2_driver_node.cpp:82:26:[m[K [01;31m[Kerror: [m[Kno matching function for call to â€˜[01m[Krclcpp::Node::declare_parameter(const char [21])[m[Kâ€™
[5.692s]    82 |   [01;31m[Knode->declare_parameter("abnormal_check_count")[m[K;
[5.692s]       |   [01;31m[K~~~~~~~~~~~~~~~~~~~~~~~^~~~~~~~~~~~~~~~~~~~~~~~[m[K
[5.692s] [01m[K/opt/ros/jazzy/include/rclcpp/rclcpp/node.hpp:500:3:[m[K [01;36m[Knote: [m[Kcandidate: â€˜[01m[Ktemplate<class ParameterT> auto rclcpp::Node::[01;32m[Kdeclare_parameter[m[K(const std::string&, const ParameterT&, const rcl_interfaces::msg::ParameterDescriptor&, bool)[m[Kâ€™
[5.692s]   500 |   [01;36m[Kdeclare_parameter[m[K(
[5.692s]       |   [01;36m[K^~~~~~~~~~~~~~~~~[m[K
[5.692s] [01m[K/opt/ros/jazzy/include/rclcpp/rclcpp/node.hpp:500:3:[m[K [01;36m[Knote: [m[K  template argument deduction/substitution failed:
[5.692s] [01m[K/home/terry/robot_ws/src/ydlidar_ros2_driver/src/ydlidar_ros2_driver_node.cpp:82:26:[m[K [01;36m[Knote: [m[K  candidate expects 4 arguments, 1 provided
[5.692s]    82 |   [01;36m[Knode->declare_parameter("abnormal_check_count")[m[K;
[5.692s]       |   [01;36m[K~~~~~~~~~~~~~~~~~~~~~~~^~~~~~~~~~~~~~~~~~~~~~~~[m[K
[5.692s] [01m[K/opt/ros/jazzy/include/rclcpp/rclcpp/node.hpp:513:3:[m[K [01;36m[Knote: [m[Kcandidate: â€˜[01m[Ktemplate<class ParameterT> auto rclcpp::Node::[01;32m[Kdeclare_parameter[m[K(const std::string&, const rcl_interfaces::msg::ParameterDescriptor&, bool)[m[Kâ€™
[5.693s]   513 |   [01;36m[Kdeclare_parameter[m[K(
[5.693s]       |   [01;36m[K^~~~~~~~~~~~~~~~~[m[K
[5.693s] [01m[K/opt/ros/jazzy/include/rclcpp/rclcpp/node.hpp:513:3:[m[K [01;36m[Knote: [m[K  template argument deduction/substitution failed:
[5.693s] [01m[K/home/terry/robot_ws/src/ydlidar_ros2_driver/src/ydlidar_ros2_driver_node.cpp:82:26:[m[K [01;36m[Knote: [m[K  couldnâ€™t deduce template parameter â€˜[01m[KParameterT[m[Kâ€™
[5.693s]    82 |   [01;36m[Knode->declare_parameter("abnormal_check_count")[m[K;
[5.693s]       |   [01;36m[K~~~~~~~~~~~~~~~~~~~~~~~^~~~~~~~~~~~~~~~~~~~~~~~[m[K
[5.693s] [01m[K/opt/ros/jazzy/include/rclcpp/rclcpp/node.hpp:445:3:[m[K [01;36m[Knote: [m[Kcandidate: â€˜[01m[Kconst rclcpp::ParameterValue& rclcpp::Node::[01;32m[Kdeclare_parameter[m[K(const std::string&, const rclcpp::ParameterValue&, const rcl_interfaces::msg::ParameterDescriptor&, bool)[m[Kâ€™
[5.693s]   445 |   [01;36m[Kdeclare_parameter[m[K(
[5.693s]       |   [01;36m[K^~~~~~~~~~~~~~~~~[m[K
[5.694s] [01m[K/opt/ros/jazzy/include/rclcpp/rclcpp/node.hpp:445:3:[m[K [01;36m[Knote: [m[K  candidate expects 4 arguments, 1 provided
[5.694s] [01m[K/opt/ros/jazzy/include/rclcpp/rclcpp/node.hpp:470:3:[m[K [01;36m[Knote: [m[Kcandidate: â€˜[01m[Kconst rclcpp::ParameterValue& rclcpp::Node::[01;32m[Kdeclare_parameter[m[K(const std::string&, rclcpp::ParameterType, const rcl_interfaces::msg::ParameterDescriptor&, bool)[m[Kâ€™
[5.694s]   470 |   [01;36m[Kdeclare_parameter[m[K(
[5.694s]       |   [01;36m[K^~~~~~~~~~~~~~~~~[m[K
[5.694s] [01m[K/opt/ros/jazzy/include/rclcpp/rclcpp/node.hpp:470:3:[m[K [01;36m[Knote: [m[K  candidate expects 4 arguments, 1 provided
[5.694s] [01m[K/home/terry/robot_ws/src/ydlidar_ros2_driver/src/ydlidar_ros2_driver_node.cpp:88:26:[m[K [01;31m[Kerror: [m[Kno matching function for call to â€˜[01m[Krclcpp::Node::declare_parameter(const char [14])[m[Kâ€™
[5.694s]    88 |   [01;31m[Knode->declare_parameter("intensity_bit")[m[K;
[5.694s]       |   [01;31m[K~~~~~~~~~~~~~~~~~~~~~~~^~~~~~~~~~~~~~~~~[m[K
[5.694s] [01m[K/opt/ros/jazzy/include/rclcpp/rclcpp/node.hpp:500:3:[m[K [01;36m[Knote: [m[Kcandidate: â€˜[01m[Ktemplate<class ParameterT> auto rclcpp::Node::[01;32m[Kdeclare_parameter[m[K(const std::string&, const ParameterT&, const rcl_interfaces::msg::ParameterDescriptor&, bool)[m[Kâ€™
[5.695s]   500 |   [01;36m[Kdeclare_parameter[m[K(
[5.695s]       |   [01;36m[K^~~~~~~~~~~~~~~~~[m[K
[5.695s] [01m[K/opt/ros/jazzy/include/rclcpp/rclcpp/node.hpp:500:3:[m[K [01;36m[Knote: [m[K  template argument deduction/substitution failed:
[5.695s] [01m[K/home/terry/robot_ws/src/ydlidar_ros2_driver/src/ydlidar_ros2_driver_node.cpp:88:26:[m[K [01;36m[Knote: [m[K  candidate expects 4 arguments, 1 provided
[5.695s]    88 |   [01;36m[Knode->declare_parameter("intensity_bit")[m[K;
[5.695s]       |   [01;36m[K~~~~~~~~~~~~~~~~~~~~~~~^~~~~~~~~~~~~~~~~[m[K
[5.695s] [01m[K/opt/ros/jazzy/include/rclcpp/rclcpp/node.hpp:513:3:[m[K [01;36m[Knote: [m[Kcandidate: â€˜[01m[Ktemplate<class ParameterT> auto rclcpp::Node::[01;32m[Kdeclare_parameter[m[K(const std::string&, const rcl_interfaces::msg::ParameterDescriptor&, bool)[m[Kâ€™
[5.695s]   513 |   [01;36m[Kdeclare_parameter[m[K(
[5.695s]       |   [01;36m[K^~~~~~~~~~~~~~~~~[m[K
[5.695s] [01m[K/opt/ros/jazzy/include/rclcpp/rclcpp/node.hpp:513:3:[m[K [01;36m[Knote: [m[K  template argument deduction/substitution failed:
[5.696s] [01m[K/home/terry/robot_ws/src/ydlidar_ros2_driver/src/ydlidar_ros2_driver_node.cpp:88:26:[m[K [01;36m[Knote: [m[K  couldnâ€™t deduce template parameter â€˜[01m[KParameterT[m[Kâ€™
[5.696s]    88 |   [01;36m[Knode->declare_parameter("intensity_bit")[m[K;
[5.696s]       |   [01;36m[K~~~~~~~~~~~~~~~~~~~~~~~^~~~~~~~~~~~~~~~~[m[K
[5.696s] [01m[K/opt/ros/jazzy/include/rclcpp/rclcpp/node.hpp:445:3:[m[K [01;36m[Knote: [m[Kcandidate: â€˜[01m[Kconst rclcpp::ParameterValue& rclcpp::Node::[01;32m[Kdeclare_parameter[m[K(const std::string&, const rclcpp::ParameterValue&, const rcl_interfaces::msg::ParameterDescriptor&, bool)[m[Kâ€™
[5.696s]   445 |   [01;36m[Kdeclare_parameter[m[K(
[5.696s]       |   [01;36m[K^~~~~~~~~~~~~~~~~[m[K
[5.696s] [01m[K/opt/ros/jazzy/include/rclcpp/rclcpp/node.hpp:445:3:[m[K [01;36m[Knote: [m[K  candidate expects 4 arguments, 1 provided
[5.696s] [01m[K/opt/ros/jazzy/include/rclcpp/rclcpp/node.hpp:470:3:[m[K [01;36m[Knote: [m[Kcandidate: â€˜[01m[Kconst rclcpp::ParameterValue& rclcpp::Node::[01;32m[Kdeclare_parameter[m[K(const std::string&, rclcpp::ParameterType, const rcl_interfaces::msg::ParameterDescriptor&, bool)[m[Kâ€™
[5.696s]   470 |   [01;36m[Kdeclare_parameter[m[K(
[5.696s]       |   [01;36m[K^~~~~~~~~~~~~~~~~[m[K
[5.697s] [01m[K/opt/ros/jazzy/include/rclcpp/rclcpp/node.hpp:470:3:[m[K [01;36m[Knote: [m[K  candidate expects 4 arguments, 1 provided
[5.697s] [01m[K/home/terry/robot_ws/src/ydlidar_ros2_driver/src/ydlidar_ros2_driver_node.cpp:95:26:[m[K [01;31m[Kerror: [m[Kno matching function for call to â€˜[01m[Krclcpp::Node::declare_parameter(const char [17])[m[Kâ€™
[5.697s]    95 |   [01;31m[Knode->declare_parameter("fixed_resolution")[m[K;
[5.697s]       |   [01;31m[K~~~~~~~~~~~~~~~~~~~~~~~^~~~~~~~~~~~~~~~~~~~[m[K
[5.697s] [01m[K/opt/ros/jazzy/include/rclcpp/rclcpp/node.hpp:500:3:[m[K [01;36m[Knote: [m[Kcandidate: â€˜[01m[Ktemplate<class ParameterT> auto rclcpp::Node::[01;32m[Kdeclare_parameter[m[K(const std::string&, const ParameterT&, const rcl_interfaces::msg::ParameterDescriptor&, bool)[m[Kâ€™
[5.697s]   500 |   [01;36m[Kdeclare_parameter[m[K(
[5.697s]       |   [01;36m[K^~~~~~~~~~~~~~~~~[m[K
[5.697s] [01m[K/opt/ros/jazzy/include/rclcpp/rclcpp/node.hpp:500:3:[m[K [01;36m[Knote: [m[K  template argument deduction/substitution failed:
[5.697s] [01m[K/home/terry/robot_ws/src/ydlidar_ros2_driver/src/ydlidar_ros2_driver_node.cpp:95:26:[m[K [01;36m[Knote: [m[K  candidate expects 4 arguments, 1 provided
[5.698s]    95 |   [01;36m[Knode->declare_parameter("fixed_resolution")[m[K;
[5.698s]       |   [01;36m[K~~~~~~~~~~~~~~~~~~~~~~~^~~~~~~~~~~~~~~~~~~~[m[K
[5.698s] [01m[K/opt/ros/jazzy/include/rclcpp/rclcpp/node.hpp:513:3:[m[K [01;36m[Knote: [m[Kcandidate: â€˜[01m[Ktemplate<class ParameterT> auto rclcpp::Node::[01;32m[Kdeclare_parameter[m[K(const std::string&, const rcl_interfaces::msg::ParameterDescriptor&, bool)[m[Kâ€™
[5.698s]   513 |   [01;36m[Kdeclare_parameter[m[K(
[5.698s]       |   [01;36m[K^~~~~~~~~~~~~~~~~[m[K
[5.698s] [01m[K/opt/ros/jazzy/include/rclcpp/rclcpp/node.hpp:513:3:[m[K [01;36m[Knote: [m[K  template argument deduction/substitution failed:
[5.698s] [01m[K/home/terry/robot_ws/src/ydlidar_ros2_driver/src/ydlidar_ros2_driver_node.cpp:95:26:[m[K [01;36m[Knote: [m[K  couldnâ€™t deduce template parameter â€˜[01m[KParameterT[m[Kâ€™
[5.698s]    95 |   [01;36m[Knode->declare_parameter("fixed_resolution")[m[K;
[5.698s]       |   [01;36m[K~~~~~~~~~~~~~~~~~~~~~~~^~~~~~~~~~~~~~~~~~~~[m[K
[5.698s] [01m[K/opt/ros/jazzy/include/rclcpp/rclcpp/node.hpp:445:3:[m[K [01;36m[Knote: [m[Kcandidate: â€˜[01m[Kconst rclcpp::ParameterValue& rclcpp::Node::[01;32m[Kdeclare_parameter[m[K(const std::string&, const rclcpp::ParameterValue&, const rcl_interfaces::msg::ParameterDescriptor&, bool)[m[Kâ€™
[5.699s]   445 |   [01;36m[Kdeclare_parameter[m[K(
[5.699s]       |   [01;36m[K^~~~~~~~~~~~~~~~~[m[K
[5.699s] [01m[K/opt/ros/jazzy/include/rclcpp/rclcpp/node.hpp:445:3:[m[K [01;36m[Knote: [m[K  candidate expects 4 arguments, 1 provided
[5.699s] [01m[K/opt/ros/jazzy/include/rclcpp/rclcpp/node.hpp:470:3:[m[K [01;36m[Knote: [m[Kcandidate: â€˜[01m[Kconst rclcpp::ParameterValue& rclcpp::Node::[01;32m[Kdeclare_parameter[m[K(const std::string&, rclcpp::ParameterType, const rcl_interfaces::msg::ParameterDescriptor&, bool)[m[Kâ€™
[5.699s]   470 |   [01;36m[Kdeclare_parameter[m[K(
[5.699s]       |   [01;36m[K^~~~~~~~~~~~~~~~~[m[K
[5.699s] [01m[K/opt/ros/jazzy/include/rclcpp/rclcpp/node.hpp:470:3:[m[K [01;36m[Knote: [m[K  candidate expects 4 arguments, 1 provided
[5.699s] [01m[K/home/terry/robot_ws/src/ydlidar_ros2_driver/src/ydlidar_ros2_driver_node.cpp:100:26:[m[K [01;31m[Kerror: [m[Kno matching function for call to â€˜[01m[Krclcpp::Node::declare_parameter(const char [10])[m[Kâ€™
[5.699s]   100 |   [01;31m[Knode->declare_parameter("reversion")[m[K;
[5.699s]       |   [01;31m[K~~~~~~~~~~~~~~~~~~~~~~~^~~~~~~~~~~~~[m[K
[5.700s] [01m[K/opt/ros/jazzy/include/rclcpp/rclcpp/node.hpp:500:3:[m[K [01;36m[Knote: [m[Kcandidate: â€˜[01m[Ktemplate<class ParameterT> auto rclcpp::Node::[01;32m[Kdeclare_parameter[m[K(const std::string&, const ParameterT&, const rcl_interfaces::msg::ParameterDescriptor&, bool)[m[Kâ€™
[5.700s]   500 |   [01;36m[Kdeclare_parameter[m[K(
[5.700s]       |   [01;36m[K^~~~~~~~~~~~~~~~~[m[K
[5.700s] [01m[K/opt/ros/jazzy/include/rclcpp/rclcpp/node.hpp:500:3:[m[K [01;36m[Knote: [m[K  template argument deduction/substitution failed:
[5.700s] [01m[K/home/terry/robot_ws/src/ydlidar_ros2_driver/src/ydlidar_ros2_driver_node.cpp:100:26:[m[K [01;36m[Knote: [m[K  candidate expects 4 arguments, 1 provided
[5.700s]   100 |   [01;36m[Knode->declare_parameter("reversion")[m[K;
[5.700s]       |   [01;36m[K~~~~~~~~~~~~~~~~~~~~~~~^~~~~~~~~~~~~[m[K
[5.700s] [01m[K/opt/ros/jazzy/include/rclcpp/rclcpp/node.hpp:513:3:[m[K [01;36m[Knote: [m[Kcandidate: â€˜[01m[Ktemplate<class ParameterT> auto rclcpp::Node::[01;32m[Kdeclare_parameter[m[K(const std::string&, const rcl_interfaces::msg::ParameterDescriptor&, bool)[m[Kâ€™
[5.700s]   513 |   [01;36m[Kdeclare_parameter[m[K(
[5.700s]       |   [01;36m[K^~~~~~~~~~~~~~~~~[m[K
[5.700s] [01m[K/opt/ros/jazzy/include/rclcpp/rclcpp/node.hpp:513:3:[m[K [01;36m[Knote: [m[K  template argument deduction/substitution failed:
[5.701s] [01m[K/home/terry/robot_ws/src/ydlidar_ros2_driver/src/ydlidar_ros2_driver_node.cpp:100:26:[m[K [01;36m[Knote: [m[K  couldnâ€™t deduce template parameter â€˜[01m[KParameterT[m[Kâ€™
[5.701s]   100 |   [01;36m[Knode->declare_parameter("reversion")[m[K;
[5.701s]       |   [01;36m[K~~~~~~~~~~~~~~~~~~~~~~~^~~~~~~~~~~~~[m[K
[5.701s] [01m[K/opt/ros/jazzy/include/rclcpp/rclcpp/node.hpp:445:3:[m[K [01;36m[Knote: [m[Kcandidate: â€˜[01m[Kconst rclcpp::ParameterValue& rclcpp::Node::[01;32m[Kdeclare_parameter[m[K(const std::string&, const rclcpp::ParameterValue&, const rcl_interfaces::msg::ParameterDescriptor&, bool)[m[Kâ€™
[5.701s]   445 |   [01;36m[Kdeclare_parameter[m[K(
[5.701s]       |   [01;36m[K^~~~~~~~~~~~~~~~~[m[K
[5.701s] [01m[K/opt/ros/jazzy/include/rclcpp/rclcpp/node.hpp:445:3:[m[K [01;36m[Knote: [m[K  candidate expects 4 arguments, 1 provided
[5.701s] [01m[K/opt/ros/jazzy/include/rclcpp/rclcpp/node.hpp:470:3:[m[K [01;36m[Knote: [m[Kcandidate: â€˜[01m[Kconst rclcpp::ParameterValue& rclcpp::Node::[01;32m[Kdeclare_parameter[m[K(const std::string&, rclcpp::ParameterType, const rcl_interfaces::msg::ParameterDescriptor&, bool)[m[Kâ€™
[5.701s]   470 |   [01;36m[Kdeclare_parameter[m[K(
[5.702s]       |   [01;36m[K^~~~~~~~~~~~~~~~~[m[K
[5.702s] [01m[K/opt/ros/jazzy/include/rclcpp/rclcpp/node.hpp:470:3:[m[K [01;36m[Knote: [m[K  candidate expects 4 arguments, 1 provided
[5.702s] [01m[K/home/terry/robot_ws/src/ydlidar_ros2_driver/src/ydlidar_ros2_driver_node.cpp:105:26:[m[K [01;31m[Kerror: [m[Kno matching function for call to â€˜[01m[Krclcpp::Node::declare_parameter(const char [9])[m[Kâ€™
[5.702s]   105 |   [01;31m[Knode->declare_parameter("inverted")[m[K;
[5.702s]       |   [01;31m[K~~~~~~~~~~~~~~~~~~~~~~~^~~~~~~~~~~~[m[K
[5.702s] [01m[K/opt/ros/jazzy/include/rclcpp/rclcpp/node.hpp:500:3:[m[K [01;36m[Knote: [m[Kcandidate: â€˜[01m[Ktemplate<class ParameterT> auto rclcpp::Node::[01;32m[Kdeclare_parameter[m[K(const std::string&, const ParameterT&, const rcl_interfaces::msg::ParameterDescriptor&, bool)[m[Kâ€™
[5.702s]   500 |   [01;36m[Kdeclare_parameter[m[K(
[5.702s]       |   [01;36m[K^~~~~~~~~~~~~~~~~[m[K
[5.702s] [01m[K/opt/ros/jazzy/include/rclcpp/rclcpp/node.hpp:500:3:[m[K [01;36m[Knote: [m[K  template argument deduction/substitution failed:
[5.702s] [01m[K/home/terry/robot_ws/src/ydlidar_ros2_driver/src/ydlidar_ros2_driver_node.cpp:105:26:[m[K [01;36m[Knote: [m[K  candidate expects 4 arguments, 1 provided
[5.703s]   105 |   [01;36m[Knode->declare_parameter("inverted")[m[K;
[5.703s]       |   [01;36m[K~~~~~~~~~~~~~~~~~~~~~~~^~~~~~~~~~~~[m[K
[5.703s] [01m[K/opt/ros/jazzy/include/rclcpp/rclcpp/node.hpp:513:3:[m[K [01;36m[Knote: [m[Kcandidate: â€˜[01m[Ktemplate<class ParameterT> auto rclcpp::Node::[01;32m[Kdeclare_parameter[m[K(const std::string&, const rcl_interfaces::msg::ParameterDescriptor&, bool)[m[Kâ€™
[5.703s]   513 |   [01;36m[Kdeclare_parameter[m[K(
[5.703s]       |   [01;36m[K^~~~~~~~~~~~~~~~~[m[K
[5.703s] [01m[K/opt/ros/jazzy/include/rclcpp/rclcpp/node.hpp:513:3:[m[K [01;36m[Knote: [m[K  template argument deduction/substitution failed:
[5.703s] [01m[K/home/terry/robot_ws/src/ydlidar_ros2_driver/src/ydlidar_ros2_driver_node.cpp:105:26:[m[K [01;36m[Knote: [m[K  couldnâ€™t deduce template parameter â€˜[01m[KParameterT[m[Kâ€™
[5.703s]   105 |   [01;36m[Knode->declare_parameter("inverted")[m[K;
[5.704s]       |   [01;36m[K~~~~~~~~~~~~~~~~~~~~~~~^~~~~~~~~~~~[m[K
[5.704s] [01m[K/opt/ros/jazzy/include/rclcpp/rclcpp/node.hpp:445:3:[m[K [01;36m[Knote: [m[Kcandidate: â€˜[01m[Kconst rclcpp::ParameterValue& rclcpp::Node::[01;32m[Kdeclare_parameter[m[K(const std::string&, const rclcpp::ParameterValue&, const rcl_interfaces::msg::ParameterDescriptor&, bool)[m[Kâ€™
[5.704s]   445 |   [01;36m[Kdeclare_parameter[m[K(
[5.704s]       |   [01;36m[K^~~~~~~~~~~~~~~~~[m[K
[5.704s] [01m[K/opt/ros/jazzy/include/rclcpp/rclcpp/node.hpp:445:3:[m[K [01;36m[Knote: [m[K  candidate expects 4 arguments, 1 provided
[5.704s] [01m[K/opt/ros/jazzy/include/rclcpp/rclcpp/node.hpp:470:3:[m[K [01;36m[Knote: [m[Kcandidate: â€˜[01m[Kconst rclcpp::ParameterValue& rclcpp::Node::[01;32m[Kdeclare_parameter[m[K(const std::string&, rclcpp::ParameterType, const rcl_interfaces::msg::ParameterDescriptor&, bool)[m[Kâ€™
[5.704s]   470 |   [01;36m[Kdeclare_parameter[m[K(
[5.704s]       |   [01;36m[K^~~~~~~~~~~~~~~~~[m[K
[5.704s] [01m[K/opt/ros/jazzy/include/rclcpp/rclcpp/node.hpp:470:3:[m[K [01;36m[Knote: [m[K  candidate expects 4 arguments, 1 provided
[5.704s] [01m[K/home/terry/robot_ws/src/ydlidar_ros2_driver/src/ydlidar_ros2_driver_node.cpp:109:26:[m[K [01;31m[Kerror: [m[Kno matching function for call to â€˜[01m[Krclcpp::Node::declare_parameter(const char [15])[m[Kâ€™
[5.705s]   109 |   [01;31m[Knode->declare_parameter("auto_reconnect")[m[K;
[5.705s]       |   [01;31m[K~~~~~~~~~~~~~~~~~~~~~~~^~~~~~~~~~~~~~~~~~[m[K
[5.705s] [01m[K/opt/ros/jazzy/include/rclcpp/rclcpp/node.hpp:500:3:[m[K [01;36m[Knote: [m[Kcandidate: â€˜[01m[Ktemplate<class ParameterT> auto rclcpp::Node::[01;32m[Kdeclare_parameter[m[K(const std::string&, const ParameterT&, const rcl_interfaces::msg::ParameterDescriptor&, bool)[m[Kâ€™
[5.705s]   500 |   [01;36m[Kdeclare_parameter[m[K(
[5.705s]       |   [01;36m[K^~~~~~~~~~~~~~~~~[m[K
[5.705s] [01m[K/opt/ros/jazzy/include/rclcpp/rclcpp/node.hpp:500:3:[m[K [01;36m[Knote: [m[K  template argument deduction/substitution failed:
[5.705s] [01m[K/home/terry/robot_ws/src/ydlidar_ros2_driver/src/ydlidar_ros2_driver_node.cpp:109:26:[m[K [01;36m[Knote: [m[K  candidate expects 4 arguments, 1 provided
[5.705s]   109 |   [01;36m[Knode->declare_parameter("auto_reconnect")[m[K;
[5.705s]       |   [01;36m[K~~~~~~~~~~~~~~~~~~~~~~~^~~~~~~~~~~~~~~~~~[m[K
[5.706s] [01m[K/opt/ros/jazzy/include/rclcpp/rclcpp/node.hpp:513:3:[m[K [01;36m[Knote: [m[Kcandidate: â€˜[01m[Ktemplate<class ParameterT> auto rclcpp::Node::[01;32m[Kdeclare_parameter[m[K(const std::string&, const rcl_interfaces::msg::ParameterDescriptor&, bool)[m[Kâ€™
[5.706s]   513 |   [01;36m[Kdeclare_parameter[m[K(
[5.706s]       |   [01;36m[K^~~~~~~~~~~~~~~~~[m[K
[5.706s] [01m[K/opt/ros/jazzy/include/rclcpp/rclcpp/node.hpp:513:3:[m[K [01;36m[Knote: [m[K  template argument deduction/substitution failed:
[5.706s] [01m[K/home/terry/robot_ws/src/ydlidar_ros2_driver/src/ydlidar_ros2_driver_node.cpp:109:26:[m[K [01;36m[Knote: [m[K  couldnâ€™t deduce template parameter â€˜[01m[KParameterT[m[Kâ€™
[5.706s]   109 |   [01;36m[Knode->declare_parameter("auto_reconnect")[m[K;
[5.706s]       |   [01;36m[K~~~~~~~~~~~~~~~~~~~~~~~^~~~~~~~~~~~~~~~~~[m[K
[5.706s] [01m[K/opt/ros/jazzy/include/rclcpp/rclcpp/node.hpp:445:3:[m[K [01;36m[Knote: [m[Kcandidate: â€˜[01m[Kconst rclcpp::ParameterValue& rclcpp::Node::[01;32m[Kdeclare_parameter[m[K(const std::string&, const rclcpp::ParameterValue&, const rcl_interfaces::msg::ParameterDescriptor&, bool)[m[Kâ€™
[5.706s]   445 |   [01;36m[Kdeclare_parameter[m[K(
[5.706s]       |   [01;36m[K^~~~~~~~~~~~~~~~~[m[K
[5.706s] [01m[K/opt/ros/jazzy/include/rclcpp/rclcpp/node.hpp:445:3:[m[K [01;36m[Knote: [m[K  candidate expects 4 arguments, 1 provided
[5.707s] [01m[K/opt/ros/jazzy/include/rclcpp/rclcpp/node.hpp:470:3:[m[K [01;36m[Knote: [m[Kcandidate: â€˜[01m[Kconst rclcpp::ParameterValue& rclcpp::Node::[01;32m[Kdeclare_parameter[m[K(const std::string&, rclcpp::ParameterType, const rcl_interfaces::msg::ParameterDescriptor&, bool)[m[Kâ€™
[5.707s]   470 |   [01;36m[Kdeclare_parameter[m[K(
[5.707s]       |   [01;36m[K^~~~~~~~~~~~~~~~~[m[K
[5.707s] [01m[K/opt/ros/jazzy/include/rclcpp/rclcpp/node.hpp:470:3:[m[K [01;36m[Knote: [m[K  candidate expects 4 arguments, 1 provided
[5.707s] [01m[K/home/terry/robot_ws/src/ydlidar_ros2_driver/src/ydlidar_ros2_driver_node.cpp:114:26:[m[K [01;31m[Kerror: [m[Kno matching function for call to â€˜[01m[Krclcpp::Node::declare_parameter(const char [16])[m[Kâ€™
[5.707s]   114 |   [01;31m[Knode->declare_parameter("isSingleChannel")[m[K;
[5.707s]       |   [01;31m[K~~~~~~~~~~~~~~~~~~~~~~~^~~~~~~~~~~~~~~~~~~[m[K
[5.707s] [01m[K/opt/ros/jazzy/include/rclcpp/rclcpp/node.hpp:500:3:[m[K [01;36m[Knote: [m[Kcandidate: â€˜[01m[Ktemplate<class ParameterT> auto rclcpp::Node::[01;32m[Kdeclare_parameter[m[K(const std::string&, const ParameterT&, const rcl_interfaces::msg::ParameterDescriptor&, bool)[m[Kâ€™
[5.707s]   500 |   [01;36m[Kdeclare_parameter[m[K(
[5.708s]       |   [01;36m[K^~~~~~~~~~~~~~~~~[m[K
[5.708s] [01m[K/opt/ros/jazzy/include/rclcpp/rclcpp/node.hpp:500:3:[m[K [01;36m[Knote: [m[K  template argument deduction/substitution failed:
[5.708s] [01m[K/home/terry/robot_ws/src/ydlidar_ros2_driver/src/ydlidar_ros2_driver_node.cpp:114:26:[m[K [01;36m[Knote: [m[K  candidate expects 4 arguments, 1 provided
[5.708s]   114 |   [01;36m[Knode->declare_parameter("isSingleChannel")[m[K;
[5.708s]       |   [01;36m[K~~~~~~~~~~~~~~~~~~~~~~~^~~~~~~~~~~~~~~~~~~[m[K
[5.708s] [01m[K/opt/ros/jazzy/include/rclcpp/rclcpp/node.hpp:513:3:[m[K [01;36m[Knote: [m[Kcandidate: â€˜[01m[Ktemplate<class ParameterT> auto rclcpp::Node::[01;32m[Kdeclare_parameter[m[K(const std::string&, const rcl_interfaces::msg::ParameterDescriptor&, bool)[m[Kâ€™
[5.708s]   513 |   [01;36m[Kdeclare_parameter[m[K(
[5.708s]       |   [01;36m[K^~~~~~~~~~~~~~~~~[m[K
[5.708s] [01m[K/opt/ros/jazzy/include/rclcpp/rclcpp/node.hpp:513:3:[m[K [01;36m[Knote: [m[K  template argument deduction/substitution failed:
[5.708s] [01m[K/home/terry/robot_ws/src/ydlidar_ros2_driver/src/ydlidar_ros2_driver_node.cpp:114:26:[m[K [01;36m[Knote: [m[K  couldnâ€™t deduce template parameter â€˜[01m[KParameterT[m[Kâ€™
[5.708s]   114 |   [01;36m[Knode->declare_parameter("isSingleChannel")[m[K;
[5.709s]       |   [01;36m[K~~~~~~~~~~~~~~~~~~~~~~~^~~~~~~~~~~~~~~~~~~[m[K
[5.709s] [01m[K/opt/ros/jazzy/include/rclcpp/rclcpp/node.hpp:445:3:[m[K [01;36m[Knote: [m[Kcandidate: â€˜[01m[Kconst rclcpp::ParameterValue& rclcpp::Node::[01;32m[Kdeclare_parameter[m[K(const std::string&, const rclcpp::ParameterValue&, const rcl_interfaces::msg::ParameterDescriptor&, bool)[m[Kâ€™
[5.709s]   445 |   [01;36m[Kdeclare_parameter[m[K(
[5.709s]       |   [01;36m[K^~~~~~~~~~~~~~~~~[m[K
[5.709s] [01m[K/opt/ros/jazzy/include/rclcpp/rclcpp/node.hpp:445:3:[m[K [01;36m[Knote: [m[K  candidate expects 4 arguments, 1 provided
[5.709s] [01m[K/opt/ros/jazzy/include/rclcpp/rclcpp/node.hpp:470:3:[m[K [01;36m[Knote: [m[Kcandidate: â€˜[01m[Kconst rclcpp::ParameterValue& rclcpp::Node::[01;32m[Kdeclare_parameter[m[K(const std::string&, rclcpp::ParameterType, const rcl_interfaces::msg::ParameterDescriptor&, bool)[m[Kâ€™
[5.709s]   470 |   [01;36m[Kdeclare_parameter[m[K(
[5.709s]       |   [01;36m[K^~~~~~~~~~~~~~~~~[m[K
[5.709s] [01m[K/opt/ros/jazzy/include/rclcpp/rclcpp/node.hpp:470:3:[m[K [01;36m[Knote: [m[K  candidate expects 4 arguments, 1 provided
[5.709s] [01m[K/home/terry/robot_ws/src/ydlidar_ros2_driver/src/ydlidar_ros2_driver_node.cpp:119:26:[m[K [01;31m[Kerror: [m[Kno matching function for call to â€˜[01m[Krclcpp::Node::declare_parameter(const char [10])[m[Kâ€™
[5.710s]   119 |   [01;31m[Knode->declare_parameter("intensity")[m[K;
[5.710s]       |   [01;31m[K~~~~~~~~~~~~~~~~~~~~~~~^~~~~~~~~~~~~[m[K
[5.710s] [01m[K/opt/ros/jazzy/include/rclcpp/rclcpp/node.hpp:500:3:[m[K [01;36m[Knote: [m[Kcandidate: â€˜[01m[Ktemplate<class ParameterT> auto rclcpp::Node::[01;32m[Kdeclare_parameter[m[K(const std::string&, const ParameterT&, const rcl_interfaces::msg::ParameterDescriptor&, bool)[m[Kâ€™
[5.710s]   500 |   [01;36m[Kdeclare_parameter[m[K(
[5.710s]       |   [01;36m[K^~~~~~~~~~~~~~~~~[m[K
[5.710s] [01m[K/opt/ros/jazzy/include/rclcpp/rclcpp/node.hpp:500:3:[m[K [01;36m[Knote: [m[K  template argument deduction/substitution failed:
[5.710s] [01m[K/home/terry/robot_ws/src/ydlidar_ros2_driver/src/ydlidar_ros2_driver_node.cpp:119:26:[m[K [01;36m[Knote: [m[K  candidate expects 4 arguments, 1 provided
[5.710s]   119 |   [01;36m[Knode->declare_parameter("intensity")[m[K;
[5.710s]       |   [01;36m[K~~~~~~~~~~~~~~~~~~~~~~~^~~~~~~~~~~~~[m[K
[5.711s] [01m[K/opt/ros/jazzy/include/rclcpp/rclcpp/node.hpp:513:3:[m[K [01;36m[Knote: [m[Kcandidate: â€˜[01m[Ktemplate<class ParameterT> auto rclcpp::Node::[01;32m[Kdeclare_parameter[m[K(const std::string&, const rcl_interfaces::msg::ParameterDescriptor&, bool)[m[Kâ€™
[5.711s]   513 |   [01;36m[Kdeclare_parameter[m[K(
[5.711s]       |   [01;36m[K^~~~~~~~~~~~~~~~~[m[K
[5.711s] [01m[K/opt/ros/jazzy/include/rclcpp/rclcpp/node.hpp:513:3:[m[K [01;36m[Knote: [m[K  template argument deduction/substitution failed:
[5.711s] [01m[K/home/terry/robot_ws/src/ydlidar_ros2_driver/src/ydlidar_ros2_driver_node.cpp:119:26:[m[K [01;36m[Knote: [m[K  couldnâ€™t deduce template parameter â€˜[01m[KParameterT[m[Kâ€™
[5.711s]   119 |   [01;36m[Knode->declare_parameter("intensity")[m[K;
[5.711s]       |   [01;36m[K~~~~~~~~~~~~~~~~~~~~~~~^~~~~~~~~~~~~[m[K
[5.711s] [01m[K/opt/ros/jazzy/include/rclcpp/rclcpp/node.hpp:445:3:[m[K [01;36m[Knote: [m[Kcandidate: â€˜[01m[Kconst rclcpp::ParameterValue& rclcpp::Node::[01;32m[Kdeclare_parameter[m[K(const std::string&, const rclcpp::ParameterValue&, const rcl_interfaces::msg::ParameterDescriptor&, bool)[m[Kâ€™
[5.711s]   445 |   [01;36m[Kdeclare_parameter[m[K(
[5.711s]       |   [01;36m[K^~~~~~~~~~~~~~~~~[m[K
[5.711s] [01m[K/opt/ros/jazzy/include/rclcpp/rclcpp/node.hpp:445:3:[m[K [01;36m[Knote: [m[K  candidate expects 4 arguments, 1 provided
[5.712s] [01m[K/opt/ros/jazzy/include/rclcpp/rclcpp/node.hpp:470:3:[m[K [01;36m[Knote: [m[Kcandidate: â€˜[01m[Kconst rclcpp::ParameterValue& rclcpp::Node::[01;32m[Kdeclare_parameter[m[K(const std::string&, rclcpp::ParameterType, const rcl_interfaces::msg::ParameterDescriptor&, bool)[m[Kâ€™
[5.712s]   470 |   [01;36m[Kdeclare_parameter[m[K(
[5.712s]       |   [01;36m[K^~~~~~~~~~~~~~~~~[m[K
[5.712s] [01m[K/opt/ros/jazzy/include/rclcpp/rclcpp/node.hpp:470:3:[m[K [01;36m[Knote: [m[K  candidate expects 4 arguments, 1 provided
[5.712s] [01m[K/home/terry/robot_ws/src/ydlidar_ros2_driver/src/ydlidar_ros2_driver_node.cpp:124:26:[m[K [01;31m[Kerror: [m[Kno matching function for call to â€˜[01m[Krclcpp::Node::declare_parameter(const char [18])[m[Kâ€™
[5.712s]   124 |   [01;31m[Knode->declare_parameter("support_motor_dtr")[m[K;
[5.712s]       |   [01;31m[K~~~~~~~~~~~~~~~~~~~~~~~^~~~~~~~~~~~~~~~~~~~~[m[K
[5.712s] [01m[K/opt/ros/jazzy/include/rclcpp/rclcpp/node.hpp:500:3:[m[K [01;36m[Knote: [m[Kcandidate: â€˜[01m[Ktemplate<class ParameterT> auto rclcpp::Node::[01;32m[Kdeclare_parameter[m[K(const std::string&, const ParameterT&, const rcl_interfaces::msg::ParameterDescriptor&, bool)[m[Kâ€™
[5.712s]   500 |   [01;36m[Kdeclare_parameter[m[K(
[5.712s]       |   [01;36m[K^~~~~~~~~~~~~~~~~[m[K
[5.713s] [01m[K/opt/ros/jazzy/include/rclcpp/rclcpp/node.hpp:500:3:[m[K [01;36m[Knote: [m[K  template argument deduction/substitution failed:
[5.713s] [01m[K/home/terry/robot_ws/src/ydlidar_ros2_driver/src/ydlidar_ros2_driver_node.cpp:124:26:[m[K [01;36m[Knote: [m[K  candidate expects 4 arguments, 1 provided
[5.713s]   124 |   [01;36m[Knode->declare_parameter("support_motor_dtr")[m[K;
[5.713s]       |   [01;36m[K~~~~~~~~~~~~~~~~~~~~~~~^~~~~~~~~~~~~~~~~~~~~[m[K
[5.713s] [01m[K/opt/ros/jazzy/include/rclcpp/rclcpp/node.hpp:513:3:[m[K [01;36m[Knote: [m[Kcandidate: â€˜[01m[Ktemplate<class ParameterT> auto rclcpp::Node::[01;32m[Kdeclare_parameter[m[K(const std::string&, const rcl_interfaces::msg::ParameterDescriptor&, bool)[m[Kâ€™
[5.713s]   513 |   [01;36m[Kdeclare_parameter[m[K(
[5.713s]       |   [01;36m[K^~~~~~~~~~~~~~~~~[m[K
[5.713s] [01m[K/opt/ros/jazzy/include/rclcpp/rclcpp/node.hpp:513:3:[m[K [01;36m[Knote: [m[K  template argument deduction/substitution failed:
[5.713s] [01m[K/home/terry/robot_ws/src/ydlidar_ros2_driver/src/ydlidar_ros2_driver_node.cpp:124:26:[m[K [01;36m[Knote: [m[K  couldnâ€™t deduce template parameter â€˜[01m[KParameterT[m[Kâ€™
[5.713s]   124 |   [01;36m[Knode->declare_parameter("support_motor_dtr")[m[K;
[5.714s]       |   [01;36m[K~~~~~~~~~~~~~~~~~~~~~~~^~~~~~~~~~~~~~~~~~~~~[m[K
[5.714s] [01m[K/opt/ros/jazzy/include/rclcpp/rclcpp/node.hpp:445:3:[m[K [01;36m[Knote: [m[Kcandidate: â€˜[01m[Kconst rclcpp::ParameterValue& rclcpp::Node::[01;32m[Kdeclare_parameter[m[K(const std::string&, const rclcpp::ParameterValue&, const rcl_interfaces::msg::ParameterDescriptor&, bool)[m[Kâ€™
[5.714s]   445 |   [01;36m[Kdeclare_parameter[m[K(
[5.714s]       |   [01;36m[K^~~~~~~~~~~~~~~~~[m[K
[5.714s] [01m[K/opt/ros/jazzy/include/rclcpp/rclcpp/node.hpp:445:3:[m[K [01;36m[Knote: [m[K  candidate expects 4 arguments, 1 provided
[5.714s] [01m[K/opt/ros/jazzy/include/rclcpp/rclcpp/node.hpp:470:3:[m[K [01;36m[Knote: [m[Kcandidate: â€˜[01m[Kconst rclcpp::ParameterValue& rclcpp::Node::[01;32m[Kdeclare_parameter[m[K(const std::string&, rclcpp::ParameterType, const rcl_interfaces::msg::ParameterDescriptor&, bool)[m[Kâ€™
[5.714s]   470 |   [01;36m[Kdeclare_parameter[m[K(
[5.714s]       |   [01;36m[K^~~~~~~~~~~~~~~~~[m[K
[5.714s] [01m[K/opt/ros/jazzy/include/rclcpp/rclcpp/node.hpp:470:3:[m[K [01;36m[Knote: [m[K  candidate expects 4 arguments, 1 provided
[5.714s] [01m[K/home/terry/robot_ws/src/ydlidar_ros2_driver/src/ydlidar_ros2_driver_node.cpp:129:26:[m[K [01;31m[Kerror: [m[Kno matching function for call to â€˜[01m[Krclcpp::Node::declare_parameter(const char [6])[m[Kâ€™
[5.715s]   129 |   [01;31m[Knode->declare_parameter("debug")[m[K;
[5.715s]       |   [01;31m[K~~~~~~~~~~~~~~~~~~~~~~~^~~~~~~~~[m[K
[5.715s] [01m[K/opt/ros/jazzy/include/rclcpp/rclcpp/node.hpp:500:3:[m[K [01;36m[Knote: [m[Kcandidate: â€˜[01m[Ktemplate<class ParameterT> auto rclcpp::Node::[01;32m[Kdeclare_parameter[m[K(const std::string&, const ParameterT&, const rcl_interfaces::msg::ParameterDescriptor&, bool)[m[Kâ€™
[5.715s]   500 |   [01;36m[Kdeclare_parameter[m[K(
[5.715s]       |   [01;36m[K^~~~~~~~~~~~~~~~~[m[K
[5.715s] [01m[K/opt/ros/jazzy/include/rclcpp/rclcpp/node.hpp:500:3:[m[K [01;36m[Knote: [m[K  template argument deduction/substitution failed:
[5.715s] [01m[K/home/terry/robot_ws/src/ydlidar_ros2_driver/src/ydlidar_ros2_driver_node.cpp:129:26:[m[K [01;36m[Knote: [m[K  candidate expects 4 arguments, 1 provided
[5.715s]   129 |   [01;36m[Knode->declare_parameter("debug")[m[K;
[5.715s]       |   [01;36m[K~~~~~~~~~~~~~~~~~~~~~~~^~~~~~~~~[m[K
[5.715s] [01m[K/opt/ros/jazzy/include/rclcpp/rclcpp/node.hpp:513:3:[m[K [01;36m[Knote: [m[Kcandidate: â€˜[01m[Ktemplate<class ParameterT> auto rclcpp::Node::[01;32m[Kdeclare_parameter[m[K(const std::string&, const rcl_interfaces::msg::ParameterDescriptor&, bool)[m[Kâ€™
[5.716s]   513 |   [01;36m[Kdeclare_parameter[m[K(
[5.716s]       |   [01;36m[K^~~~~~~~~~~~~~~~~[m[K
[5.716s] [01m[K/opt/ros/jazzy/include/rclcpp/rclcpp/node.hpp:513:3:[m[K [01;36m[Knote: [m[K  template argument deduction/substitution failed:
[5.716s] [01m[K/home/terry/robot_ws/src/ydlidar_ros2_driver/src/ydlidar_ros2_driver_node.cpp:129:26:[m[K [01;36m[Knote: [m[K  couldnâ€™t deduce template parameter â€˜[01m[KParameterT[m[Kâ€™
[5.716s]   129 |   [01;36m[Knode->declare_parameter("debug")[m[K;
[5.716s]       |   [01;36m[K~~~~~~~~~~~~~~~~~~~~~~~^~~~~~~~~[m[K
[5.716s] [01m[K/opt/ros/jazzy/include/rclcpp/rclcpp/node.hpp:445:3:[m[K [01;36m[Knote: [m[Kcandidate: â€˜[01m[Kconst rclcpp::ParameterValue& rclcpp::Node::[01;32m[Kdeclare_parameter[m[K(const std::string&, const rclcpp::ParameterValue&, const rcl_interfaces::msg::ParameterDescriptor&, bool)[m[Kâ€™
[5.716s]   445 |   [01;36m[Kdeclare_parameter[m[K(
[5.716s]       |   [01;36m[K^~~~~~~~~~~~~~~~~[m[K
[5.717s] [01m[K/opt/ros/jazzy/include/rclcpp/rclcpp/node.hpp:445:3:[m[K [01;36m[Knote: [m[K  candidate expects 4 arguments, 1 provided
[5.717s] [01m[K/opt/ros/jazzy/include/rclcpp/rclcpp/node.hpp:470:3:[m[K [01;36m[Knote: [m[Kcandidate: â€˜[01m[Kconst rclcpp::ParameterValue& rclcpp::Node::[01;32m[Kdeclare_parameter[m[K(const std::string&, rclcpp::ParameterType, const rcl_interfaces::msg::ParameterDescriptor&, bool)[m[Kâ€™
[5.717s]   470 |   [01;36m[Kdeclare_parameter[m[K(
[5.717s]       |   [01;36m[K^~~~~~~~~~~~~~~~~[m[K
[5.717s] [01m[K/opt/ros/jazzy/include/rclcpp/rclcpp/node.hpp:470:3:[m[K [01;36m[Knote: [m[K  candidate expects 4 arguments, 1 provided
[5.717s] [01m[K/home/terry/robot_ws/src/ydlidar_ros2_driver/src/ydlidar_ros2_driver_node.cpp:136:26:[m[K [01;31m[Kerror: [m[Kno matching function for call to â€˜[01m[Krclcpp::Node::declare_parameter(const char [10])[m[Kâ€™
[5.717s]   136 |   [01;31m[Knode->declare_parameter("angle_max")[m[K;
[5.717s]       |   [01;31m[K~~~~~~~~~~~~~~~~~~~~~~~^~~~~~~~~~~~~[m[K
[5.717s] [01m[K/opt/ros/jazzy/include/rclcpp/rclcpp/node.hpp:500:3:[m[K [01;36m[Knote: [m[Kcandidate: â€˜[01m[Ktemplate<class ParameterT> auto rclcpp::Node::[01;32m[Kdeclare_parameter[m[K(const std::string&, const ParameterT&, const rcl_interfaces::msg::ParameterDescriptor&, bool)[m[Kâ€™
[5.717s]   500 |   [01;36m[Kdeclare_parameter[m[K(
[5.717s]       |   [01;36m[K^~~~~~~~~~~~~~~~~[m[K
[5.718s] [01m[K/opt/ros/jazzy/include/rclcpp/rclcpp/node.hpp:500:3:[m[K [01;36m[Knote: [m[K  template argument deduction/substitution failed:
[5.718s] [01m[K/home/terry/robot_ws/src/ydlidar_ros2_driver/src/ydlidar_ros2_driver_node.cpp:136:26:[m[K [01;36m[Knote: [m[K  candidate expects 4 arguments, 1 provided
[5.718s]   136 |   [01;36m[Knode->declare_parameter("angle_max")[m[K;
[5.718s]       |   [01;36m[K~~~~~~~~~~~~~~~~~~~~~~~^~~~~~~~~~~~~[m[K
[5.718s] [01m[K/opt/ros/jazzy/include/rclcpp/rclcpp/node.hpp:513:3:[m[K [01;36m[Knote: [m[Kcandidate: â€˜[01m[Ktemplate<class ParameterT> auto rclcpp::Node::[01;32m[Kdeclare_parameter[m[K(const std::string&, const rcl_interfaces::msg::ParameterDescriptor&, bool)[m[Kâ€™
[5.718s]   513 |   [01;36m[Kdeclare_parameter[m[K(
[5.718s]       |   [01;36m[K^~~~~~~~~~~~~~~~~[m[K
[5.718s] [01m[K/opt/ros/jazzy/include/rclcpp/rclcpp/node.hpp:513:3:[m[K [01;36m[Knote: [m[K  template argument deduction/substitution failed:
[5.718s] [01m[K/home/terry/robot_ws/src/ydlidar_ros2_driver/src/ydlidar_ros2_driver_node.cpp:136:26:[m[K [01;36m[Knote: [m[K  couldnâ€™t deduce template parameter â€˜[01m[KParameterT[m[Kâ€™
[5.718s]   136 |   [01;36m[Knode->declare_parameter("angle_max")[m[K;
[5.719s]       |   [01;36m[K~~~~~~~~~~~~~~~~~~~~~~~^~~~~~~~~~~~~[m[K
[5.719s] [01m[K/opt/ros/jazzy/include/rclcpp/rclcpp/node.hpp:445:3:[m[K [01;36m[Knote: [m[Kcandidate: â€˜[01m[Kconst rclcpp::ParameterValue& rclcpp::Node::[01;32m[Kdeclare_parameter[m[K(const std::string&, const rclcpp::ParameterValue&, const rcl_interfaces::msg::ParameterDescriptor&, bool)[m[Kâ€™
[5.719s]   445 |   [01;36m[Kdeclare_parameter[m[K(
[5.719s]       |   [01;36m[K^~~~~~~~~~~~~~~~~[m[K
[5.719s] [01m[K/opt/ros/jazzy/include/rclcpp/rclcpp/node.hpp:445:3:[m[K [01;36m[Knote: [m[K  candidate expects 4 arguments, 1 provided
[5.719s] [01m[K/opt/ros/jazzy/include/rclcpp/rclcpp/node.hpp:470:3:[m[K [01;36m[Knote: [m[Kcandidate: â€˜[01m[Kconst rclcpp::ParameterValue& rclcpp::Node::[01;32m[Kdeclare_parameter[m[K(const std::string&, rclcpp::ParameterType, const rcl_interfaces::msg::ParameterDescriptor&, bool)[m[Kâ€™
[5.719s]   470 |   [01;36m[Kdeclare_parameter[m[K(
[5.719s]       |   [01;36m[K^~~~~~~~~~~~~~~~~[m[K
[5.719s] [01m[K/opt/ros/jazzy/include/rclcpp/rclcpp/node.hpp:470:3:[m[K [01;36m[Knote: [m[K  candidate expects 4 arguments, 1 provided
[5.720s] [01m[K/home/terry/robot_ws/src/ydlidar_ros2_driver/src/ydlidar_ros2_driver_node.cpp:140:26:[m[K [01;31m[Kerror: [m[Kno matching function for call to â€˜[01m[Krclcpp::Node::declare_parameter(const char [10])[m[Kâ€™
[5.720s]   140 |   [01;31m[Knode->declare_parameter("angle_min")[m[K;
[5.720s]       |   [01;31m[K~~~~~~~~~~~~~~~~~~~~~~~^~~~~~~~~~~~~[m[K
[5.720s] [01m[K/opt/ros/jazzy/include/rclcpp/rclcpp/node.hpp:500:3:[m[K [01;36m[Knote: [m[Kcandidate: â€˜[01m[Ktemplate<class ParameterT> auto rclcpp::Node::[01;32m[Kdeclare_parameter[m[K(const std::string&, const ParameterT&, const rcl_interfaces::msg::ParameterDescriptor&, bool)[m[Kâ€™
[5.720s]   500 |   [01;36m[Kdeclare_parameter[m[K(
[5.720s]       |   [01;36m[K^~~~~~~~~~~~~~~~~[m[K
[5.720s] [01m[K/opt/ros/jazzy/include/rclcpp/rclcpp/node.hpp:500:3:[m[K [01;36m[Knote: [m[K  template argument deduction/substitution failed:
[5.720s] [01m[K/home/terry/robot_ws/src/ydlidar_ros2_driver/src/ydlidar_ros2_driver_node.cpp:140:26:[m[K [01;36m[Knote: [m[K  candidate expects 4 arguments, 1 provided
[5.720s]   140 |   [01;36m[Knode->declare_parameter("angle_min")[m[K;
[5.720s]       |   [01;36m[K~~~~~~~~~~~~~~~~~~~~~~~^~~~~~~~~~~~~[m[K
[5.721s] [01m[K/opt/ros/jazzy/include/rclcpp/rclcpp/node.hpp:513:3:[m[K [01;36m[Knote: [m[Kcandidate: â€˜[01m[Ktemplate<class ParameterT> auto rclcpp::Node::[01;32m[Kdeclare_parameter[m[K(const std::string&, const rcl_interfaces::msg::ParameterDescriptor&, bool)[m[Kâ€™
[5.721s]   513 |   [01;36m[Kdeclare_parameter[m[K(
[5.721s]       |   [01;36m[K^~~~~~~~~~~~~~~~~[m[K
[5.721s] [01m[K/opt/ros/jazzy/include/rclcpp/rclcpp/node.hpp:513:3:[m[K [01;36m[Knote: [m[K  template argument deduction/substitution failed:
[5.721s] [01m[K/home/terry/robot_ws/src/ydlidar_ros2_driver/src/ydlidar_ros2_driver_node.cpp:140:26:[m[K [01;36m[Knote: [m[K  couldnâ€™t deduce template parameter â€˜[01m[KParameterT[m[Kâ€™
[5.721s]   140 |   [01;36m[Knode->declare_parameter("angle_min")[m[K;
[5.721s]       |   [01;36m[K~~~~~~~~~~~~~~~~~~~~~~~^~~~~~~~~~~~~[m[K
[5.721s] [01m[K/opt/ros/jazzy/include/rclcpp/rclcpp/node.hpp:445:3:[m[K [01;36m[Knote: [m[Kcandidate: â€˜[01m[Kconst rclcpp::ParameterValue& rclcpp::Node::[01;32m[Kdeclare_parameter[m[K(const std::string&, const rclcpp::ParameterValue&, const rcl_interfaces::msg::ParameterDescriptor&, bool)[m[Kâ€™
[5.721s]   445 |   [01;36m[Kdeclare_parameter[m[K(
[5.722s]       |   [01;36m[K^~~~~~~~~~~~~~~~~[m[K
[5.722s] [01m[K/opt/ros/jazzy/include/rclcpp/rclcpp/node.hpp:445:3:[m[K [01;36m[Knote: [m[K  candidate expects 4 arguments, 1 provided
[5.722s] [01m[K/opt/ros/jazzy/include/rclcpp/rclcpp/node.hpp:470:3:[m[K [01;36m[Knote: [m[Kcandidate: â€˜[01m[Kconst rclcpp::ParameterValue& rclcpp::Node::[01;32m[Kdeclare_parameter[m[K(const std::string&, rclcpp::ParameterType, const rcl_interfaces::msg::ParameterDescriptor&, bool)[m[Kâ€™
[5.722s]   470 |   [01;36m[Kdeclare_parameter[m[K(
[5.722s]       |   [01;36m[K^~~~~~~~~~~~~~~~~[m[K
[5.722s] [01m[K/opt/ros/jazzy/include/rclcpp/rclcpp/node.hpp:470:3:[m[K [01;36m[Knote: [m[K  candidate expects 4 arguments, 1 provided
[5.722s] [01m[K/home/terry/robot_ws/src/ydlidar_ros2_driver/src/ydlidar_ros2_driver_node.cpp:145:26:[m[K [01;31m[Kerror: [m[Kno matching function for call to â€˜[01m[Krclcpp::Node::declare_parameter(const char [10])[m[Kâ€™
[5.722s]   145 |   [01;31m[Knode->declare_parameter("range_max")[m[K;
[5.723s]       |   [01;31m[K~~~~~~~~~~~~~~~~~~~~~~~^~~~~~~~~~~~~[m[K
[5.723s] [01m[K/opt/ros/jazzy/include/rclcpp/rclcpp/node.hpp:500:3:[m[K [01;36m[Knote: [m[Kcandidate: â€˜[01m[Ktemplate<class ParameterT> auto rclcpp::Node::[01;32m[Kdeclare_parameter[m[K(const std::string&, const ParameterT&, const rcl_interfaces::msg::ParameterDescriptor&, bool)[m[Kâ€™
[5.723s]   500 |   [01;36m[Kdeclare_parameter[m[K(
[5.723s]       |   [01;36m[K^~~~~~~~~~~~~~~~~[m[K
[5.723s] [01m[K/opt/ros/jazzy/include/rclcpp/rclcpp/node.hpp:500:3:[m[K [01;36m[Knote: [m[K  template argument deduction/substitution failed:
[5.723s] [01m[K/home/terry/robot_ws/src/ydlidar_ros2_driver/src/ydlidar_ros2_driver_node.cpp:145:26:[m[K [01;36m[Knote: [m[K  candidate expects 4 arguments, 1 provided
[5.723s]   145 |   [01;36m[Knode->declare_parameter("range_max")[m[K;
[5.724s]       |   [01;36m[K~~~~~~~~~~~~~~~~~~~~~~~^~~~~~~~~~~~~[m[K
[5.724s] [01m[K/opt/ros/jazzy/include/rclcpp/rclcpp/node.hpp:513:3:[m[K [01;36m[Knote: [m[Kcandidate: â€˜[01m[Ktemplate<class ParameterT> auto rclcpp::Node::[01;32m[Kdeclare_parameter[m[K(const std::string&, const rcl_interfaces::msg::ParameterDescriptor&, bool)[m[Kâ€™
[5.724s]   513 |   [01;36m[Kdeclare_parameter[m[K(
[5.724s]       |   [01;36m[K^~~~~~~~~~~~~~~~~[m[K
[5.724s] [01m[K/opt/ros/jazzy/include/rclcpp/rclcpp/node.hpp:513:3:[m[K [01;36m[Knote: [m[K  template argument deduction/substitution failed:
[5.724s] [01m[K/home/terry/robot_ws/src/ydlidar_ros2_driver/src/ydlidar_ros2_driver_node.cpp:145:26:[m[K [01;36m[Knote: [m[K  couldnâ€™t deduce template parameter â€˜[01m[KParameterT[m[Kâ€™
[5.724s]   145 |   [01;36m[Knode->declare_parameter("range_max")[m[K;
[5.724s]       |   [01;36m[K~~~~~~~~~~~~~~~~~~~~~~~^~~~~~~~~~~~~[m[K
[5.724s] [01m[K/opt/ros/jazzy/include/rclcpp/rclcpp/node.hpp:445:3:[m[K [01;36m[Knote: [m[Kcandidate: â€˜[01m[Kconst rclcpp::ParameterValue& rclcpp::Node::[01;32m[Kdeclare_parameter[m[K(const std::string&, const rclcpp::ParameterValue&, const rcl_interfaces::msg::ParameterDescriptor&, bool)[m[Kâ€™
[5.725s]   445 |   [01;36m[Kdeclare_parameter[m[K(
[5.725s]       |   [01;36m[K^~~~~~~~~~~~~~~~~[m[K
[5.725s] [01m[K/opt/ros/jazzy/include/rclcpp/rclcpp/node.hpp:445:3:[m[K [01;36m[Knote: [m[K  candidate expects 4 arguments, 1 provided
[5.725s] [01m[K/opt/ros/jazzy/include/rclcpp/rclcpp/node.hpp:470:3:[m[K [01;36m[Knote: [m[Kcandidate: â€˜[01m[Kconst rclcpp::ParameterValue& rclcpp::Node::[01;32m[Kdeclare_parameter[m[K(const std::string&, rclcpp::ParameterType, const rcl_interfaces::msg::ParameterDescriptor&, bool)[m[Kâ€™
[5.725s]   470 |   [01;36m[Kdeclare_parameter[m[K(
[5.725s]       |   [01;36m[K^~~~~~~~~~~~~~~~~[m[K
[5.725s] [01m[K/opt/ros/jazzy/include/rclcpp/rclcpp/node.hpp:470:3:[m[K [01;36m[Knote: [m[K  candidate expects 4 arguments, 1 provided
[5.725s] [01m[K/home/terry/robot_ws/src/ydlidar_ros2_driver/src/ydlidar_ros2_driver_node.cpp:149:26:[m[K [01;31m[Kerror: [m[Kno matching function for call to â€˜[01m[Krclcpp::Node::declare_parameter(const char [10])[m[Kâ€™
[5.726s]   149 |   [01;31m[Knode->declare_parameter("range_min")[m[K;
[5.726s]       |   [01;31m[K~~~~~~~~~~~~~~~~~~~~~~~^~~~~~~~~~~~~[m[K
[5.726s] [01m[K/opt/ros/jazzy/include/rclcpp/rclcpp/node.hpp:500:3:[m[K [01;36m[Knote: [m[Kcandidate: â€˜[01m[Ktemplate<class ParameterT> auto rclcpp::Node::[01;32m[Kdeclare_parameter[m[K(const std::string&, const ParameterT&, const rcl_interfaces::msg::ParameterDescriptor&, bool)[m[Kâ€™
[5.726s]   500 |   [01;36m[Kdeclare_parameter[m[K(
[5.726s]       |   [01;36m[K^~~~~~~~~~~~~~~~~[m[K
[5.726s] [01m[K/opt/ros/jazzy/include/rclcpp/rclcpp/node.hpp:500:3:[m[K [01;36m[Knote: [m[K  template argument deduction/substitution failed:
[5.726s] [01m[K/home/terry/robot_ws/src/ydlidar_ros2_driver/src/ydlidar_ros2_driver_node.cpp:149:26:[m[K [01;36m[Knote: [m[K  candidate expects 4 arguments, 1 provided
[5.726s]   149 |   [01;36m[Knode->declare_parameter("range_min")[m[K;
[5.726s]       |   [01;36m[K~~~~~~~~~~~~~~~~~~~~~~~^~~~~~~~~~~~~[m[K
[5.726s] [01m[K/opt/ros/jazzy/include/rclcpp/rclcpp/node.hpp:513:3:[m[K [01;36m[Knote: [m[Kcandidate: â€˜[01m[Ktemplate<class ParameterT> auto rclcpp::Node::[01;32m[Kdeclare_parameter[m[K(const std::string&, const rcl_interfaces::msg::ParameterDescriptor&, bool)[m[Kâ€™
[5.727s]   513 |   [01;36m[Kdeclare_parameter[m[K(
[5.727s]       |   [01;36m[K^~~~~~~~~~~~~~~~~[m[K
[5.727s] [01m[K/opt/ros/jazzy/include/rclcpp/rclcpp/node.hpp:513:3:[m[K [01;36m[Knote: [m[K  template argument deduction/substitution failed:
[5.727s] [01m[K/home/terry/robot_ws/src/ydlidar_ros2_driver/src/ydlidar_ros2_driver_node.cpp:149:26:[m[K [01;36m[Knote: [m[K  couldnâ€™t deduce template parameter â€˜[01m[KParameterT[m[Kâ€™
[5.727s]   149 |   [01;36m[Knode->declare_parameter("range_min")[m[K;
[5.727s]       |   [01;36m[K~~~~~~~~~~~~~~~~~~~~~~~^~~~~~~~~~~~~[m[K
[5.727s] [01m[K/opt/ros/jazzy/include/rclcpp/rclcpp/node.hpp:445:3:[m[K [01;36m[Knote: [m[Kcandidate: â€˜[01m[Kconst rclcpp::ParameterValue& rclcpp::Node::[01;32m[Kdeclare_parameter[m[K(const std::string&, const rclcpp::ParameterValue&, const rcl_interfaces::msg::ParameterDescriptor&, bool)[m[Kâ€™
[5.727s]   445 |   [01;36m[Kdeclare_parameter[m[K(
[5.727s]       |   [01;36m[K^~~~~~~~~~~~~~~~~[m[K
[5.727s] [01m[K/opt/ros/jazzy/include/rclcpp/rclcpp/node.hpp:445:3:[m[K [01;36m[Knote: [m[K  candidate expects 4 arguments, 1 provided
[5.727s] [01m[K/opt/ros/jazzy/include/rclcpp/rclcpp/node.hpp:470:3:[m[K [01;36m[Knote: [m[Kcandidate: â€˜[01m[Kconst rclcpp::ParameterValue& rclcpp::Node::[01;32m[Kdeclare_parameter[m[K(const std::string&, rclcpp::ParameterType, const rcl_interfaces::msg::ParameterDescriptor&, bool)[m[Kâ€™
[5.728s]   470 |   [01;36m[Kdeclare_parameter[m[K(
[5.728s]       |   [01;36m[K^~~~~~~~~~~~~~~~~[m[K
[5.728s] [01m[K/opt/ros/jazzy/include/rclcpp/rclcpp/node.hpp:470:3:[m[K [01;36m[Knote: [m[K  candidate expects 4 arguments, 1 provided
[5.728s] [01m[K/home/terry/robot_ws/src/ydlidar_ros2_driver/src/ydlidar_ros2_driver_node.cpp:154:26:[m[K [01;31m[Kerror: [m[Kno matching function for call to â€˜[01m[Krclcpp::Node::declare_parameter(const char [10])[m[Kâ€™
[5.728s]   154 |   [01;31m[Knode->declare_parameter("frequency")[m[K;
[5.728s]       |   [01;31m[K~~~~~~~~~~~~~~~~~~~~~~~^~~~~~~~~~~~~[m[K
[5.728s] [01m[K/opt/ros/jazzy/include/rclcpp/rclcpp/node.hpp:500:3:[m[K [01;36m[Knote: [m[Kcandidate: â€˜[01m[Ktemplate<class ParameterT> auto rclcpp::Node::[01;32m[Kdeclare_parameter[m[K(const std::string&, const ParameterT&, const rcl_interfaces::msg::ParameterDescriptor&, bool)[m[Kâ€™
[5.728s]   500 |   [01;36m[Kdeclare_parameter[m[K(
[5.728s]       |   [01;36m[K^~~~~~~~~~~~~~~~~[m[K
[5.729s] [01m[K/opt/ros/jazzy/include/rclcpp/rclcpp/node.hpp:500:3:[m[K [01;36m[Knote: [m[K  template argument deduction/substitution failed:
[5.729s] [01m[K/home/terry/robot_ws/src/ydlidar_ros2_driver/src/ydlidar_ros2_driver_node.cpp:154:26:[m[K [01;36m[Knote: [m[K  candidate expects 4 arguments, 1 provided
[5.729s]   154 |   [01;36m[Knode->declare_parameter("frequency")[m[K;
[5.729s]       |   [01;36m[K~~~~~~~~~~~~~~~~~~~~~~~^~~~~~~~~~~~~[m[K
[5.729s] [01m[K/opt/ros/jazzy/include/rclcpp/rclcpp/node.hpp:513:3:[m[K [01;36m[Knote: [m[Kcandidate: â€˜[01m[Ktemplate<class ParameterT> auto rclcpp::Node::[01;32m[Kdeclare_parameter[m[K(const std::string&, const rcl_interfaces::msg::ParameterDescriptor&, bool)[m[Kâ€™
[5.729s]   513 |   [01;36m[Kdeclare_parameter[m[K(
[5.729s]       |   [01;36m[K^~~~~~~~~~~~~~~~~[m[K
[5.729s] [01m[K/opt/ros/jazzy/include/rclcpp/rclcpp/node.hpp:513:3:[m[K [01;36m[Knote: [m[K  template argument deduction/substitution failed:
[5.729s] [01m[K/home/terry/robot_ws/src/ydlidar_ros2_driver/src/ydlidar_ros2_driver_node.cpp:154:26:[m[K [01;36m[Knote: [m[K  couldnâ€™t deduce template parameter â€˜[01m[KParameterT[m[Kâ€™
[5.729s]   154 |   [01;36m[Knode->declare_parameter("frequency")[m[K;
[5.730s]       |   [01;36m[K~~~~~~~~~~~~~~~~~~~~~~~^~~~~~~~~~~~~[m[K
[5.730s] [01m[K/opt/ros/jazzy/include/rclcpp/rclcpp/node.hpp:445:3:[m[K [01;36m[Knote: [m[Kcandidate: â€˜[01m[Kconst rclcpp::ParameterValue& rclcpp::Node::[01;32m[Kdeclare_parameter[m[K(const std::string&, const rclcpp::ParameterValue&, const rcl_interfaces::msg::ParameterDescriptor&, bool)[m[Kâ€™
[5.730s]   445 |   [01;36m[Kdeclare_parameter[m[K(
[5.730s]       |   [01;36m[K^~~~~~~~~~~~~~~~~[m[K
[5.730s] [01m[K/opt/ros/jazzy/include/rclcpp/rclcpp/node.hpp:445:3:[m[K [01;36m[Knote: [m[K  candidate expects 4 arguments, 1 provided
[5.730s] [01m[K/opt/ros/jazzy/include/rclcpp/rclcpp/node.hpp:470:3:[m[K [01;36m[Knote: [m[Kcandidate: â€˜[01m[Kconst rclcpp::ParameterValue& rclcpp::Node::[01;32m[Kdeclare_parameter[m[K(const std::string&, rclcpp::ParameterType, const rcl_interfaces::msg::ParameterDescriptor&, bool)[m[Kâ€™
[5.730s]   470 |   [01;36m[Kdeclare_parameter[m[K(
[5.730s]       |   [01;36m[K^~~~~~~~~~~~~~~~~[m[K
[5.730s] [01m[K/opt/ros/jazzy/include/rclcpp/rclcpp/node.hpp:470:3:[m[K [01;36m[Knote: [m[K  candidate expects 4 arguments, 1 provided
[5.730s] [01m[K/home/terry/robot_ws/src/ydlidar_ros2_driver/src/ydlidar_ros2_driver_node.cpp:159:26:[m[K [01;31m[Kerror: [m[Kno matching function for call to â€˜[01m[Krclcpp::Node::declare_parameter(const char [21])[m[Kâ€™
[5.731s]   159 |   [01;31m[Knode->declare_parameter("invalid_range_is_inf")[m[K;
[5.731s]       |   [01;31m[K~~~~~~~~~~~~~~~~~~~~~~~^~~~~~~~~~~~~~~~~~~~~~~~[m[K
[5.731s] [01m[K/opt/ros/jazzy/include/rclcpp/rclcpp/node.hpp:500:3:[m[K [01;36m[Knote: [m[Kcandidate: â€˜[01m[Ktemplate<class ParameterT> auto rclcpp::Node::[01;32m[Kdeclare_parameter[m[K(const std::string&, const ParameterT&, const rcl_interfaces::msg::ParameterDescriptor&, bool)[m[Kâ€™
[5.731s]   500 |   [01;36m[Kdeclare_parameter[m[K(
[5.731s]       |   [01;36m[K^~~~~~~~~~~~~~~~~[m[K
[5.731s] [01m[K/opt/ros/jazzy/include/rclcpp/rclcpp/node.hpp:500:3:[m[K [01;36m[Knote: [m[K  template argument deduction/substitution failed:
[5.731s] [01m[K/home/terry/robot_ws/src/ydlidar_ros2_driver/src/ydlidar_ros2_driver_node.cpp:159:26:[m[K [01;36m[Knote: [m[K  candidate expects 4 arguments, 1 provided
[5.731s]   159 |   [01;36m[Knode->declare_parameter("invalid_range_is_inf")[m[K;
[5.731s]       |   [01;36m[K~~~~~~~~~~~~~~~~~~~~~~~^~~~~~~~~~~~~~~~~~~~~~~~[m[K
[5.732s] [01m[K/opt/ros/jazzy/include/rclcpp/rclcpp/node.hpp:513:3:[m[K [01;36m[Knote: [m[Kcandidate: â€˜[01m[Ktemplate<class ParameterT> auto rclcpp::Node::[01;32m[Kdeclare_parameter[m[K(const std::string&, const rcl_interfaces::msg::ParameterDescriptor&, bool)[m[Kâ€™
[5.732s]   513 |   [01;36m[Kdeclare_parameter[m[K(
[5.732s]       |   [01;36m[K^~~~~~~~~~~~~~~~~[m[K
[5.732s] [01m[K/opt/ros/jazzy/include/rclcpp/rclcpp/node.hpp:513:3:[m[K [01;36m[Knote: [m[K  template argument deduction/substitution failed:
[5.732s] [01m[K/home/terry/robot_ws/src/ydlidar_ros2_driver/src/ydlidar_ros2_driver_node.cpp:159:26:[m[K [01;36m[Knote: [m[K  couldnâ€™t deduce template parameter â€˜[01m[KParameterT[m[Kâ€™
[5.732s]   159 |   [01;36m[Knode->declare_parameter("invalid_range_is_inf")[m[K;
[5.732s]       |   [01;36m[K~~~~~~~~~~~~~~~~~~~~~~~^~~~~~~~~~~~~~~~~~~~~~~~[m[K
[5.732s] [01m[K/opt/ros/jazzy/include/rclcpp/rclcpp/node.hpp:445:3:[m[K [01;36m[Knote: [m[Kcandidate: â€˜[01m[Kconst rclcpp::ParameterValue& rclcpp::Node::[01;32m[Kdeclare_parameter[m[K(const std::string&, const rclcpp::ParameterValue&, const rcl_interfaces::msg::ParameterDescriptor&, bool)[m[Kâ€™
[5.732s]   445 |   [01;36m[Kdeclare_parameter[m[K(
[5.732s]       |   [01;36m[K^~~~~~~~~~~~~~~~~[m[K
[5.733s] [01m[K/opt/ros/jazzy/include/rclcpp/rclcpp/node.hpp:445:3:[m[K [01;36m[Knote: [m[K  candidate expects 4 arguments, 1 provided
[5.733s] [01m[K/opt/ros/jazzy/include/rclcpp/rclcpp/node.hpp:470:3:[m[K [01;36m[Knote: [m[Kcandidate: â€˜[01m[Kconst rclcpp::ParameterValue& rclcpp::Node::[01;32m[Kdeclare_parameter[m[K(const std::string&, rclcpp::ParameterType, const rcl_interfaces::msg::ParameterDescriptor&, bool)[m[Kâ€™
[5.733s]   470 |   [01;36m[Kdeclare_parameter[m[K(
[5.733s]       |   [01;36m[K^~~~~~~~~~~~~~~~~[m[K
[5.733s] [01m[K/opt/ros/jazzy/include/rclcpp/rclcpp/node.hpp:470:3:[m[K [01;36m[Knote: [m[K  candidate expects 4 arguments, 1 provided
[5.733s] [01m[K/home/terry/robot_ws/src/ydlidar_ros2_driver/src/ydlidar_ros2_driver_node.cpp:168:28:[m[K [01;31m[Kerror: [m[Kno matching function for call to â€˜[01m[Krclcpp::Node::declare_parameter(const char [8])[m[Kâ€™
[5.733s]   168 |     [01;31m[Knode->declare_parameter("m1_mode")[m[K;
[5.733s]       |     [01;31m[K~~~~~~~~~~~~~~~~~~~~~~~^~~~~~~~~~~[m[K
[5.733s] [01m[K/opt/ros/jazzy/include/rclcpp/rclcpp/node.hpp:500:3:[m[K [01;36m[Knote: [m[Kcandidate: â€˜[01m[Ktemplate<class ParameterT> auto rclcpp::Node::[01;32m[Kdeclare_parameter[m[K(const std::string&, const ParameterT&, const rcl_interfaces::msg::ParameterDescriptor&, bool)[m[Kâ€™
[5.733s]   500 |   [01;36m[Kdeclare_parameter[m[K(
[5.733s]       |   [01;36m[K^~~~~~~~~~~~~~~~~[m[K
[5.734s] [01m[K/opt/ros/jazzy/include/rclcpp/rclcpp/node.hpp:500:3:[m[K [01;36m[Knote: [m[K  template argument deduction/substitution failed:
[5.734s] [01m[K/home/terry/robot_ws/src/ydlidar_ros2_driver/src/ydlidar_ros2_driver_node.cpp:168:28:[m[K [01;36m[Knote: [m[K  candidate expects 4 arguments, 1 provided
[5.734s]   168 |     [01;36m[Knode->declare_parameter("m1_mode")[m[K;
[5.734s]       |     [01;36m[K~~~~~~~~~~~~~~~~~~~~~~~^~~~~~~~~~~[m[K
[5.734s] [01m[K/opt/ros/jazzy/include/rclcpp/rclcpp/node.hpp:513:3:[m[K [01;36m[Knote: [m[Kcandidate: â€˜[01m[Ktemplate<class ParameterT> auto rclcpp::Node::[01;32m[Kdeclare_parameter[m[K(const std::string&, const rcl_interfaces::msg::ParameterDescriptor&, bool)[m[Kâ€™
[5.734s]   513 |   [01;36m[Kdeclare_parameter[m[K(
[5.734s]       |   [01;36m[K^~~~~~~~~~~~~~~~~[m[K
[5.734s] [01m[K/opt/ros/jazzy/include/rclcpp/rclcpp/node.hpp:513:3:[m[K [01;36m[Knote: [m[K  template argument deduction/substitution failed:
[5.734s] [01m[K/home/terry/robot_ws/src/ydlidar_ros2_driver/src/ydlidar_ros2_driver_node.cpp:168:28:[m[K [01;36m[Knote: [m[K  couldnâ€™t deduce template parameter â€˜[01m[KParameterT[m[Kâ€™
[5.735s]   168 |     [01;36m[Knode->declare_parameter("m1_mode")[m[K;
[5.735s]       |     [01;36m[K~~~~~~~~~~~~~~~~~~~~~~~^~~~~~~~~~~[m[K
[5.735s] [01m[K/opt/ros/jazzy/include/rclcpp/rclcpp/node.hpp:445:3:[m[K [01;36m[Knote: [m[Kcandidate: â€˜[01m[Kconst rclcpp::ParameterValue& rclcpp::Node::[01;32m[Kdeclare_parameter[m[K(const std::string&, const rclcpp::ParameterValue&, const rcl_interfaces::msg::ParameterDescriptor&, bool)[m[Kâ€™
[5.735s]   445 |   [01;36m[Kdeclare_parameter[m[K(
[5.735s]       |   [01;36m[K^~~~~~~~~~~~~~~~~[m[K
[5.735s] [01m[K/opt/ros/jazzy/include/rclcpp/rclcpp/node.hpp:445:3:[m[K [01;36m[Knote: [m[K  candidate expects 4 arguments, 1 provided
[5.735s] [01m[K/opt/ros/jazzy/include/rclcpp/rclcpp/node.hpp:470:3:[m[K [01;36m[Knote: [m[Kcandidate: â€˜[01m[Kconst rclcpp::ParameterValue& rclcpp::Node::[01;32m[Kdeclare_parameter[m[K(const std::string&, rclcpp::ParameterType, const rcl_interfaces::msg::ParameterDescriptor&, bool)[m[Kâ€™
[5.735s]   470 |   [01;36m[Kdeclare_parameter[m[K(
[5.735s]       |   [01;36m[K^~~~~~~~~~~~~~~~~[m[K
[5.735s] [01m[K/opt/ros/jazzy/include/rclcpp/rclcpp/node.hpp:470:3:[m[K [01;36m[Knote: [m[K  candidate expects 4 arguments, 1 provided
[5.735s] [01m[K/home/terry/robot_ws/src/ydlidar_ros2_driver/src/ydlidar_ros2_driver_node.cpp:172:28:[m[K [01;31m[Kerror: [m[Kno matching function for call to â€˜[01m[Krclcpp::Node::declare_parameter(const char [8])[m[Kâ€™
[5.736s]   172 |     [01;31m[Knode->declare_parameter("m2_mode")[m[K;
[5.736s]       |     [01;31m[K~~~~~~~~~~~~~~~~~~~~~~~^~~~~~~~~~~[m[K
[5.736s] [01m[K/opt/ros/jazzy/include/rclcpp/rclcpp/node.hpp:500:3:[m[K [01;36m[Knote: [m[Kcandidate: â€˜[01m[Ktemplate<class ParameterT> auto rclcpp::Node::[01;32m[Kdeclare_parameter[m[K(const std::string&, const ParameterT&, const rcl_interfaces::msg::ParameterDescriptor&, bool)[m[Kâ€™
[5.736s]   500 |   [01;36m[Kdeclare_parameter[m[K(
[5.736s]       |   [01;36m[K^~~~~~~~~~~~~~~~~[m[K
[5.736s] [01m[K/opt/ros/jazzy/include/rclcpp/rclcpp/node.hpp:500:3:[m[K [01;36m[Knote: [m[K  template argument deduction/substitution failed:
[5.736s] [01m[K/home/terry/robot_ws/src/ydlidar_ros2_driver/src/ydlidar_ros2_driver_node.cpp:172:28:[m[K [01;36m[Knote: [m[K  candidate expects 4 arguments, 1 provided
[5.736s]   172 |     [01;36m[Knode->declare_parameter("m2_mode")[m[K;
[5.736s]       |     [01;36m[K~~~~~~~~~~~~~~~~~~~~~~~^~~~~~~~~~~[m[K
[5.736s] [01m[K/opt/ros/jazzy/include/rclcpp/rclcpp/node.hpp:513:3:[m[K [01;36m[Knote: [m[Kcandidate: â€˜[01m[Ktemplate<class ParameterT> auto rclcpp::Node::[01;32m[Kdeclare_parameter[m[K(const std::string&, const rcl_interfaces::msg::ParameterDescriptor&, bool)[m[Kâ€™
[5.736s]   513 |   [01;36m[Kdeclare_parameter[m[K(
[5.737s]       |   [01;36m[K^~~~~~~~~~~~~~~~~[m[K
[5.737s] [01m[K/opt/ros/jazzy/include/rclcpp/rclcpp/node.hpp:513:3:[m[K [01;36m[Knote: [m[K  template argument deduction/substitution failed:
[5.737s] [01m[K/home/terry/robot_ws/src/ydlidar_ros2_driver/src/ydlidar_ros2_driver_node.cpp:172:28:[m[K [01;36m[Knote: [m[K  couldnâ€™t deduce template parameter â€˜[01m[KParameterT[m[Kâ€™
[5.737s]   172 |     [01;36m[Knode->declare_parameter("m2_mode")[m[K;
[5.737s]       |     [01;36m[K~~~~~~~~~~~~~~~~~~~~~~~^~~~~~~~~~~[m[K
[5.737s] [01m[K/opt/ros/jazzy/include/rclcpp/rclcpp/node.hpp:445:3:[m[K [01;36m[Knote: [m[Kcandidate: â€˜[01m[Kconst rclcpp::ParameterValue& rclcpp::Node::[01;32m[Kdeclare_parameter[m[K(const std::string&, const rclcpp::ParameterValue&, const rcl_interfaces::msg::ParameterDescriptor&, bool)[m[Kâ€™
[5.737s]   445 |   [01;36m[Kdeclare_parameter[m[K(
[5.737s]       |   [01;36m[K^~~~~~~~~~~~~~~~~[m[K
[5.737s] [01m[K/opt/ros/jazzy/include/rclcpp/rclcpp/node.hpp:445:3:[m[K [01;36m[Knote: [m[K  candidate expects 4 arguments, 1 provided
[5.738s] [01m[K/opt/ros/jazzy/include/rclcpp/rclcpp/node.hpp:470:3:[m[K [01;36m[Knote: [m[Kcandidate: â€˜[01m[Kconst rclcpp::ParameterValue& rclcpp::Node::[01;32m[Kdeclare_parameter[m[K(const std::string&, rclcpp::ParameterType, const rcl_interfaces::msg::ParameterDescriptor&, bool)[m[Kâ€™
[5.738s]   470 |   [01;36m[Kdeclare_parameter[m[K(
[5.738s]       |   [01;36m[K^~~~~~~~~~~~~~~~~[m[K
[5.738s] [01m[K/opt/ros/jazzy/include/rclcpp/rclcpp/node.hpp:470:3:[m[K [01;36m[Knote: [m[K  candidate expects 4 arguments, 1 provided
[5.738s] [01m[K/home/terry/robot_ws/src/ydlidar_ros2_driver/src/ydlidar_ros2_driver_node.cpp:176:28:[m[K [01;31m[Kerror: [m[Kno matching function for call to â€˜[01m[Krclcpp::Node::declare_parameter(const char [8])[m[Kâ€™
[5.738s]   176 |     [01;31m[Knode->declare_parameter("m3_mode")[m[K;
[5.738s]       |     [01;31m[K~~~~~~~~~~~~~~~~~~~~~~~^~~~~~~~~~~[m[K
[5.738s] [01m[K/opt/ros/jazzy/include/rclcpp/rclcpp/node.hpp:500:3:[m[K [01;36m[Knote: [m[Kcandidate: â€˜[01m[Ktemplate<class ParameterT> auto rclcpp::Node::[01;32m[Kdeclare_parameter[m[K(const std::string&, const ParameterT&, const rcl_interfaces::msg::ParameterDescriptor&, bool)[m[Kâ€™
[5.738s]   500 |   [01;36m[Kdeclare_parameter[m[K(
[5.738s]       |   [01;36m[K^~~~~~~~~~~~~~~~~[m[K
[5.738s] [01m[K/opt/ros/jazzy/include/rclcpp/rclcpp/node.hpp:500:3:[m[K [01;36m[Knote: [m[K  template argument deduction/substitution failed:
[5.739s] [01m[K/home/terry/robot_ws/src/ydlidar_ros2_driver/src/ydlidar_ros2_driver_node.cpp:176:28:[m[K [01;36m[Knote: [m[K  candidate expects 4 arguments, 1 provided
[5.739s]   176 |     [01;36m[Knode->declare_parameter("m3_mode")[m[K;
[5.739s]       |     [01;36m[K~~~~~~~~~~~~~~~~~~~~~~~^~~~~~~~~~~[m[K
[5.739s] [01m[K/opt/ros/jazzy/include/rclcpp/rclcpp/node.hpp:513:3:[m[K [01;36m[Knote: [m[Kcandidate: â€˜[01m[Ktemplate<class ParameterT> auto rclcpp::Node::[01;32m[Kdeclare_parameter[m[K(const std::string&, const rcl_interfaces::msg::ParameterDescriptor&, bool)[m[Kâ€™
[5.739s]   513 |   [01;36m[Kdeclare_parameter[m[K(
[5.739s]       |   [01;36m[K^~~~~~~~~~~~~~~~~[m[K
[5.739s] [01m[K/opt/ros/jazzy/include/rclcpp/rclcpp/node.hpp:513:3:[m[K [01;36m[Knote: [m[K  template argument deduction/substitution failed:
[5.739s] [01m[K/home/terry/robot_ws/src/ydlidar_ros2_driver/src/ydlidar_ros2_driver_node.cpp:176:28:[m[K [01;36m[Knote: [m[K  couldnâ€™t deduce template parameter â€˜[01m[KParameterT[m[Kâ€™
[5.739s]   176 |     [01;36m[Knode->declare_parameter("m3_mode")[m[K;
[5.739s]       |     [01;36m[K~~~~~~~~~~~~~~~~~~~~~~~^~~~~~~~~~~[m[K
[5.740s] [01m[K/opt/ros/jazzy/include/rclcpp/rclcpp/node.hpp:445:3:[m[K [01;36m[Knote: [m[Kcandidate: â€˜[01m[Kconst rclcpp::ParameterValue& rclcpp::Node::[01;32m[Kdeclare_parameter[m[K(const std::string&, const rclcpp::ParameterValue&, const rcl_interfaces::msg::ParameterDescriptor&, bool)[m[Kâ€™
[5.740s]   445 |   [01;36m[Kdeclare_parameter[m[K(
[5.740s]       |   [01;36m[K^~~~~~~~~~~~~~~~~[m[K
[5.740s] [01m[K/opt/ros/jazzy/include/rclcpp/rclcpp/node.hpp:445:3:[m[K [01;36m[Knote: [m[K  candidate expects 4 arguments, 1 provided
[5.740s] [01m[K/opt/ros/jazzy/include/rclcpp/rclcpp/node.hpp:470:3:[m[K [01;36m[Knote: [m[Kcandidate: â€˜[01m[Kconst rclcpp::ParameterValue& rclcpp::Node::[01;32m[Kdeclare_parameter[m[K(const std::string&, rclcpp::ParameterType, const rcl_interfaces::msg::ParameterDescriptor&, bool)[m[Kâ€™
[5.740s]   470 |   [01;36m[Kdeclare_parameter[m[K(
[5.740s]       |   [01;36m[K^~~~~~~~~~~~~~~~~[m[K
[5.740s] [01m[K/opt/ros/jazzy/include/rclcpp/rclcpp/node.hpp:470:3:[m[K [01;36m[Knote: [m[K  candidate expects 4 arguments, 1 provided
[5.740s] [01m[K/home/terry/robot_ws/src/ydlidar_ros2_driver/src/ydlidar_ros2_driver_node.cpp:[m[K In lambda function:
[5.741s] [01m[K/home/terry/robot_ws/src/ydlidar_ros2_driver/src/ydlidar_ros2_driver_node.cpp:190:54:[m[K [01;35m[Kwarning: [m[Kunused parameter â€˜[01m[Krequest_header[m[Kâ€™ [[01;35m[K]8;;https://gcc.gnu.org/onlinedocs/gcc/Warning-Options.html#index-Wunused-parameter-Wunused-parameter]8;;[m[K]
[5.741s]   190 |     [&laser]([01;35m[Kconst std::shared_ptr<rmw_request_id_t> request_header[m[K,
[5.741s]       |              [01;35m[K~~~~~~~~~~~~~~~~~~~~~~~~~~~~~~~~~~~~~~~~^~~~~~~~~~~~~~[m[K
[5.741s] [01m[K/home/terry/robot_ws/src/ydlidar_ros2_driver/src/ydlidar_ros2_driver_node.cpp:191:56:[m[K [01;35m[Kwarning: [m[Kunused parameter â€˜[01m[Kreq[m[Kâ€™ [[01;35m[K]8;;https://gcc.gnu.org/onlinedocs/gcc/Warning-Options.html#index-Wunused-parameter-Wunused-parameter]8;;[m[K]
[5.741s]   191 |   [01;35m[Kconst std::shared_ptr<std_srvs::srv::Empty::Request> req[m[K,
[5.741s]       |   [01;35m[K~~~~~~~~~~~~~~~~~~~~~~~~~~~~~~~~~~~~~~~~~~~~~~~~~~~~~^~~[m[K
[5.741s] [01m[K/home/terry/robot_ws/src/ydlidar_ros2_driver/src/ydlidar_ros2_driver_node.cpp:192:51:[m[K [01;35m[Kwarning: [m[Kunused parameter â€˜[01m[Kresponse[m[Kâ€™ [[01;35m[K]8;;https://gcc.gnu.org/onlinedocs/gcc/Warning-Options.html#index-Wunused-parameter-Wunused-parameter]8;;[m[K]
[5.741s]   192 |   [01;35m[Kstd::shared_ptr<std_srvs::srv::Empty::Response> response[m[K) -> bool
[5.741s]       |   [01;35m[K~~~~~~~~~~~~~~~~~~~~~~~~~~~~~~~~~~~~~~~~~~~~~~~~^~~~~~~~[m[K
[5.742s] [01m[K/home/terry/robot_ws/src/ydlidar_ros2_driver/src/ydlidar_ros2_driver_node.cpp:[m[K In lambda function:
[5.742s] [01m[K/home/terry/robot_ws/src/ydlidar_ros2_driver/src/ydlidar_ros2_driver_node.cpp:200:54:[m[K [01;35m[Kwarning: [m[Kunused parameter â€˜[01m[Krequest_header[m[Kâ€™ [[01;35m[K]8;;https://gcc.gnu.org/onlinedocs/gcc/Warning-Options.html#index-Wunused-parameter-Wunused-parameter]8;;[m[K]
[5.742s]   200 |     [&laser]([01;35m[Kconst std::shared_ptr<rmw_request_id_t> request_header[m[K,
[5.742s]       |              [01;35m[K~~~~~~~~~~~~~~~~~~~~~~~~~~~~~~~~~~~~~~~~^~~~~~~~~~~~~~[m[K
[5.742s] [01m[K/home/terry/robot_ws/src/ydlidar_ros2_driver/src/ydlidar_ros2_driver_node.cpp:201:56:[m[K [01;35m[Kwarning: [m[Kunused parameter â€˜[01m[Kreq[m[Kâ€™ [[01;35m[K]8;;https://gcc.gnu.org/onlinedocs/gcc/Warning-Options.html#index-Wunused-parameter-Wunused-parameter]8;;[m[K]
[5.742s]   201 |   [01;35m[Kconst std::shared_ptr<std_srvs::srv::Empty::Request> req[m[K,
[5.742s]       |   [01;35m[K~~~~~~~~~~~~~~~~~~~~~~~~~~~~~~~~~~~~~~~~~~~~~~~~~~~~~^~~[m[K
[5.742s] [01m[K/home/terry/robot_ws/src/ydlidar_ros2_driver/src/ydlidar_ros2_driver_node.cpp:202:51:[m[K [01;35m[Kwarning: [m[Kunused parameter â€˜[01m[Kresponse[m[Kâ€™ [[01;35m[K]8;;https://gcc.gnu.org/onlinedocs/gcc/Warning-Options.html#index-Wunused-parameter-Wunused-parameter]8;;[m[K]
[5.742s]   202 |   [01;35m[Kstd::shared_ptr<std_srvs::srv::Empty::Response> response[m[K) -> bool
[5.742s]       |   [01;35m[K~~~~~~~~~~~~~~~~~~~~~~~~~~~~~~~~~~~~~~~~~~~~~~~~^~~~~~~~[m[K
[5.743s] [01m[K/home/terry/robot_ws/src/ydlidar_ros2_driver/src/ydlidar_ros2_driver_node.cpp:[m[K In function â€˜[01m[Kint[01;32m[K main[m[K(int, char**)[m[Kâ€™:
[5.743s] [01m[K/home/terry/robot_ws/src/ydlidar_ros2_driver/src/ydlidar_ros2_driver_node.cpp:235:21:[m[K [01;35m[Kwarning: [m[Kunused variable â€˜[01m[Kp[m[Kâ€™ [[01;35m[K]8;;https://gcc.gnu.org/onlinedocs/gcc/Warning-Options.html#index-Wunused-variable-Wunused-variable]8;;[m[K]
[5.743s]   235 |         const auto& [01;35m[Kp[m[K = scan.points.at(i);
[5.743s]       |                     [01;35m[K^[m[K
[8.092s] gmake[2]: *** [CMakeFiles/ydlidar_ros2_driver_node.dir/build.make:76: CMakeFiles/ydlidar_ros2_driver_node.dir/src/ydlidar_ros2_driver_node.cpp.o] Error 1
[8.093s] gmake[1]: *** [CMakeFiles/Makefile2:139: CMakeFiles/ydlidar_ros2_driver_node.dir/all] Error 2
[8.093s] gmake[1]: *** Waiting for unfinished jobs....
[13.693s] [ 75%] [32m[1mLinking CXX executable ydlidar_ros2_driver_client[0m
[14.420s] [ 75%] Built target ydlidar_ros2_driver_client
[14.423s] gmake: *** [Makefile:146: all] Error 2
[14.427s] Invoked command in '/home/terry/robot_ws/src/build/ydlidar_ros2_driver' returned '2': CMAKE_PREFIX_PATH=${CMAKE_PREFIX_PATH}:/home/terry/robot_ws/install/serial_motor_demo:/opt/ros/jazzy DEBUGINFOD_URLS=https://debuginfod.ubuntu.com /usr/bin/cmake --build /home/terry/robot_ws/src/build/ydlidar_ros2_driver -- -j4 -l4
